[  652075ms] [INFO] %cDownload the React DevTools for a better development experience: https://react.dev/link/react-devtools font-weight:bold @ http://localhost:5173/node_modules/.vite/deps/react-dom_client.js?v=0b2f40ba:20356
[  652406ms] The requested module '/src/data/fcs/fcs-route-links.ts?t=1778485236158' does not provide an export named 'buildTaskTransferCardPrintLink'
[  817216ms] [INFO] %cDownload the React DevTools for a better development experience: https://react.dev/link/react-devtools font-weight:bold @ http://localhost:5173/node_modules/.vite/deps/react-dom_client.js?v=0b2f40ba:20356
[  818256ms] TypeError: Cannot read properties of undefined (reading 'length')
    at http://localhost:5173/src/pages/process-factory/post-finishing/warehouse.ts?t=1778552597844:122:86
    at Array.reduce (<anonymous>)
    at renderPostWarehouseSummary (http://localhost:5173/src/pages/process-factory/post-finishing/warehouse.ts?t=1778552597844:122:33)
    at renderPostWarehousePage (http://localhost:5173/src/pages/process-factory/post-finishing/warehouse.ts?t=1778552597844:335:9)
    at renderPostFinishingWaitHandoverWarehousePage (http://localhost:5173/src/pages/process-factory/post-finishing/warehouse.ts?t=1778552597844:349:10)
    at http://localhost:5173/src/router/route-renderers-fcs.ts?t=1778552597844:15:12
    at async resolvePage (http://localhost:5173/src/router/routes.ts?t=1778552597844:119:28)
    at async render (http://localhost:5173/src/main.ts?t=1778552597844:274:23)
[ 1269381ms] [INFO] %cDownload the React DevTools for a better development experience: https://react.dev/link/react-devtools font-weight:bold @ http://localhost:5173/node_modules/.vite/deps/react-dom_client.js?v=0b2f40ba:20356
[ 1270474ms] TypeError: Cannot read properties of undefined (reading 'pageSize')
    at paginatePostRows (http://localhost:5173/src/pages/process-factory/post-finishing/shared.ts?t=1778551508792:83:28)
    at renderInventoryTable (http://localhost:5173/src/pages/process-factory/post-finishing/warehouse.ts?t=1778553049799:144:22)
    at renderActiveTab (http://localhost:5173/src/pages/process-factory/post-finishing/warehouse.ts?t=1778553049799:321:41)
    at renderPostWarehousePage (http://localhost:5173/src/pages/process-factory/post-finishing/warehouse.ts?t=1778553049799:339:13)
    at renderPostFinishingWaitHandoverWarehousePage (http://localhost:5173/src/pages/process-factory/post-finishing/warehouse.ts?t=1778553049799:349:10)
    at http://localhost:5173/src/router/route-renderers-fcs.ts?t=1778553049799:15:12
    at async resolvePage (http://localhost:5173/src/router/routes.ts?t=1778553049799:119:28)
    at async render (http://localhost:5173/src/main.ts?t=1778553049799:274:23)
[ 1452962ms] [INFO] %cDownload the React DevTools for a better development experience: https://react.dev/link/react-devtools font-weight:bold @ http://localhost:5173/node_modules/.vite/deps/react-dom_client.js?v=0b2f40ba:20356
[ 1454101ms] TypeError: Cannot read properties of undefined (reading 'filter')
    at uniqueOptions (http://localhost:5173/src/pages/process-factory/post-finishing/shared.ts?t=1778551508792:113:36)
    at renderPostFilterPanel (http://localhost:5173/src/pages/process-factory/post-finishing/shared.ts?t=1778551508792:121:35)
    at renderFilterArea (http://localhost:5173/src/pages/process-factory/post-finishing/warehouse.ts?t=1778553233500:134:10)
    at renderInventoryTable (http://localhost:5173/src/pages/process-factory/post-finishing/warehouse.ts?t=1778553233500:164:8)
    at renderActiveTab (http://localhost:5173/src/pages/process-factory/post-finishing/warehouse.ts?t=1778553233500:321:41)
    at renderPostWarehousePage (http://localhost:5173/src/pages/process-factory/post-finishing/warehouse.ts?t=1778553233500:339:13)
    at renderPostFinishingWaitHandoverWarehousePage (http://localhost:5173/src/pages/process-factory/post-finishing/warehouse.ts?t=1778553233500:349:10)
    at http://localhost:5173/src/router/route-renderers-fcs.ts?t=1778553233500:15:12
    at async resolvePage (http://localhost:5173/src/router/routes.ts?t=1778553233500:119:28)
    at async render (http://localhost:5173/src/main.ts?t=1778553233500:274:23)
[ 1619420ms] [INFO] %cDownload the React DevTools for a better development experience: https://react.dev/link/react-devtools font-weight:bold @ http://localhost:5173/node_modules/.vite/deps/react-dom_client.js?v=0b2f40ba:20356
[ 1735033ms] [INFO] %cDownload the React DevTools for a better development experience: https://react.dev/link/react-devtools font-weight:bold @ http://localhost:5173/node_modules/.vite/deps/react-dom_client.js?v=0b2f40ba:20356
[ 2438006ms] [INFO] %cDownload the React DevTools for a better development experience: https://react.dev/link/react-devtools font-weight:bold @ http://localhost:5173/node_modules/.vite/deps/react-dom_client.js?v=0b2f40ba:20356
[ 2565766ms] [INFO] %cDownload the React DevTools for a better development experience: https://react.dev/link/react-devtools font-weight:bold @ http://localhost:5173/node_modules/.vite/deps/react-dom_client.js?v=0b2f40ba:20356
[ 2598831ms] [INFO] %cDownload the React DevTools for a better development experience: https://react.dev/link/react-devtools font-weight:bold @ http://localhost:5173/node_modules/.vite/deps/react-dom_client.js?v=0b2f40ba:20356
[ 2626940ms] [INFO] %cDownload the React DevTools for a better development experience: https://react.dev/link/react-devtools font-weight:bold @ http://localhost:5173/node_modules/.vite/deps/react-dom_client.js?v=0b2f40ba:20356
[ 2681843ms] [INFO] %cDownload the React DevTools for a better development experience: https://react.dev/link/react-devtools font-weight:bold @ http://localhost:5173/node_modules/.vite/deps/react-dom_client.js?v=0b2f40ba:20356
[ 2835119ms] [INFO] %cDownload the React DevTools for a better development experience: https://react.dev/link/react-devtools font-weight:bold @ http://localhost:5173/node_modules/.vite/deps/react-dom_client.js?v=0b2f40ba:20356
[ 2856789ms] [INFO] %cDownload the React DevTools for a better development experience: https://react.dev/link/react-devtools font-weight:bold @ http://localhost:5173/node_modules/.vite/deps/react-dom_client.js?v=0b2f40ba:20356
[ 2923371ms] [INFO] %cDownload the React DevTools for a better development experience: https://react.dev/link/react-devtools font-weight:bold @ http://localhost:5173/node_modules/.vite/deps/react-dom_client.js?v=0b2f40ba:20356
[ 3315185ms] [INFO] %cDownload the React DevTools for a better development experience: https://react.dev/link/react-devtools font-weight:bold @ http://localhost:5173/node_modules/.vite/deps/react-dom_client.js?v=0b2f40ba:20356
[ 3366443ms] [INFO] %cDownload the React DevTools for a better development experience: https://react.dev/link/react-devtools font-weight:bold @ http://localhost:5173/node_modules/.vite/deps/react-dom_client.js?v=0b2f40ba:20356
[ 4177584ms] [INFO] %cDownload the React DevTools for a better development experience: https://react.dev/link/react-devtools font-weight:bold @ http://localhost:5173/node_modules/.vite/deps/react-dom_client.js?v=0b2f40ba:20356
[ 4284006ms] [INFO] %cDownload the React DevTools for a better development experience: https://react.dev/link/react-devtools font-weight:bold @ http://localhost:5173/node_modules/.vite/deps/react-dom_client.js?v=0b2f40ba:20356
[ 4489534ms] [INFO] %cDownload the React DevTools for a better development experience: https://react.dev/link/react-devtools font-weight:bold @ http://localhost:5173/node_modules/.vite/deps/react-dom_client.js?v=0b2f40ba:20356
[ 4509801ms] [INFO] %cDownload the React DevTools for a better development experience: https://react.dev/link/react-devtools font-weight:bold @ http://localhost:5173/node_modules/.vite/deps/react-dom_client.js?v=0b2f40ba:20356
[ 4566274ms] [INFO] %cDownload the React DevTools for a better development experience: https://react.dev/link/react-devtools font-weight:bold @ http://localhost:5173/node_modules/.vite/deps/react-dom_client.js?v=0b2f40ba:20356
[ 4939960ms] [INFO] %cDownload the React DevTools for a better development experience: https://react.dev/link/react-devtools font-weight:bold @ http://localhost:5173/node_modules/.vite/deps/react-dom_client.js?v=0b2f40ba:20356
[ 5409730ms] [INFO] %cDownload the React DevTools for a better development experience: https://react.dev/link/react-devtools font-weight:bold @ http://localhost:5173/node_modules/.vite/deps/react-dom_client.js?v=0b2f40ba:20356
[ 5480419ms] [INFO] %cDownload the React DevTools for a better development experience: https://react.dev/link/react-devtools font-weight:bold @ http://localhost:5173/node_modules/.vite/deps/react-dom_client.js?v=0b2f40ba:20356
[ 5536889ms] [INFO] %cDownload the React DevTools for a better development experience: https://react.dev/link/react-devtools font-weight:bold @ http://localhost:5173/node_modules/.vite/deps/react-dom_client.js?v=0b2f40ba:20356
[ 7213749ms] [INFO] %cDownload the React DevTools for a better development experience: https://react.dev/link/react-devtools font-weight:bold @ http://localhost:5173/node_modules/.vite/deps/react-dom_client.js?v=0b2f40ba:20356
[ 7474391ms] [INFO] %cDownload the React DevTools for a better development experience: https://react.dev/link/react-devtools font-weight:bold @ http://localhost:5173/node_modules/.vite/deps/react-dom_client.js?v=0b2f40ba:20356
[ 7497414ms] [INFO] %cDownload the React DevTools for a better development experience: https://react.dev/link/react-devtools font-weight:bold @ http://localhost:5173/node_modules/.vite/deps/react-dom_client.js?v=0b2f40ba:20356
[14658831ms] [INFO] %cDownload the React DevTools for a better development experience: https://react.dev/link/react-devtools font-weight:bold @ http://localhost:5173/node_modules/.vite/deps/react-dom_client.js?v=0b2f40ba:20356
