[    4543ms] [LOG] false @ http://static4style.duoduocdn.com/static/pcmain/js/index_main4.v10.js?v=0.06:0
[    4596ms] [ERROR] Access to XMLHttpRequest at 'https://webstat.qiumibao.com/api/stat?_env=pc&_platform=pc&_t=1779238880885' from origin 'http://zhibo8.com' has been blocked by CORS policy: No 'Access-Control-Allow-Origin' header is present on the requested resource. @ http://zhibo8.com/:0
[    4596ms] [ERROR] Failed to load resource: net::ERR_FAILED @ https://webstat.qiumibao.com/api/stat?_env=pc&_platform=pc&_t=1779238880885:0
[    5344ms] [LOG] li - upup @ http://static4style.duoduocdn.com/static/pcmain/js/index_main4.v10.js?v=0.06:0
[   24798ms] [LOG] 0 @ http://static4style.duoduocdn.com/static/pcmain/js/index_main4.v10.js?v=0.06:0
[   24852ms] [ERROR] Access to XMLHttpRequest at 'https://webstat.qiumibao.com/api/stat?_env=pc&_platform=pc&_t=1779238901325' from origin 'http://zhibo8.com' has been blocked by CORS policy: No 'Access-Control-Allow-Origin' header is present on the requested resource. @ http://zhibo8.com/:0
[   24852ms] [ERROR] Failed to load resource: net::ERR_FAILED @ https://webstat.qiumibao.com/api/stat?_env=pc&_platform=pc&_t=1779238901325:0
[   34682ms] [LOG] false @ http://static4style.duoduocdn.com/static/pcmain/js/index_main4.v10.js?v=0.06:0
[   38561ms] [LOG] 0 @ http://static4style.duoduocdn.com/static/pcmain/js/index_main4.v10.js?v=0.06:0
[   38594ms] [ERROR] Access to XMLHttpRequest at 'https://webstat.qiumibao.com/api/stat?_env=pc&_platform=pc&_t=1779238915090' from origin 'http://zhibo8.com' has been blocked by CORS policy: No 'Access-Control-Allow-Origin' header is present on the requested resource. @ http://zhibo8.com/:0
[   38594ms] [ERROR] Failed to load resource: net::ERR_FAILED @ https://webstat.qiumibao.com/api/stat?_env=pc&_platform=pc&_t=1779238915090:0
[   48594ms] [LOG] 0 @ http://static4style.duoduocdn.com/static/pcmain/js/index_main4.v10.js?v=0.06:0
[   48635ms] [ERROR] Access to XMLHttpRequest at 'https://webstat.qiumibao.com/api/stat?_env=pc&_platform=pc&_t=1779238925123' from origin 'http://zhibo8.com' has been blocked by CORS policy: No 'Access-Control-Allow-Origin' header is present on the requested resource. @ http://zhibo8.com/:0
[   48636ms] [ERROR] Failed to load resource: net::ERR_FAILED @ https://webstat.qiumibao.com/api/stat?_env=pc&_platform=pc&_t=1779238925123:0
[   64846ms] [LOG] false @ http://static4style.duoduocdn.com/static/pcmain/js/index_main4.v10.js?v=0.06:0
[   67029ms] [LOG] 0 @ http://static4style.duoduocdn.com/static/pcmain/js/index_main4.v10.js?v=0.06:0
[   67124ms] [ERROR] Access to XMLHttpRequest at 'https://webstat.qiumibao.com/api/stat?_env=pc&_platform=pc&_t=1779238943557' from origin 'http://zhibo8.com' has been blocked by CORS policy: No 'Access-Control-Allow-Origin' header is present on the requested resource. @ http://zhibo8.com/:0
[   67124ms] [ERROR] Failed to load resource: net::ERR_FAILED @ https://webstat.qiumibao.com/api/stat?_env=pc&_platform=pc&_t=1779238943557:0
[   95160ms] [LOG] false @ http://static4style.duoduocdn.com/static/pcmain/js/index_main4.v10.js?v=0.06:0
[  120296ms] [LOG] 0 @ http://static4style.duoduocdn.com/static/pcmain/js/index_main4.v10.js?v=0.06:0
[  120352ms] [ERROR] Access to XMLHttpRequest at 'https://webstat.qiumibao.com/api/stat?_env=pc&_platform=pc&_t=1779238996824' from origin 'http://zhibo8.com' has been blocked by CORS policy: No 'Access-Control-Allow-Origin' header is present on the requested resource. @ http://zhibo8.com/:0
[  120352ms] [ERROR] Failed to load resource: net::ERR_FAILED @ https://webstat.qiumibao.com/api/stat?_env=pc&_platform=pc&_t=1779238996824:0
[  125381ms] [LOG] false @ http://static4style.duoduocdn.com/static/pcmain/js/index_main4.v10.js?v=0.06:0
[  154596ms] [LOG] 0 @ http://static4style.duoduocdn.com/static/pcmain/js/index_main4.v10.js?v=0.06:0
[  154650ms] [ERROR] Access to XMLHttpRequest at 'https://webstat.qiumibao.com/api/stat?_env=pc&_platform=pc&_t=1779239031124' from origin 'http://zhibo8.com' has been blocked by CORS policy: No 'Access-Control-Allow-Origin' header is present on the requested resource. @ http://zhibo8.com/:0
[  154650ms] [ERROR] Failed to load resource: net::ERR_FAILED @ https://webstat.qiumibao.com/api/stat?_env=pc&_platform=pc&_t=1779239031124:0
[  155506ms] [LOG] false @ http://static4style.duoduocdn.com/static/pcmain/js/index_main4.v10.js?v=0.06:0
[  174729ms] [LOG] 0 @ http://static4style.duoduocdn.com/static/pcmain/js/index_main4.v10.js?v=0.06:0
[  174792ms] [ERROR] Access to XMLHttpRequest at 'https://webstat.qiumibao.com/api/stat?_env=pc&_platform=pc&_t=1779239051257' from origin 'http://zhibo8.com' has been blocked by CORS policy: No 'Access-Control-Allow-Origin' header is present on the requested resource. @ http://zhibo8.com/:0
[  174792ms] [ERROR] Failed to load resource: net::ERR_FAILED @ https://webstat.qiumibao.com/api/stat?_env=pc&_platform=pc&_t=1779239051257:0
[  182629ms] [LOG] 0 @ http://static4style.duoduocdn.com/static/pcmain/js/index_main4.v10.js?v=0.06:0
[  182678ms] [ERROR] Access to XMLHttpRequest at 'https://webstat.qiumibao.com/api/stat?_env=pc&_platform=pc&_t=1779239059157' from origin 'http://zhibo8.com' has been blocked by CORS policy: No 'Access-Control-Allow-Origin' header is present on the requested resource. @ http://zhibo8.com/:0
[  182679ms] [ERROR] Failed to load resource: net::ERR_FAILED @ https://webstat.qiumibao.com/api/stat?_env=pc&_platform=pc&_t=1779239059157:0
[  185625ms] [LOG] false @ http://static4style.duoduocdn.com/static/pcmain/js/index_main4.v10.js?v=0.06:0
[  215750ms] [LOG] false @ http://static4style.duoduocdn.com/static/pcmain/js/index_main4.v10.js?v=0.06:0
[  246527ms] [LOG] false @ http://static4style.duoduocdn.com/static/pcmain/js/index_main4.v10.js?v=0.06:0
[  277829ms] [LOG] false @ http://static4style.duoduocdn.com/static/pcmain/js/index_main4.v10.js?v=0.06:0
[  307960ms] [LOG] false @ http://static4style.duoduocdn.com/static/pcmain/js/index_main4.v10.js?v=0.06:0
[  338132ms] [LOG] false @ http://static4style.duoduocdn.com/static/pcmain/js/index_main4.v10.js?v=0.06:0
[  368390ms] [LOG] false @ http://static4style.duoduocdn.com/static/pcmain/js/index_main4.v10.js?v=0.06:0
[  398874ms] [LOG] false @ http://static4style.duoduocdn.com/static/pcmain/js/index_main4.v10.js?v=0.06:0
[  429002ms] [LOG] false @ http://static4style.duoduocdn.com/static/pcmain/js/index_main4.v10.js?v=0.06:0
[  459101ms] [LOG] false @ http://static4style.duoduocdn.com/static/pcmain/js/index_main4.v10.js?v=0.06:0
[  489391ms] [LOG] false @ http://static4style.duoduocdn.com/static/pcmain/js/index_main4.v10.js?v=0.06:0
[  519522ms] [LOG] false @ http://static4style.duoduocdn.com/static/pcmain/js/index_main4.v10.js?v=0.06:0
[  549739ms] [LOG] false @ http://static4style.duoduocdn.com/static/pcmain/js/index_main4.v10.js?v=0.06:0
[  579899ms] [LOG] false @ http://static4style.duoduocdn.com/static/pcmain/js/index_main4.v10.js?v=0.06:0
[  610069ms] [LOG] false @ http://static4style.duoduocdn.com/static/pcmain/js/index_main4.v10.js?v=0.06:0
[  640195ms] [LOG] false @ http://static4style.duoduocdn.com/static/pcmain/js/index_main4.v10.js?v=0.06:0
[  670321ms] [LOG] false @ http://static4style.duoduocdn.com/static/pcmain/js/index_main4.v10.js?v=0.06:0
[  700777ms] [LOG] false @ http://static4style.duoduocdn.com/static/pcmain/js/index_main4.v10.js?v=0.06:0
[  730910ms] [LOG] false @ http://static4style.duoduocdn.com/static/pcmain/js/index_main4.v10.js?v=0.06:0
[  761040ms] [LOG] false @ http://static4style.duoduocdn.com/static/pcmain/js/index_main4.v10.js?v=0.06:0
[  791171ms] [LOG] false @ http://static4style.duoduocdn.com/static/pcmain/js/index_main4.v10.js?v=0.06:0
[  821328ms] [LOG] false @ http://static4style.duoduocdn.com/static/pcmain/js/index_main4.v10.js?v=0.06:0
[  851442ms] [LOG] false @ http://static4style.duoduocdn.com/static/pcmain/js/index_main4.v10.js?v=0.06:0
[  881599ms] [LOG] false @ http://static4style.duoduocdn.com/static/pcmain/js/index_main4.v10.js?v=0.06:0
[  912069ms] [LOG] false @ http://static4style.duoduocdn.com/static/pcmain/js/index_main4.v10.js?v=0.06:0
[  942205ms] [LOG] false @ http://static4style.duoduocdn.com/static/pcmain/js/index_main4.v10.js?v=0.06:0
[  972340ms] [LOG] false @ http://static4style.duoduocdn.com/static/pcmain/js/index_main4.v10.js?v=0.06:0
[ 1002453ms] [LOG] false @ http://static4style.duoduocdn.com/static/pcmain/js/index_main4.v10.js?v=0.06:0
[ 1032712ms] [LOG] false @ http://static4style.duoduocdn.com/static/pcmain/js/index_main4.v10.js?v=0.06:0
[ 1062858ms] [LOG] false @ http://static4style.duoduocdn.com/static/pcmain/js/index_main4.v10.js?v=0.06:0
[ 1092972ms] [LOG] false @ http://static4style.duoduocdn.com/static/pcmain/js/index_main4.v10.js?v=0.06:0
[ 1123261ms] [LOG] false @ http://static4style.duoduocdn.com/static/pcmain/js/index_main4.v10.js?v=0.06:0
[ 1153402ms] [LOG] false @ http://static4style.duoduocdn.com/static/pcmain/js/index_main4.v10.js?v=0.06:0
[ 1183524ms] [LOG] false @ http://static4style.duoduocdn.com/static/pcmain/js/index_main4.v10.js?v=0.06:0
[ 1213649ms] [LOG] false @ http://static4style.duoduocdn.com/static/pcmain/js/index_main4.v10.js?v=0.06:0
[ 1243841ms] [LOG] false @ http://static4style.duoduocdn.com/static/pcmain/js/index_main4.v10.js?v=0.06:0
[ 1273970ms] [LOG] false @ http://static4style.duoduocdn.com/static/pcmain/js/index_main4.v10.js?v=0.06:0
[ 1304093ms] [LOG] false @ http://static4style.duoduocdn.com/static/pcmain/js/index_main4.v10.js?v=0.06:0
[ 1334211ms] [LOG] false @ http://static4style.duoduocdn.com/static/pcmain/js/index_main4.v10.js?v=0.06:0
[ 1364582ms] [LOG] false @ http://static4style.duoduocdn.com/static/pcmain/js/index_main4.v10.js?v=0.06:0
[ 1394707ms] [LOG] false @ http://static4style.duoduocdn.com/static/pcmain/js/index_main4.v10.js?v=0.06:0
[ 1424845ms] [LOG] false @ http://static4style.duoduocdn.com/static/pcmain/js/index_main4.v10.js?v=0.06:0
[ 1454978ms] [LOG] false @ http://static4style.duoduocdn.com/static/pcmain/js/index_main4.v10.js?v=0.06:0
[ 1485601ms] [LOG] false @ http://static4style.duoduocdn.com/static/pcmain/js/index_main4.v10.js?v=0.06:0
[ 1515753ms] [LOG] false @ http://static4style.duoduocdn.com/static/pcmain/js/index_main4.v10.js?v=0.06:0
[ 1545917ms] [LOG] false @ http://static4style.duoduocdn.com/static/pcmain/js/index_main4.v10.js?v=0.06:0
[ 1576105ms] [LOG] false @ http://static4style.duoduocdn.com/static/pcmain/js/index_main4.v10.js?v=0.06:0
[ 1606240ms] [LOG] false @ http://static4style.duoduocdn.com/static/pcmain/js/index_main4.v10.js?v=0.06:0
[ 1636365ms] [LOG] false @ http://static4style.duoduocdn.com/static/pcmain/js/index_main4.v10.js?v=0.06:0
[ 1666510ms] [LOG] false @ http://static4style.duoduocdn.com/static/pcmain/js/index_main4.v10.js?v=0.06:0
[ 1696641ms] [LOG] false @ http://static4style.duoduocdn.com/static/pcmain/js/index_main4.v10.js?v=0.06:0
[ 1726762ms] [LOG] false @ http://static4style.duoduocdn.com/static/pcmain/js/index_main4.v10.js?v=0.06:0
[ 1756891ms] [LOG] false @ http://static4style.duoduocdn.com/static/pcmain/js/index_main4.v10.js?v=0.06:0
[ 1787214ms] [LOG] false @ http://static4style.duoduocdn.com/static/pcmain/js/index_main4.v10.js?v=0.06:0
[ 1817343ms] [LOG] false @ http://static4style.duoduocdn.com/static/pcmain/js/index_main4.v10.js?v=0.06:0
[ 1847585ms] [LOG] false @ http://static4style.duoduocdn.com/static/pcmain/js/index_main4.v10.js?v=0.06:0
[ 1879560ms] [LOG] false @ http://static4style.duoduocdn.com/static/pcmain/js/index_main4.v10.js?v=0.06:0
[ 1909709ms] [LOG] false @ http://static4style.duoduocdn.com/static/pcmain/js/index_main4.v10.js?v=0.06:0
[ 1940010ms] [LOG] false @ http://static4style.duoduocdn.com/static/pcmain/js/index_main4.v10.js?v=0.06:0
[ 1970164ms] [LOG] false @ http://static4style.duoduocdn.com/static/pcmain/js/index_main4.v10.js?v=0.06:0
[ 2000885ms] [LOG] false @ http://static4style.duoduocdn.com/static/pcmain/js/index_main4.v10.js?v=0.06:0
[ 2031038ms] [LOG] false @ http://static4style.duoduocdn.com/static/pcmain/js/index_main4.v10.js?v=0.06:0
[ 2061155ms] [LOG] false @ http://static4style.duoduocdn.com/static/pcmain/js/index_main4.v10.js?v=0.06:0
[ 2091669ms] [LOG] false @ http://static4style.duoduocdn.com/static/pcmain/js/index_main4.v10.js?v=0.06:0
[ 2121801ms] [LOG] false @ http://static4style.duoduocdn.com/static/pcmain/js/index_main4.v10.js?v=0.06:0
[ 2151933ms] [LOG] false @ http://static4style.duoduocdn.com/static/pcmain/js/index_main4.v10.js?v=0.06:0
[ 2182098ms] [LOG] false @ http://static4style.duoduocdn.com/static/pcmain/js/index_main4.v10.js?v=0.06:0
[ 2213008ms] [LOG] false @ http://static4style.duoduocdn.com/static/pcmain/js/index_main4.v10.js?v=0.06:0
[ 2245316ms] [LOG] false @ http://static4style.duoduocdn.com/static/pcmain/js/index_main4.v10.js?v=0.06:0
[ 2277429ms] [LOG] false @ http://static4style.duoduocdn.com/static/pcmain/js/index_main4.v10.js?v=0.06:0
[ 2307613ms] [LOG] false @ http://static4style.duoduocdn.com/static/pcmain/js/index_main4.v10.js?v=0.06:0
[ 2337787ms] [LOG] false @ http://static4style.duoduocdn.com/static/pcmain/js/index_main4.v10.js?v=0.06:0
[ 2367890ms] [LOG] false @ http://static4style.duoduocdn.com/static/pcmain/js/index_main4.v10.js?v=0.06:0
[ 2398027ms] [LOG] false @ http://static4style.duoduocdn.com/static/pcmain/js/index_main4.v10.js?v=0.06:0
[ 2428151ms] [LOG] false @ http://static4style.duoduocdn.com/static/pcmain/js/index_main4.v10.js?v=0.06:0
[ 2458485ms] [LOG] false @ http://static4style.duoduocdn.com/static/pcmain/js/index_main4.v10.js?v=0.06:0
[ 2488617ms] [LOG] false @ http://static4style.duoduocdn.com/static/pcmain/js/index_main4.v10.js?v=0.06:0
[ 2518847ms] [LOG] false @ http://static4style.duoduocdn.com/static/pcmain/js/index_main4.v10.js?v=0.06:0
[ 2549005ms] [LOG] false @ http://static4style.duoduocdn.com/static/pcmain/js/index_main4.v10.js?v=0.06:0
[ 2579482ms] [LOG] false @ http://static4style.duoduocdn.com/static/pcmain/js/index_main4.v10.js?v=0.06:0
[ 2609622ms] [LOG] false @ http://static4style.duoduocdn.com/static/pcmain/js/index_main4.v10.js?v=0.06:0
[ 2623520ms] [LOG] false @ http://static4style.duoduocdn.com/static/pcmain/js/index_main4.v10.js?v=0.06:0
[ 2623560ms] [ERROR] Access to XMLHttpRequest at 'https://webstat.qiumibao.com/api/stat?_env=pc&_platform=pc&_t=1779241499898' from origin 'http://zhibo8.com' has been blocked by CORS policy: No 'Access-Control-Allow-Origin' header is present on the requested resource. @ http://zhibo8.com/:0
[ 2623560ms] [ERROR] Failed to load resource: net::ERR_FAILED @ https://webstat.qiumibao.com/api/stat?_env=pc&_platform=pc&_t=1779241499898:0
[ 2624360ms] [LOG] li - upup @ http://static4style.duoduocdn.com/static/pcmain/js/index_main4.v10.js?v=0.06:0
[ 2653640ms] [LOG] false @ http://static4style.duoduocdn.com/static/pcmain/js/index_main4.v10.js?v=0.06:0
[ 2669432ms] [LOG] 0 @ http://static4style.duoduocdn.com/static/pcmain/js/index_main4.v10.js?v=0.06:0
[ 2669482ms] [ERROR] Access to XMLHttpRequest at 'https://webstat.qiumibao.com/api/stat?_env=pc&_platform=pc&_t=1779241545960' from origin 'http://zhibo8.com' has been blocked by CORS policy: No 'Access-Control-Allow-Origin' header is present on the requested resource. @ http://zhibo8.com/:0
[ 2669483ms] [ERROR] Failed to load resource: net::ERR_FAILED @ https://webstat.qiumibao.com/api/stat?_env=pc&_platform=pc&_t=1779241545960:0
[ 2669996ms] [LOG] 0 @ http://static4style.duoduocdn.com/static/pcmain/js/index_main4.v10.js?v=0.06:0
[ 2670056ms] [ERROR] Access to XMLHttpRequest at 'https://webstat.qiumibao.com/api/stat?_env=pc&_platform=pc&_t=1779241546524' from origin 'http://zhibo8.com' has been blocked by CORS policy: No 'Access-Control-Allow-Origin' header is present on the requested resource. @ http://zhibo8.com/:0
[ 2670056ms] [ERROR] Failed to load resource: net::ERR_FAILED @ https://webstat.qiumibao.com/api/stat?_env=pc&_platform=pc&_t=1779241546524:0
[ 2686032ms] [LOG] false @ http://static4style.duoduocdn.com/static/pcmain/js/index_main4.v10.js?v=0.06:0
[ 2716155ms] [LOG] false @ http://static4style.duoduocdn.com/static/pcmain/js/index_main4.v10.js?v=0.06:0
[ 2746325ms] [LOG] false @ http://static4style.duoduocdn.com/static/pcmain/js/index_main4.v10.js?v=0.06:0
[ 2777231ms] [LOG] false @ http://static4style.duoduocdn.com/static/pcmain/js/index_main4.v10.js?v=0.06:0
[ 2807353ms] [LOG] false @ http://static4style.duoduocdn.com/static/pcmain/js/index_main4.v10.js?v=0.06:0
[ 2837472ms] [LOG] false @ http://static4style.duoduocdn.com/static/pcmain/js/index_main4.v10.js?v=0.06:0
[ 2867595ms] [LOG] false @ http://static4style.duoduocdn.com/static/pcmain/js/index_main4.v10.js?v=0.06:0
[ 2897726ms] [LOG] false @ http://static4style.duoduocdn.com/static/pcmain/js/index_main4.v10.js?v=0.06:0
[ 2927853ms] [LOG] false @ http://static4style.duoduocdn.com/static/pcmain/js/index_main4.v10.js?v=0.06:0
[ 2958063ms] [LOG] false @ http://static4style.duoduocdn.com/static/pcmain/js/index_main4.v10.js?v=0.06:0
[ 2988320ms] [LOG] false @ http://static4style.duoduocdn.com/static/pcmain/js/index_main4.v10.js?v=0.06:0
[ 3019555ms] [LOG] false @ http://static4style.duoduocdn.com/static/pcmain/js/index_main4.v10.js?v=0.06:0
[ 3050370ms] [LOG] false @ http://static4style.duoduocdn.com/static/pcmain/js/index_main4.v10.js?v=0.06:0
[ 3080477ms] [LOG] false @ http://static4style.duoduocdn.com/static/pcmain/js/index_main4.v10.js?v=0.06:0
[ 3115569ms] [LOG] false @ http://static4style.duoduocdn.com/static/pcmain/js/index_main4.v10.js?v=0.06:0
[ 3145788ms] [LOG] false @ http://static4style.duoduocdn.com/static/pcmain/js/index_main4.v10.js?v=0.06:0
[ 3166182ms] [LOG] 0 @ http://static4style.duoduocdn.com/static/pcmain/js/index_main4.v10.js?v=0.06:0
[ 3166302ms] [ERROR] Access to XMLHttpRequest at 'https://webstat.qiumibao.com/api/stat?_env=pc&_platform=pc&_t=1779242042710' from origin 'http://zhibo8.com' has been blocked by CORS policy: No 'Access-Control-Allow-Origin' header is present on the requested resource. @ http://zhibo8.com/:0
[ 3166302ms] [ERROR] Failed to load resource: net::ERR_FAILED @ https://webstat.qiumibao.com/api/stat?_env=pc&_platform=pc&_t=1779242042710:0
[ 3175949ms] [LOG] false @ http://static4style.duoduocdn.com/static/pcmain/js/index_main4.v10.js?v=0.06:0
[ 3206080ms] [LOG] false @ http://static4style.duoduocdn.com/static/pcmain/js/index_main4.v10.js?v=0.06:0
[ 3236588ms] [LOG] false @ http://static4style.duoduocdn.com/static/pcmain/js/index_main4.v10.js?v=0.06:0
[ 3267578ms] [LOG] false @ http://static4style.duoduocdn.com/static/pcmain/js/index_main4.v10.js?v=0.06:0
[ 3297724ms] [LOG] false @ http://static4style.duoduocdn.com/static/pcmain/js/index_main4.v10.js?v=0.06:0
[ 3328502ms] [LOG] false @ http://static4style.duoduocdn.com/static/pcmain/js/index_main4.v10.js?v=0.06:0
[ 3358664ms] [LOG] false @ http://static4style.duoduocdn.com/static/pcmain/js/index_main4.v10.js?v=0.06:0
[ 3389377ms] [LOG] false @ http://static4style.duoduocdn.com/static/pcmain/js/index_main4.v10.js?v=0.06:0
[ 3419539ms] [LOG] false @ http://static4style.duoduocdn.com/static/pcmain/js/index_main4.v10.js?v=0.06:0
[ 3449718ms] [LOG] false @ http://static4style.duoduocdn.com/static/pcmain/js/index_main4.v10.js?v=0.06:0
[ 3479953ms] [LOG] false @ http://static4style.duoduocdn.com/static/pcmain/js/index_main4.v10.js?v=0.06:0
[ 3510166ms] [LOG] false @ http://static4style.duoduocdn.com/static/pcmain/js/index_main4.v10.js?v=0.06:0
[ 3541499ms] [LOG] false @ http://static4style.duoduocdn.com/static/pcmain/js/index_main4.v10.js?v=0.06:0
[ 3571631ms] [LOG] false @ http://static4style.duoduocdn.com/static/pcmain/js/index_main4.v10.js?v=0.06:0
[ 3606635ms] [LOG] false @ http://static4style.duoduocdn.com/static/pcmain/js/index_main4.v10.js?v=0.06:0
[ 3636759ms] [LOG] false @ http://static4style.duoduocdn.com/static/pcmain/js/index_main4.v10.js?v=0.06:0
[ 3667006ms] [LOG] false @ http://static4style.duoduocdn.com/static/pcmain/js/index_main4.v10.js?v=0.06:0
[ 3697280ms] [LOG] false @ http://static4style.duoduocdn.com/static/pcmain/js/index_main4.v10.js?v=0.06:0
[ 3727409ms] [LOG] false @ http://static4style.duoduocdn.com/static/pcmain/js/index_main4.v10.js?v=0.06:0
[ 3757548ms] [LOG] false @ http://static4style.duoduocdn.com/static/pcmain/js/index_main4.v10.js?v=0.06:0
[ 3787735ms] [LOG] false @ http://static4style.duoduocdn.com/static/pcmain/js/index_main4.v10.js?v=0.06:0
[ 3817827ms] [LOG] false @ http://static4style.duoduocdn.com/static/pcmain/js/index_main4.v10.js?v=0.06:0
[ 3847958ms] [LOG] false @ http://static4style.duoduocdn.com/static/pcmain/js/index_main4.v10.js?v=0.06:0
[ 3878479ms] [LOG] false @ http://static4style.duoduocdn.com/static/pcmain/js/index_main4.v10.js?v=0.06:0
[ 3908638ms] [LOG] false @ http://static4style.duoduocdn.com/static/pcmain/js/index_main4.v10.js?v=0.06:0
[ 3938821ms] [LOG] false @ http://static4style.duoduocdn.com/static/pcmain/js/index_main4.v10.js?v=0.06:0
[ 3969004ms] [LOG] false @ http://static4style.duoduocdn.com/static/pcmain/js/index_main4.v10.js?v=0.06:0
[ 3999141ms] [LOG] false @ http://static4style.duoduocdn.com/static/pcmain/js/index_main4.v10.js?v=0.06:0
[ 4029260ms] [LOG] false @ http://static4style.duoduocdn.com/static/pcmain/js/index_main4.v10.js?v=0.06:0
[ 4059396ms] [LOG] false @ http://static4style.duoduocdn.com/static/pcmain/js/index_main4.v10.js?v=0.06:0
[ 4089509ms] [LOG] false @ http://static4style.duoduocdn.com/static/pcmain/js/index_main4.v10.js?v=0.06:0
[ 4119644ms] [LOG] false @ http://static4style.duoduocdn.com/static/pcmain/js/index_main4.v10.js?v=0.06:0
[ 4149768ms] [LOG] false @ http://static4style.duoduocdn.com/static/pcmain/js/index_main4.v10.js?v=0.06:0
[ 4179891ms] [LOG] false @ http://static4style.duoduocdn.com/static/pcmain/js/index_main4.v10.js?v=0.06:0
[ 4210018ms] [LOG] false @ http://static4style.duoduocdn.com/static/pcmain/js/index_main4.v10.js?v=0.06:0
[ 4240158ms] [LOG] false @ http://static4style.duoduocdn.com/static/pcmain/js/index_main4.v10.js?v=0.06:0
[ 4270384ms] [LOG] false @ http://static4style.duoduocdn.com/static/pcmain/js/index_main4.v10.js?v=0.06:0
[ 4300477ms] [LOG] false @ http://static4style.duoduocdn.com/static/pcmain/js/index_main4.v10.js?v=0.06:0
[ 4312665ms] [LOG] 0 @ http://static4style.duoduocdn.com/static/pcmain/js/index_main4.v10.js?v=0.06:0
[ 4313180ms] [LOG] 0 @ http://static4style.duoduocdn.com/static/pcmain/js/index_main4.v10.js?v=0.06:0
[ 4313294ms] [ERROR] Access to XMLHttpRequest at 'https://webstat.qiumibao.com/api/stat?_env=pc&_platform=pc&_t=1779243189708' from origin 'http://zhibo8.com' has been blocked by CORS policy: No 'Access-Control-Allow-Origin' header is present on the requested resource. @ http://zhibo8.com/:0
[ 4313294ms] [ERROR] Failed to load resource: net::ERR_FAILED @ https://webstat.qiumibao.com/api/stat?_env=pc&_platform=pc&_t=1779243189708:0
