[    4251ms] [LOG] %c..........^♥♥♥♥♥♥♥♥♥♥♥♥♥♥♥♥♥♥♥♥♥♥♥♥♥♥♥♥♥♥♥♥♥♥♥♥♥♥♥♥♥♥♥♥♥♥♥♥♥♥♥♥♥♥♥♥♥^..........
........,♥♥♥♥♥♥♥♥♥♥♥♥♥♥♥♥♥♥♥♥♥♥♥♥♥♥♥♥♥♥♥♥♥♥♥♥♥♥♥♥♥♥♥♥♥♥♥♥♥♥♥♥♥♥♥♥♥♥♥♥♥^........
........=♥♥♥♥♥♥♥♥♥♥♥♥♥♥♥♥♥♥♥♥♥♥♥♥♥♥♥♥♥♥♥♥♥♥♥♥♥♥♥♥♥♥♥♥♥♥♥♥♥♥♥♥♥♥♥♥♥♥♥♥♥^........
........=♥♥♥♥♥♥♥♥♥♥♥^.........♥♥♥♥♥♥........................♥♥♥♥♥♥♥♥♥♥^........
........=♥♥♥♥♥♥♥♥♥♥♥^.........♥♥♥♥♥♥........................♥♥♥♥♥♥♥♥♥♥^........
........=♥♥♥♥♥♥♥♥♥♥♥^.........♥♥♥♥♥♥........................♥♥♥♥♥♥♥♥♥♥^........
........=♥♥♥♥♥♥♥♥♥♥♥^.........♥♥♥♥♥♥♥♥♥♥♥♥♥^.........♥♥♥♥♥♥♥♥♥♥♥♥♥♥♥♥♥^........
........=♥♥♥♥♥♥♥♥♥♥♥^.........♥♥♥♥♥♥♥♥♥♥♥♥♥^.........♥♥♥♥♥♥♥♥♥♥♥♥♥♥♥♥♥^........
........=♥♥♥♥♥♥♥♥♥♥♥^.........♥♥♥♥♥♥♥♥♥♥♥♥♥^.........♥♥♥♥♥♥♥♥♥♥♥♥♥♥♥♥♥^........
........=♥♥♥♥♥♥♥♥♥♥♥^.........♥♥♥♥♥♥♥♥♥♥♥♥♥^.........♥♥♥♥♥♥♥♥♥♥♥♥♥♥♥♥♥^........
........=♥♥♥♥♥♥♥♥♥♥♥^.........♥♥♥♥♥♥♥♥♥♥♥♥♥^.........♥♥♥♥♥♥♥♥♥♥♥♥♥♥♥♥♥^........
........=♥♥♥♥♥♥♥♥♥♥♥^.........♥♥♥♥♥♥♥♥♥♥♥♥♥^.........♥♥♥♥♥♥♥♥♥♥♥♥♥♥♥♥♥^........
........=♥♥♥♥♥♥♥♥♥♥♥^.........♥♥♥♥♥♥♥♥♥♥♥♥♥^.........♥♥♥♥♥♥♥♥♥♥♥♥♥♥♥♥♥^........
........=♥♥♥♥♥♥♥♥♥♥♥^.........♥♥♥♥♥♥♥♥♥♥♥♥♥^.........♥♥♥♥♥♥♥♥♥♥♥♥♥♥♥♥♥^........
........=♥♥♥♥♥♥♥♥♥♥♥♥♥♥♥♥♥♥♥♥♥♥♥♥♥♥♥♥♥♥♥♥♥♥^%cI.LIKE.IT%c♥♥♥♥♥♥♥♥♥♥♥♥♥♥♥♥♥^........
........=♥♥♥♥♥♥♥♥♥♥♥♥♥♥♥♥♥♥♥♥♥♥♥♥♥♥♥♥♥♥♥♥♥♥♥♥♥♥♥♥♥♥♥♥♥♥♥♥♥♥♥♥♥♥♥♥♥♥♥♥♥^........
.........♥♥♥♥♥♥♥♥♥♥♥♥♥♥♥♥♥♥♥♥♥♥♥♥♥♥♥♥♥♥♥♥♥♥♥♥♥♥♥♥♥♥♥♥♥♥♥♥♥♥♥♥♥♥♥♥♥♥♥♥^.........
...........................................,♥♥♥♥♥♥♥♥♥♥♥........................
..............................................♥♥♥♥♥♥♥♥♥........................
.................................................♥♥♥♥♥♥........................
...................................................,♥♥♥........................
......... 有兴趣加入IT之家开发团队？可发送您的简历至邮箱：lihuijie@ruanmei.com
......... 招聘岗位：.Net后端、安卓/iOS移动开发、UI设计。期待您的来信~
............................................................................... color:#000 color:#d22222;font-weight:bold; color:#000 @ https://img.ithome.com/file/js/v2.3/common.js?t=20240112:520
