[      33ms] [WARNING] The provided component class (t) 
                has already been declared as an observer component. @ https://static.qiniu.com/static/fec__vendor-4b752ce7b9ea4e0725d7.js:1
[   12562ms] [ERROR] Failed to load resource: the server responded with a status of 401 () @ https://portal.qiniu.com/api/proxy/finance/janus/api/proxy/wallet/v4/separateaccounting/user/get/sa/user:0
[   12562ms] [ERROR] Failed to load resource: the server responded with a status of 401 () @ https://portal.qiniu.com/api/proxy/finance/portal/api/gaea/financial/transactions/with/snapshot?limit&type=3&start=202511&end=202605:0
[   12563ms] [WARNING] [EXCEPTION] [401] 401: t @ https://static.qiniu.com/static/fec__vendor-4b752ce7b9ea4e0725d7.js:1
[   12563ms] [WARNING] [EXCEPTION] [401] 401: t @ https://static.qiniu.com/static/fec__vendor-4b752ce7b9ea4e0725d7.js:1
[   16002ms] [ERROR] Failed to load resource: the server responded with a status of 401 () @ https://portal.qiniu.com/api/proxy/finance/janus/api/proxy/wallet/v4/separateaccounting/user/get/sa/user:0
[   16002ms] [ERROR] Failed to load resource: the server responded with a status of 401 () @ https://portal.qiniu.com/api/proxy/finance/portal/api/gaea/reconciliation/bills:0
[   16002ms] [WARNING] [EXCEPTION] [401] 401: t @ https://static.qiniu.com/static/fec__vendor-4b752ce7b9ea4e0725d7.js:1
[   16017ms] t
[   17561ms] [ERROR] Failed to load resource: the server responded with a status of 401 () @ https://portal.qiniu.com/api/proxy/finance/portal/api/gaea/reconciliation/bills:0
[   17561ms] [ERROR] Failed to load resource: the server responded with a status of 401 () @ https://portal.qiniu.com/api/proxy/finance/portal/api/gaea/reconciliation/bills:0
[   17561ms] [WARNING] [EXCEPTION] [401] 401: t @ https://static.qiniu.com/static/fec__vendor-4b752ce7b9ea4e0725d7.js:1
[   17566ms] t
[   21740ms] [ERROR] Failed to load resource: the server responded with a status of 401 () @ https://portal.qiniu.com/api/proxy/finance/portal/api/gaea/reconciliation/bills:0
[   21741ms] [ERROR] Failed to load resource: the server responded with a status of 401 () @ https://portal.qiniu.com/api/proxy/finance/portal/api/gaea/reconciliation/bills:0
[   21741ms] [WARNING] [EXCEPTION] [401] 401: t @ https://static.qiniu.com/static/fec__vendor-4b752ce7b9ea4e0725d7.js:1
[   21743ms] t
[   23551ms] [ERROR] Failed to load resource: the server responded with a status of 401 () @ https://portal.qiniu.com/api/proxy/finance/portal/api/gaea/financial/transactions/with/snapshot?limit&type=0&start=202604&end=202604:0
[   23552ms] [WARNING] [EXCEPTION] [401] 401: t @ https://static.qiniu.com/static/fec__vendor-4b752ce7b9ea4e0725d7.js:1
[   23554ms] [ERROR] Failed to load resource: the server responded with a status of 401 () @ https://portal.qiniu.com/api/proxy/finance/portal/api/gaea/financial/transactions/with/snapshot?limit&type=0&start=202511&end=202604:0
[   23555ms] t
[   25502ms] [ERROR] Failed to load resource: the server responded with a status of 401 () @ https://portal.qiniu.com/api/proxy/finance/portal/api/gaea/financial/transactions/with/snapshot?limit&type=3&start=202511&end=202604:0
[   25502ms] [ERROR] Failed to load resource: the server responded with a status of 401 () @ https://portal.qiniu.com/api/proxy/finance/portal/api/gaea/financial/transactions/with/snapshot?limit&type=3&start=202604&end=202604:0
[   25503ms] t
[   25503ms] t
[   25969ms] [ERROR] Failed to load resource: the server responded with a status of 401 () @ https://portal.qiniu.com/api/proxy/finance/portal/api/gaea/financial/transactions/with/snapshot?limit&type=3&start=202511&end=202604:0
[   25969ms] [ERROR] Failed to load resource: the server responded with a status of 401 () @ https://portal.qiniu.com/api/proxy/finance/portal/api/gaea/financial/transactions/with/snapshot?limit&type=3&start=202604&end=202604:0
[   25971ms] t
[   25971ms] t
[   27397ms] [WARNING] The provided component class (t) 
                has already been declared as an observer component. @ https://static.qiniu.com/static/fec__vendor-4b752ce7b9ea4e0725d7.js:1
[   27480ms] [ERROR] Failed to load resource: the server responded with a status of 401 () @ https://portal.qiniu.com/api/proxy/finance/portal/api/gaea/financial/coupon/detail/list:0
[   27480ms] [WARNING] [EXCEPTION] [401] 401: t @ https://static.qiniu.com/static/fec__vendor-4b752ce7b9ea4e0725d7.js:1
[   28223ms] [WARNING] The provided component class (t)
                has already been declared as an observer component. @ https://static.qiniu.com/static/fec__vendor-15a40f0fac20283baf31.js:1
[   28235ms] [ERROR] [web-sdk-error]: login id is invalid @ https://static.qiniu.com/sensors/qiniusensorsdata.min.js:2
[   28388ms] [ERROR] Not allowed to launch 'bytedance://dispatch_message/' because a user gesture is required. @ https://portal.qiniu.com/signin?redirect=%2Ffinancial%2Fcost%2Fanalysis%2Fdetail:0
[   28415ms] [ERROR] Failed to launch 'bytedance://dispatch_message/' because the scheme does not have a registered handler. @ https://portal.qiniu.com/signin?redirect=%2Ffinancial%2Fcost%2Fanalysis%2Fdetail:0
[   28894ms] [WARNING] The provided component class (t) 
                has already been declared as an observer component. @ https://static.qiniu.com/static/fec__vendor-4b752ce7b9ea4e0725d7.js:1
[   36395ms] [WARNING] The provided component class (t) 
                has already been declared as an observer component. @ https://static.qiniu.com/static/fec__vendor-4dc80b4702bd0daa56e1.js:1
[   42641ms] [WARNING] The provided component class (t) 
                has already been declared as an observer component. @ https://static.qiniu.com/static/fec__vendor-0e8d795a1644b8b4d0ee.js:1
[ 1263874ms] [WARNING] Blocked aria-hidden on an element because its descendant retained focus. The focus must not be hidden from assistive technology users. Avoid using aria-hidden on a focused element or its ancestor. Consider using the inert attribute instead, which will also prevent focus. For more details, see the aria-hidden section of the WAI-ARIA specification at https://w3c.github.io/aria/#aria-hidden.
Element with focus: <div>
Ancestor with aria-hidden: <div> @ https://portal.qiniu.com/notification/internal:0
