[      71ms] [INFO] %cDownload the React DevTools for a better development experience: https://react.dev/link/react-devtools font-weight:bold @ http://localhost:5173/node_modules/.vite/deps/react-dom_client.js?v=0b2f40ba:20356
[     434ms] TypeError: Cannot read properties of undefined (reading 'toLocaleString')
    at formatNumber (http://localhost:5173/src/pages/process-factory/special-craft/warehouse.ts?t=1779204270501:54:16)
    at http://localhost:5173/src/pages/process-factory/special-craft/warehouse.ts?t=1779204270501:242:54
    at Array.map (<anonymous>)
    at renderDomainWaitProcessRows (http://localhost:5173/src/pages/process-factory/special-craft/warehouse.ts?t=1779204270501:233:18)
    at renderSpecialCraftDomainWarehousePageByMode (http://localhost:5173/src/pages/process-factory/special-craft/warehouse.ts?t=1779204270501:395:9)
    at renderSpecialCraftDomainWaitProcessWarehousePage (http://localhost:5173/src/pages/process-factory/special-craft/warehouse.ts?t=1779204270501:444:10)
    at http://localhost:5173/src/router/route-renderers-fcs.ts?t=1779204270501:15:12
    at async resolvePage (http://localhost:5173/src/router/routes.ts?t=1779204270501:119:28)
    at async render (http://localhost:5173/src/main.ts?t=1779204270501:380:23)
[  136715ms] [INFO] %cDownload the React DevTools for a better development experience: https://react.dev/link/react-devtools font-weight:bold @ http://localhost:5173/node_modules/.vite/deps/react-dom_client.js?v=0b2f40ba:20356
[  137097ms] ReferenceError: renderStatusPill is not defined
    at http://localhost:5173/src/pages/process-factory/special-craft/warehouse.ts?t=1779204491497:244:55
    at Array.map (<anonymous>)
    at renderDomainWaitProcessRows (http://localhost:5173/src/pages/process-factory/special-craft/warehouse.ts?t=1779204491497:233:18)
    at renderSpecialCraftDomainWarehousePageByMode (http://localhost:5173/src/pages/process-factory/special-craft/warehouse.ts?t=1779204491497:395:9)
    at renderSpecialCraftDomainWaitProcessWarehousePage (http://localhost:5173/src/pages/process-factory/special-craft/warehouse.ts?t=1779204491497:444:10)
    at http://localhost:5173/src/router/route-renderers-fcs.ts?t=1779204491497:15:12
    at async resolvePage (http://localhost:5173/src/router/routes.ts?t=1779204491497:119:28)
    at async render (http://localhost:5173/src/main.ts?t=1779204491497:380:23)
