[     231ms] [WARNING] The provided component class (t) 
                has already been declared as an observer component. @ https://static.qiniu.com/static/fec__vendor-4dc80b4702bd0daa56e1.js:1
[     989ms] [WARNING] The provided component class (t)
                has already been declared as an observer component. @ https://static.qiniu.com/static/fec__vendor-15a40f0fac20283baf31.js:1
[    1027ms] [ERROR] [web-sdk-error]: login id is invalid @ https://static.qiniu.com/sensors/qiniusensorsdata.min.js:2
[    1297ms] [ERROR] Not allowed to launch 'bytedance://dispatch_message/' because a user gesture is required. @ https://portal.qiniu.com/signin?redirect=%2Fhome:0
[    1298ms] [ERROR] Failed to launch 'bytedance://dispatch_message/' because the scheme does not have a registered handler. @ https://portal.qiniu.com/signin?redirect=%2Fhome:0
[    2041ms] [ERROR] Not allowed to launch 'bytedance://dispatch_message/' because a user gesture is required. @ https://portal.qiniu.com/signin?redirect=%2Fhome:0
[    2063ms] [ERROR] Not allowed to launch 'bytedance://dispatch_message/' because a user gesture is required. @ https://portal.qiniu.com/signin?redirect=%2Fhome:0
[    2161ms] [WARNING] The provided component class (t) 
                has already been declared as an observer component. @ https://static.qiniu.com/static/fec__vendor-4dc80b4702bd0daa56e1.js:1
[   13027ms] [WARNING] The provided component class (t)
                has already been declared as an observer component. @ https://static.qiniu.com/static/fec__vendor-15a40f0fac20283baf31.js:1
[   13041ms] [ERROR] [web-sdk-error]: login id is invalid @ https://static.qiniu.com/sensors/qiniusensorsdata.min.js:2
[   13254ms] [ERROR] Not allowed to launch 'bytedance://dispatch_message/' because a user gesture is required. @ https://portal.qiniu.com/developer/user/profile:0
[   13310ms] [ERROR] Failed to launch 'bytedance://dispatch_message/' because the scheme does not have a registered handler. @ https://portal.qiniu.com/developer/user/profile:0
[   14027ms] [ERROR] Not allowed to launch 'bytedance://dispatch_message/' because a user gesture is required. @ https://portal.qiniu.com/developer/user/profile:0
[   14048ms] [ERROR] Not allowed to launch 'bytedance://dispatch_message/' because a user gesture is required. @ https://portal.qiniu.com/developer/user/profile:0
[   20523ms] [ERROR] Failed to load resource: net::ERR_CONNECTION_CLOSED @ https://local.info.g9hc4.cn:54360/?callback=uuidjsonpcb2020&t=1778901050709:0
[   24284ms] [ERROR] Failed to load resource: net::ERR_CONNECTION_CLOSED @ https://local.info.g9hc4.cn:51360/?callback=uuidjsonpcb2020&t=1778901055713:0
[   26241ms] [ERROR] Failed to load resource: net::ERR_CONNECTION_CLOSED @ https://local.info.g9hc4.cn:51360/?callback=uuidjsonpcb2020&t=1778901057879:0
