[      72ms] [INFO] %cDownload the React DevTools for a better development experience: https://react.dev/link/react-devtools font-weight:bold @ http://localhost:5173/node_modules/.vite/deps/react-dom_client.js?v=0b2f40ba:20356
[  600667ms] [INFO] %cDownload the React DevTools for a better development experience: https://react.dev/link/react-devtools font-weight:bold @ http://localhost:5173/node_modules/.vite/deps/react-dom_client.js?v=0b2f40ba:20356
[  786495ms] [INFO] %cDownload the React DevTools for a better development experience: https://react.dev/link/react-devtools font-weight:bold @ http://localhost:5173/node_modules/.vite/deps/react-dom_client.js?v=0b2f40ba:20356
[  972668ms] [LOG] [vite] server connection lost. Polling for restart... @ http://localhost:5173/@vite/client:963
[  972815ms] [INFO] %cDownload the React DevTools for a better development experience: https://react.dev/link/react-devtools font-weight:bold @ http://localhost:5173/node_modules/.vite/deps/react-dom_client.js?v=0b2f40ba:20356
[14995181ms] [INFO] %cDownload the React DevTools for a better development experience: https://react.dev/link/react-devtools font-weight:bold @ http://localhost:5173/node_modules/.vite/deps/react-dom_client.js?v=0b2f40ba:20356
[15340556ms] [INFO] %cDownload the React DevTools for a better development experience: https://react.dev/link/react-devtools font-weight:bold @ http://localhost:5173/node_modules/.vite/deps/react-dom_client.js?v=0b2f40ba:20356
[16709369ms] [LOG] [vite] server connection lost. Polling for restart... @ http://localhost:5173/@vite/client:963
[16709569ms] [INFO] %cDownload the React DevTools for a better development experience: https://react.dev/link/react-devtools font-weight:bold @ http://localhost:5173/node_modules/.vite/deps/react-dom_client.js?v=0b2f40ba:20356
[20251430ms] [INFO] %cDownload the React DevTools for a better development experience: https://react.dev/link/react-devtools font-weight:bold @ http://localhost:5173/node_modules/.vite/deps/react-dom_client.js?v=0b2f40ba:20356
[20273992ms] [INFO] %cDownload the React DevTools for a better development experience: https://react.dev/link/react-devtools font-weight:bold @ http://localhost:5173/node_modules/.vite/deps/react-dom_client.js?v=0b2f40ba:20356
[20415364ms] [INFO] %cDownload the React DevTools for a better development experience: https://react.dev/link/react-devtools font-weight:bold @ http://localhost:5173/node_modules/.vite/deps/react-dom_client.js?v=0b2f40ba:20356
[20450041ms] [INFO] %cDownload the React DevTools for a better development experience: https://react.dev/link/react-devtools font-weight:bold @ http://localhost:5173/node_modules/.vite/deps/react-dom_client.js?v=0b2f40ba:20356
[20969325ms] [INFO] %cDownload the React DevTools for a better development experience: https://react.dev/link/react-devtools font-weight:bold @ http://localhost:5173/node_modules/.vite/deps/react-dom_client.js?v=0b2f40ba:20356
[21069305ms] [INFO] %cDownload the React DevTools for a better development experience: https://react.dev/link/react-devtools font-weight:bold @ http://localhost:5173/node_modules/.vite/deps/react-dom_client.js?v=0b2f40ba:20356
[21281699ms] [ERROR] 页面事件处理器加载失败，已降级为不处理 SyntaxError: The requested module '/src/pages/process-factory/cutting/special-processes.ts?t=1779238919453' does not provide an export named 'handleCraftCuttingSpecialProcessesEvent' @ http://localhost:5173/src/main.ts?t=1779238919453:256
[21281699ms] [ERROR] 页面事件处理器加载失败，已降级为不处理 SyntaxError: The requested module '/src/pages/process-factory/cutting/special-processes.ts?t=1779238919453' does not provide an export named 'handleCraftCuttingSpecialProcessesEvent' @ http://localhost:5173/src/main.ts?t=1779238919453:256
[21281699ms] [ERROR] 页面事件处理器加载失败，已降级为不处理 SyntaxError: The requested module '/src/pages/process-factory/cutting/special-processes.ts?t=1779238919453' does not provide an export named 'handleCraftCuttingSpecialProcessesEvent' @ http://localhost:5173/src/main.ts?t=1779238919453:256
[21281699ms] [ERROR] 页面事件处理器加载失败，已降级为不处理 SyntaxError: The requested module '/src/pages/process-factory/cutting/special-processes.ts?t=1779238919453' does not provide an export named 'handleCraftCuttingSpecialProcessesEvent' @ http://localhost:5173/src/main.ts?t=1779238919453:256
[21282034ms] [ERROR] 页面事件处理器加载失败，已降级为不处理 SyntaxError: The requested module '/src/pages/process-factory/cutting/special-processes.ts?t=1779238919453' does not provide an export named 'handleCraftCuttingSpecialProcessesEvent' @ http://localhost:5173/src/main.ts?t=1779238919453:256
[21282035ms] [ERROR] 页面事件处理器加载失败，已降级为不处理 SyntaxError: The requested module '/src/pages/process-factory/cutting/special-processes.ts?t=1779238919453' does not provide an export named 'handleCraftCuttingSpecialProcessesEvent' @ http://localhost:5173/src/main.ts?t=1779238919453:256
[21282035ms] [ERROR] 页面事件处理器加载失败，已降级为不处理 SyntaxError: The requested module '/src/pages/process-factory/cutting/special-processes.ts?t=1779238919453' does not provide an export named 'handleCraftCuttingSpecialProcessesEvent' @ http://localhost:5173/src/main.ts?t=1779238919453:256
[21282035ms] [ERROR] 页面事件处理器加载失败，已降级为不处理 SyntaxError: The requested module '/src/pages/process-factory/cutting/special-processes.ts?t=1779238919453' does not provide an export named 'handleCraftCuttingSpecialProcessesEvent' @ http://localhost:5173/src/main.ts?t=1779238919453:256
[21282556ms] [ERROR] 页面事件处理器加载失败，已降级为不处理 SyntaxError: The requested module '/src/pages/process-factory/cutting/special-processes.ts?t=1779238919453' does not provide an export named 'handleCraftCuttingSpecialProcessesEvent' @ http://localhost:5173/src/main.ts?t=1779238919453:256
[21282556ms] [ERROR] 页面事件处理器加载失败，已降级为不处理 SyntaxError: The requested module '/src/pages/process-factory/cutting/special-processes.ts?t=1779238919453' does not provide an export named 'handleCraftCuttingSpecialProcessesEvent' @ http://localhost:5173/src/main.ts?t=1779238919453:256
[21282556ms] [ERROR] 页面事件处理器加载失败，已降级为不处理 SyntaxError: The requested module '/src/pages/process-factory/cutting/special-processes.ts?t=1779238919453' does not provide an export named 'handleCraftCuttingSpecialProcessesEvent' @ http://localhost:5173/src/main.ts?t=1779238919453:256
[21282556ms] [ERROR] 页面事件处理器加载失败，已降级为不处理 SyntaxError: The requested module '/src/pages/process-factory/cutting/special-processes.ts?t=1779238919453' does not provide an export named 'handleCraftCuttingSpecialProcessesEvent' @ http://localhost:5173/src/main.ts?t=1779238919453:256
[21284405ms] [ERROR] 页面事件处理器加载失败，已降级为不处理 SyntaxError: The requested module '/src/pages/process-factory/cutting/special-processes.ts?t=1779238919453' does not provide an export named 'handleCraftCuttingSpecialProcessesEvent' @ http://localhost:5173/src/main.ts?t=1779238919453:256
[21284406ms] [ERROR] 页面事件处理器加载失败，已降级为不处理 SyntaxError: The requested module '/src/pages/process-factory/cutting/special-processes.ts?t=1779238919453' does not provide an export named 'handleCraftCuttingSpecialProcessesEvent' @ http://localhost:5173/src/main.ts?t=1779238919453:256
[21284406ms] [ERROR] 页面事件处理器加载失败，已降级为不处理 SyntaxError: The requested module '/src/pages/process-factory/cutting/special-processes.ts?t=1779238919453' does not provide an export named 'handleCraftCuttingSpecialProcessesEvent' @ http://localhost:5173/src/main.ts?t=1779238919453:256
[21284406ms] [ERROR] 页面事件处理器加载失败，已降级为不处理 SyntaxError: The requested module '/src/pages/process-factory/cutting/special-processes.ts?t=1779238919453' does not provide an export named 'handleCraftCuttingSpecialProcessesEvent' @ http://localhost:5173/src/main.ts?t=1779238919453:256
[21285937ms] [ERROR] 页面事件处理器加载失败，已降级为不处理 SyntaxError: The requested module '/src/pages/process-factory/cutting/special-processes.ts?t=1779238919453' does not provide an export named 'handleCraftCuttingSpecialProcessesEvent' @ http://localhost:5173/src/main.ts?t=1779238919453:256
[21301883ms] [ERROR] 页面事件处理器加载失败，已降级为不处理 SyntaxError: The requested module '/src/pages/process-factory/cutting/special-processes.ts?t=1779238919453' does not provide an export named 'handleCraftCuttingSpecialProcessesEvent' @ http://localhost:5173/src/main.ts?t=1779238919453:256
[21304285ms] [INFO] %cDownload the React DevTools for a better development experience: https://react.dev/link/react-devtools font-weight:bold @ http://localhost:5173/node_modules/.vite/deps/react-dom_client.js?v=0b2f40ba:20356
[21493594ms] [INFO] %cDownload the React DevTools for a better development experience: https://react.dev/link/react-devtools font-weight:bold @ http://localhost:5173/node_modules/.vite/deps/react-dom_client.js?v=0b2f40ba:20356
[21583529ms] [INFO] %cDownload the React DevTools for a better development experience: https://react.dev/link/react-devtools font-weight:bold @ http://localhost:5173/node_modules/.vite/deps/react-dom_client.js?v=0b2f40ba:20356
[21609687ms] [INFO] %cDownload the React DevTools for a better development experience: https://react.dev/link/react-devtools font-weight:bold @ http://localhost:5173/node_modules/.vite/deps/react-dom_client.js?v=0b2f40ba:20356
[21710719ms] [INFO] %cDownload the React DevTools for a better development experience: https://react.dev/link/react-devtools font-weight:bold @ http://localhost:5173/node_modules/.vite/deps/react-dom_client.js?v=0b2f40ba:20356
[21918487ms] [INFO] %cDownload the React DevTools for a better development experience: https://react.dev/link/react-devtools font-weight:bold @ http://localhost:5173/node_modules/.vite/deps/react-dom_client.js?v=0b2f40ba:20356
[22030303ms] [INFO] %cDownload the React DevTools for a better development experience: https://react.dev/link/react-devtools font-weight:bold @ http://localhost:5173/node_modules/.vite/deps/react-dom_client.js?v=0b2f40ba:20356
[22199308ms] [INFO] %cDownload the React DevTools for a better development experience: https://react.dev/link/react-devtools font-weight:bold @ http://localhost:5173/node_modules/.vite/deps/react-dom_client.js?v=0b2f40ba:20356
[22222080ms] [INFO] %cDownload the React DevTools for a better development experience: https://react.dev/link/react-devtools font-weight:bold @ http://localhost:5173/node_modules/.vite/deps/react-dom_client.js?v=0b2f40ba:20356
[22363523ms] [INFO] %cDownload the React DevTools for a better development experience: https://react.dev/link/react-devtools font-weight:bold @ http://localhost:5173/node_modules/.vite/deps/react-dom_client.js?v=0b2f40ba:20356
[23683078ms] [INFO] %cDownload the React DevTools for a better development experience: https://react.dev/link/react-devtools font-weight:bold @ http://localhost:5173/node_modules/.vite/deps/react-dom_client.js?v=0b2f40ba:20356
[24164379ms] [INFO] %cDownload the React DevTools for a better development experience: https://react.dev/link/react-devtools font-weight:bold @ http://localhost:5173/node_modules/.vite/deps/react-dom_client.js?v=0b2f40ba:20356
