[      65ms] [LOG] %c..........^♥♥♥♥♥♥♥♥♥♥♥♥♥♥♥♥♥♥♥♥♥♥♥♥♥♥♥♥♥♥♥♥♥♥♥♥♥♥♥♥♥♥♥♥♥♥♥♥♥♥♥♥♥♥♥♥♥^..........
........,♥♥♥♥♥♥♥♥♥♥♥♥♥♥♥♥♥♥♥♥♥♥♥♥♥♥♥♥♥♥♥♥♥♥♥♥♥♥♥♥♥♥♥♥♥♥♥♥♥♥♥♥♥♥♥♥♥♥♥♥♥^........
........=♥♥♥♥♥♥♥♥♥♥♥♥♥♥♥♥♥♥♥♥♥♥♥♥♥♥♥♥♥♥♥♥♥♥♥♥♥♥♥♥♥♥♥♥♥♥♥♥♥♥♥♥♥♥♥♥♥♥♥♥♥^........
........=♥♥♥♥♥♥♥♥♥♥♥^.........♥♥♥♥♥♥........................♥♥♥♥♥♥♥♥♥♥^........
........=♥♥♥♥♥♥♥♥♥♥♥^.........♥♥♥♥♥♥........................♥♥♥♥♥♥♥♥♥♥^........
........=♥♥♥♥♥♥♥♥♥♥♥^.........♥♥♥♥♥♥........................♥♥♥♥♥♥♥♥♥♥^........
........=♥♥♥♥♥♥♥♥♥♥♥^.........♥♥♥♥♥♥♥♥♥♥♥♥♥^.........♥♥♥♥♥♥♥♥♥♥♥♥♥♥♥♥♥^........
........=♥♥♥♥♥♥♥♥♥♥♥^.........♥♥♥♥♥♥♥♥♥♥♥♥♥^.........♥♥♥♥♥♥♥♥♥♥♥♥♥♥♥♥♥^........
........=♥♥♥♥♥♥♥♥♥♥♥^.........♥♥♥♥♥♥♥♥♥♥♥♥♥^.........♥♥♥♥♥♥♥♥♥♥♥♥♥♥♥♥♥^........
........=♥♥♥♥♥♥♥♥♥♥♥^.........♥♥♥♥♥♥♥♥♥♥♥♥♥^.........♥♥♥♥♥♥♥♥♥♥♥♥♥♥♥♥♥^........
........=♥♥♥♥♥♥♥♥♥♥♥^.........♥♥♥♥♥♥♥♥♥♥♥♥♥^.........♥♥♥♥♥♥♥♥♥♥♥♥♥♥♥♥♥^........
........=♥♥♥♥♥♥♥♥♥♥♥^.........♥♥♥♥♥♥♥♥♥♥♥♥♥^.........♥♥♥♥♥♥♥♥♥♥♥♥♥♥♥♥♥^........
........=♥♥♥♥♥♥♥♥♥♥♥^.........♥♥♥♥♥♥♥♥♥♥♥♥♥^.........♥♥♥♥♥♥♥♥♥♥♥♥♥♥♥♥♥^........
........=♥♥♥♥♥♥♥♥♥♥♥^.........♥♥♥♥♥♥♥♥♥♥♥♥♥^.........♥♥♥♥♥♥♥♥♥♥♥♥♥♥♥♥♥^........
........=♥♥♥♥♥♥♥♥♥♥♥♥♥♥♥♥♥♥♥♥♥♥♥♥♥♥♥♥♥♥♥♥♥♥^%cI.LIKE.IT%c♥♥♥♥♥♥♥♥♥♥♥♥♥♥♥♥♥^........
........=♥♥♥♥♥♥♥♥♥♥♥♥♥♥♥♥♥♥♥♥♥♥♥♥♥♥♥♥♥♥♥♥♥♥♥♥♥♥♥♥♥♥♥♥♥♥♥♥♥♥♥♥♥♥♥♥♥♥♥♥♥^........
.........♥♥♥♥♥♥♥♥♥♥♥♥♥♥♥♥♥♥♥♥♥♥♥♥♥♥♥♥♥♥♥♥♥♥♥♥♥♥♥♥♥♥♥♥♥♥♥♥♥♥♥♥♥♥♥♥♥♥♥♥^.........
...........................................,♥♥♥♥♥♥♥♥♥♥♥........................
..............................................♥♥♥♥♥♥♥♥♥........................
.................................................♥♥♥♥♥♥........................
...................................................,♥♥♥........................
......... 有兴趣加入IT之家开发团队？可发送您的简历至邮箱：lihuijie@ruanmei.com
......... 招聘岗位：.Net后端、安卓/iOS移动开发、UI设计。期待您的来信~
............................................................................... color:#000 color:#d22222;font-weight:bold; color:#000 @ https://img.ithome.com/file/js/v2.3/common.js?t=20240112:532
[     195ms] [ERROR] Access to XMLHttpRequest at 'https://napi.ithome.com/api/douyin/GetLiveInfo' from origin 'https://www.ithome.com' has been blocked by CORS policy: No 'Access-Control-Allow-Origin' header is present on the requested resource. @ https://www.ithome.com/0/948/956.htm:0
[     195ms] [ERROR] Failed to load resource: net::ERR_FAILED @ https://napi.ithome.com/api/douyin/GetLiveInfo:0
[     374ms] [WARNING] Deprecation warning: moment().zone is deprecated, use moment().utcOffset instead. http://momentjs.com/guides/#/warnings/zone/
Arguments: +08:00
Error
    at k.zone (https://img.ithome.com/app/calendar/js/moment.min.js:1:3274)
    at wn.loadEventDetail (https://img.ithome.com/app/calendar/js/event-card.js?v=202603311529:143:67)
    at https://img.ithome.com/app/calendar/js/event-card.js?v=202603311529:110:16
    at RuanmeiJsFunctions.ready (https://dat.ruanmei.com/lib/rm-js-sdk.min.js?v=202001101661:1:13660)
    at wn.created (https://img.ithome.com/app/calendar/js/event-card.js?v=202603311529:109:12)
    at He (https://s1.pstatp.com/cdn/expire-1-M/vue/2.6.10/vue.min.js?v=202001101661:6:11397)
    at Yt (https://s1.pstatp.com/cdn/expire-1-M/vue/2.6.10/vue.min.js?v=202001101661:6:25339)
    at t._init (https://s1.pstatp.com/cdn/expire-1-M/vue/2.6.10/vue.min.js?v=202001101661:6:33005)
    at new wn (https://s1.pstatp.com/cdn/expire-1-M/vue/2.6.10/vue.min.js?v=202001101661:6:30368)
    at rendEventCard (https://img.ithome.com/app/calendar/js/event-card.js?v=202603311529:100:5) @ https://img.ithome.com/app/calendar/js/moment.min.js:0
[    3357ms] [WARNING] Mixed Content: The page at 'https://player.bilibili.com/player.html?bvid=bv1s4dGBUERC&autoplay=0&page=1' was loaded over HTTPS, but requested an insecure element 'http://i2.hdslb.com/bfs/archive/ee542760854e4833c8f3b6038f0e1633027cfcd2.jpg'. This request was automatically upgraded to HTTPS, For more information see https://blog.chromium.org/2019/10/no-more-mixed-messages-about-https.html @ https://player.bilibili.com/player.html?bvid=bv1s4dGBUERC&autoplay=0&page=1:0
[    3357ms] [WARNING] Mixed Content: The page at 'https://player.bilibili.com/player.html?bvid=bv1s4dGBUERC&autoplay=0&page=1' was loaded over HTTPS, but requested an insecure element 'http://i1.hdslb.com/bfs/archive/ecebedff3323f20d599d1908a364a8a7d1eeab06.jpg'. This request was automatically upgraded to HTTPS, For more information see https://blog.chromium.org/2019/10/no-more-mixed-messages-about-https.html @ https://player.bilibili.com/player.html?bvid=bv1s4dGBUERC&autoplay=0&page=1:0
[    3357ms] [WARNING] Mixed Content: The page at 'https://player.bilibili.com/player.html?bvid=bv1s4dGBUERC&autoplay=0&page=1' was loaded over HTTPS, but requested an insecure element 'http://i2.hdslb.com/bfs/archive/5fc8ca5467d0a897508a117f80fd170921b89107.jpg'. This request was automatically upgraded to HTTPS, For more information see https://blog.chromium.org/2019/10/no-more-mixed-messages-about-https.html @ https://player.bilibili.com/player.html?bvid=bv1s4dGBUERC&autoplay=0&page=1:0
[    3357ms] [WARNING] Mixed Content: The page at 'https://player.bilibili.com/player.html?bvid=bv1s4dGBUERC&autoplay=0&page=1' was loaded over HTTPS, but requested an insecure element 'http://i1.hdslb.com/bfs/archive/714c667bf90f0f5ee2e6f88a3aff7589ab8f1283.jpg'. This request was automatically upgraded to HTTPS, For more information see https://blog.chromium.org/2019/10/no-more-mixed-messages-about-https.html @ https://player.bilibili.com/player.html?bvid=bv1s4dGBUERC&autoplay=0&page=1:0
[    3377ms] [INFO] %c%s line-height: 30px; color: #FF6699 bili-fe-fp: 1.1.4 @ https://s1.hdslb.com/bfs/seed/jinkela/short/user-fingerprint/bili-user-fingerprint.min.js:0
[    3381ms] [ERROR] @bilibili/bili-user-fingerprint(report): report is not found @ https://s1.hdslb.com/bfs/seed/jinkela/short/user-fingerprint/bili-user-fingerprint.min.js:0
[   18708ms] [LOG] cloader v1.2 @ https://img.ithome.com/file/js/comment/comment.es5.min.js?v=1.1.202505211142:0
[   63299ms] [WARNING] The key "target-densitydpi" is not supported. @ https://www.guozaoke.com/:4
[   63730ms] [ERROR] Failed to load resource: net::ERR_CONNECTION_CLOSED @ https://stats.g.doubleclick.net/g/collect?v=2&tid=G-YTS4ZXTQK4&cid=1359843698.1778464248&gtm=45je6562v885136932za200zd885136932&rcb=19&aip=1&dma=0&gcd=13l3l3l3l1l1&npa=0&frm=0&tag_exp=0~115938466~115938469~118463261:0
[   64718ms] [ERROR] Failed to load resource: net::ERR_CONNECTION_CLOSED @ https://gtracenep.admaster.cc/ju/cs/google?google_gid=CAESECTbOzR6CQlGrlXQ9d7Zz-g&google_cver=1&google_push=AXcoOmQTCGTgB4bouCUGPNu9siRjeRI6JCo1vTLPnAKiyObaYZUYQN-m98vpKpdnxAA5zwIm1Yy4GvCFAHOoXyXt6BXGmcTWm_MmiyQ:0
[   64718ms] [ERROR] Failed to load resource: net::ERR_CONNECTION_CLOSED @ https://cm.g.doubleclick.net/pixel/attr?d=AHNF13LjvTl1SUFlxN9oWNz7mT4fAPcIxdiez4UObb6j56LyTCTIg2ac6x3uOHI-6MRqJ7qOKTmoHw:0
[   64968ms] [ERROR] Attestation check for Shared Storage on https://www.googleadservices.com failed. @ https://www.googleadservices.com/pagead/managed/js/activeview/current/reach_worklet.html:0
[   64718ms] [ERROR] Failed to load resource: net::ERR_CONNECTION_CLOSED @ https://gtracenep.admaster.cc/ju/cs/google?google_gid=CAESECTbOzR6CQlGrlXQ9d7Zz-g&google_cver=1&google_push=AXcoOmQTCGTgB4bouCUGPNu9siRjeRI6JCo1vTLPnAKiyObaYZUYQN-m98vpKpdnxAA5zwIm1Yy4GvCFAHOoXyXt6BXGmcTWm_MmiyQ:0
[   64718ms] [ERROR] Failed to load resource: net::ERR_CONNECTION_CLOSED @ https://cm.g.doubleclick.net/pixel/attr?d=AHNF13LjvTl1SUFlxN9oWNz7mT4fAPcIxdiez4UObb6j56LyTCTIg2ac6x3uOHI-6MRqJ7qOKTmoHw:0
[   64968ms] [ERROR] Attestation check for Shared Storage on https://www.googleadservices.com failed. @ https://www.googleadservices.com/pagead/managed/js/activeview/current/reach_worklet.html:0
[   65094ms] [ERROR] Failed to load resource: net::ERR_CONNECTION_CLOSED @ https://cm.g.doubleclick.net/pixel/attr?d=AHNF13KJjvB9WnhanIlmoN7P9acnchJtjJLNwz5cX0M5u9o6vsl4pAXQkBGvBOs3b_JJ_H6wjuud0oE:0
[   65099ms] [ERROR] Attestation check for Shared Storage on https://www.googleadservices.com failed. @ https://www.googleadservices.com/pagead/managed/js/activeview/current/reach_worklet.html:0
[   65112ms] [ERROR] Failed to load resource: net::ERR_CONNECTION_CLOSED @ https://cm.g.doubleclick.net/pixel?google_nid=geniee&google_hm=8w1U6Yri7d4iAqr-LW5mrg&google_push=AXcoOmQr9vwIGLPpLZq4jP__YbroT6DS_qrEwe8xzkNeY0jLm-ttDfba1by05zlqQONRonS7X0DG9i5a3jkMp7fhXJyDU6eOWQx0yQ:0
[   65177ms] [ERROR] Failed to load resource: net::ERR_CONNECTION_CLOSED @ https://cm.g.doubleclick.net/pixel?google_nid=dotomi&google_ula=17128,0&google_hm=AQAKPaizml9VnwJD5kChAQEBAQEBAQCfF87WFwEBAJ8XztYX&expiration=1778585580&google_cver=1&is_secure=true&google_gid=CAESEKW0FzW1J3dZ8s9mz90gz0A&google_push=AXcoOmSCUreG2ylH9SDaH3JGLKHUsqVLRJRB4qSKHynC8th8maNiIUJRgucBd0U-SljIBtCpVXihDxSZ5ojjGTaqUL9tFsxGSUFt:0
[   65187ms] [ERROR] Failed to load resource: net::ERR_CONNECTION_CLOSED @ https://cm.g.doubleclick.net/pixel?google_nid=geniee&google_hm=8w1U6Yri7d4iAqr-LW5mrg&google_push=AXcoOmSnNZeBDlW_rXelgQzeAxf0y7Z8lqedcRNGmwR9WebXr77d4I-bezR2CErhcsDrWDk3LLpOZmo-N8mSF7ZFRo6OAUKwrd4-:0
[   65373ms] [ERROR] Failed to load resource: net::ERR_CONNECTION_CLOSED @ https://cm.g.doubleclick.net/pixel?google_nid=sonet&google_push=AXcoOmTXlnG2BBdnHTcNdiFs30JPhwNn2A3SZghtBvT4668uK-_dLUe8kBpiOb4wqM_aEmxwxfLP-IDgHP_W_aAoi2FwJKkAer1Efw&google_hm=Abcsf26IQ7nDks8AKUaCp6aU88A:0
[   65483ms] [ERROR] Failed to load resource: net::ERR_CONNECTION_CLOSED @ https://cm.g.doubleclick.net/pixel?google_nid=one_tag&google_hm=&google_push=AXcoOmRwyTtjVeIVnpG3t3bg1x2km7Np3gLYlViDulgH-kb8VQGc5bpRT9eeqWYTf4ksuJU8zWB4DX10vnGXRq4WXjEOLItQKGZxHA:0
[   65551ms] [ERROR] Failed to load resource: net::ERR_CONNECTION_CLOSED @ https://cm.g.doubleclick.net/pixel?google_nid=inmobi_pte_limited&google_hm=MTRiMmRkYzQtOTdmNy00N2NhLTg5M2YtNmJhMzY5YTBmMTcy&google_gid=CAESEICgj30HGDl-ybxAmYja9l8&google_cver=1&google_push=AXcoOmSadHzEDQeiQjL_-dvNYE9Sgas2glwG-ad3QvOMoBNE0DNqE_5ABWJ25y0vGUBT70vwTCmwVBJikePlPgKllkCZmw2SJyK6aA:0
[   65678ms] [WARNING] <meta name="apple-mobile-web-app-capable" content="yes"> is deprecated. Please include <meta name="mobile-web-app-capable" content="yes"> @ https://www.guozaoke.com/:0
[   65772ms] [ERROR] Failed to load resource: net::ERR_CONNECTION_CLOSED @ https://cm.g.doubleclick.net/pixel?google_nid=freakout&google_push=AXcoOmSMK0MQ1aTA_C7_K_zQfdcLie3oO2Va2IE39Bk9Bnxf7laFlMEHoAQPfh6obXUlplcZe3sqR_-20X95yNCI5zSBuj1J3hH88A&google_hm=MmVjemMzdUdZT1FwRmplME13dldGN1RaTEVF&from_google=pc1:0
[   65804ms] [ERROR] Failed to load resource: net::ERR_CONNECTION_CLOSED @ https://cm.g.doubleclick.net/pixel?google_nid=adelphic_mobile&google_gid=CAESEBDAyi8S2R_-DTr-Qt_lymc&google_cver=1&google_push=AXcoOmShbv0MhOZ6q-sU0Gos7tFEgDzoBpZ-7-J_kYXJExy_DRN8StEsz4qfFhwNVP1jjFZeb480vK-RJIROtlzkgUxwCHMS_8C5uA&google_hm=Y1yKjjdpQJmKFy8Tq3-uCA==:0
[   65813ms] [ERROR] Failed to load resource: net::ERR_CONNECTION_CLOSED @ https://cm.g.doubleclick.net/pixel?google_nid=linkedin&google_push=AXcoOmRGjXOpH4yvqjyK7jy-FMXzholYkCLdwb2T1b-YImSZnSsOaZXYNJUDMweKF2oD_MC915d0dHjbTwnf4hFJvTzq0iPnZjxVRw:0
[   65874ms] [ERROR] Failed to load resource: net::ERR_CONNECTION_CLOSED @ https://cm.g.doubleclick.net/pixel?google_nid=baidu_mediago&google_push=AXcoOmSzxxaQm60lvzOE2b9XpEJW60-dpQza3AcntcGf6zgBd-zrhAWJC6IsJSpJt_7hN2wKYEpTKzUON04gP6D3yri7dEZswKCA_sg&google_hm=f304dd2f48daa56428dr5200mp0jp48f:0
[   65997ms] [ERROR] Failed to load resource: net::ERR_CONNECTION_CLOSED @ https://cm.g.doubleclick.net/pixel?google_ula=5153224&google_hm=n0co0EI9pKyVPNmjgLBEmXWIK4z7CAUJISwURyNBcko&pi=adx&tdc=ams&pi=adxab&google_nid=rtb_house&google_gid=CAESEEF2uMmgWThPS3L0KsgyfVk&google_cver=1&google_push=AXcoOmQMch_j4ZfjPWwU4AR0xW7QPutprmWr00JUTnN82ZxeyQj7PL9U7fmEbCHvnq87hWpslQiU_Q7kCumkCY8VgELuGBVlc-zl:0
[   66290ms] [ERROR] Failed to load resource: net::ERR_CONNECTION_CLOSED @ https://cm.g.doubleclick.net/pixel?google_nid=teadstv_ab&google_hm=MTM0NjE2MGEtOTJlOC00YjNhLWI4YTUtZDc0MmU5NDM0Mzhi&google_push=AXcoOmSx6D-3LjqU0fnC3Yd1P8WkmU4mNRwTUie9oNvqlPa59N2KrrstyHrqzi8AVFylYhrH5ClWXyM5_TJ1769y84P0JpuzWphrn1Y:0
[   66655ms] [ERROR] Failed to load resource: net::ERR_CONNECTION_CLOSED @ https://cm.g.doubleclick.net/pixel?google_nid=bdsw&google_push=AXcoOmTmkFXcZ8YvOVW79j2Q0HXuI5mV6DYYJTJ9b92Hv-j0Iu1R3VNrTQDYNs72CPXNmKzem0fFUqa3zSQR7R_ta3MrtaWxVJzUhg&google_hm=RgoqD6YsRXihUWo73itPTw==&gdpr=&gdpr_consent=:0
[   67298ms] [WARNING] The key "target-densitydpi" is not supported. @ https://www.guozaoke.com/t/130635#reply35:4
[   68491ms] [WARNING] <meta name="apple-mobile-web-app-capable" content="yes"> is deprecated. Please include <meta name="mobile-web-app-capable" content="yes"> @ https://www.guozaoke.com/t/130635#reply35:0
[   82957ms] [WARNING] The key "target-densitydpi" is not supported. @ https://www.guozaoke.com/:4
[   83756ms] [ERROR] Failed to load resource: net::ERR_CONNECTION_CLOSED @ https://cm.g.doubleclick.net/pixel/attr?d=AHNF13KYgcDHTmAx8midjhuneoNjBJ8rDkX9Sry3r3rK2Nf29iOln1GbWqx3vOAjMt9BKe-7He3XpI6v7w:0
[   83756ms] [ERROR] Failed to load resource: net::ERR_CONNECTION_CLOSED @ https://gtracenep.admaster.cc/ju/cs/google?google_gid=CAESECTbOzR6CQlGrlXQ9d7Zz-g&google_cver=1&google_push=AXcoOmSFM3gxVYSqtcEkDPoJ1gQtcrzOQl3EDFApkD1dnDxbYyHmXdETYPiL5C7VU7ujZMQhTpAdKYcipVd8_ziN1mGJbQ7LY4IUqe-D:0
[   83756ms] [ERROR] Failed to load resource: net::ERR_CONNECTION_CLOSED @ https://cm.g.doubleclick.net/pixel/attr?d=AHNF13KYgcDHTmAx8midjhuneoNjBJ8rDkX9Sry3r3rK2Nf29iOln1GbWqx3vOAjMt9BKe-7He3XpI6v7w:0
[   83756ms] [ERROR] Failed to load resource: net::ERR_CONNECTION_CLOSED @ https://gtracenep.admaster.cc/ju/cs/google?google_gid=CAESECTbOzR6CQlGrlXQ9d7Zz-g&google_cver=1&google_push=AXcoOmSFM3gxVYSqtcEkDPoJ1gQtcrzOQl3EDFApkD1dnDxbYyHmXdETYPiL5C7VU7ujZMQhTpAdKYcipVd8_ziN1mGJbQ7LY4IUqe-D:0
[   83809ms] [ERROR] Attestation check for Shared Storage on https://www.googleadservices.com failed. @ https://www.googleadservices.com/pagead/managed/js/activeview/current/reach_worklet.html:0
[   83809ms] [ERROR] Attestation check for Shared Storage on https://www.googleadservices.com failed. @ https://www.googleadservices.com/pagead/managed/js/activeview/current/reach_worklet.html:0
[   83827ms] [ERROR] Failed to load resource: net::ERR_CONNECTION_CLOSED @ https://gtracenep.admaster.cc/ju/cs/google?google_gid=CAESECTbOzR6CQlGrlXQ9d7Zz-g&google_cver=1&google_push=AXcoOmT7Al7xBsxW5vinTFzcZYtHgaZ-HC0YDe0FOFlC7uSTuOgOw4JC8g2EqRMGSIZtqes2X4XYl28HqNuNVnjcrN4DkDwcer3GIcY12pcZG5T1OsYK_waHp_KeePSyeDlivIgqKW6aty1BUEIP6NEIzuFd90Q:0
[   83832ms] [ERROR] Failed to load resource: net::ERR_CONNECTION_CLOSED @ https://cm.g.doubleclick.net/pixel/attr?d=AHNF13I637yhh7o4VGEb9qhs_diNhNTvDjpRtJsEwtiEKOSCrdfWPoy_AYybmHaH-AuVHUklRgM_t7g:0
[   83851ms] [ERROR] Attestation check for Shared Storage on https://www.googleadservices.com failed. @ https://www.googleadservices.com/pagead/managed/js/activeview/current/reach_worklet.html:0
[   84124ms] [ERROR] Failed to load resource: net::ERR_CONNECTION_CLOSED @ https://cm.g.doubleclick.net/pixel?google_nid=sonet&google_push=AXcoOmS1ponAt_FZY09siffp38zbQ3zcuEsjUZpHIsXWWJHN6frh1dXoDpRNy7dmmR--g88BBgLIri7WBXb0auLM4bxBCyNb9bCHE7RFKpDmpkkvUJqAk3j0ZaSfkaG7HkaAcjAUOQUWBQ--C5idnaFS0vCmOg&google_hm=Abcsf26IQ7nDks8AKUaCp6aU88A:0
[   84137ms] [ERROR] Failed to load resource: net::ERR_CONNECTION_CLOSED @ https://cm.g.doubleclick.net/pixel?google_nid=bdsw&google_push=AXcoOmTk7uDvRdqfTVDk2TpuOxPsIfirenBNizBKxEG2ZKb5ELDKCCbE4CVFwNLQCx5efL_YPl7hzF0AjUwipvVvzHn8BCitu8MAqA&google_hm=RgoqD6YsRXihUWo73itPTw==&gdpr=&gdpr_consent=:0
[   84156ms] [ERROR] Failed to load resource: net::ERR_CONNECTION_CLOSED @ https://cm.g.doubleclick.net/pixel?google_nid=unicorn&google_push=AXcoOmRpV7oee4qBByl0CIYnioe5m-3_myYfFvxCgpNMWlJPLBOMUoAPKjTEldJohV6qp7Wlb9REbh1mHgIyOFForqbSN--KDkGr8Q&google_hm=dl8xZWZiYzIxOS0xMDM2LTRhMDAtOWI4NC1kMWNjZDYxNjVmNjk:0
[   84156ms] [ERROR] Failed to load resource: net::ERR_CONNECTION_CLOSED @ https://cm.g.doubleclick.net/pixel?google_nid=unicorn&google_push=AXcoOmTStL3L1rVIlKEYxvjeKzPFD1-y_IzehkMYBFzNzzX9YCAw_8Z2zkiAAt39dL8jQyiM06LlJOsrffpovWRJ6GHzUWgIw424r2EuqTI0XKfLjGZQOCQDTONE4KfJlJD4ZWF7oLXZ7Q7VtyR9jCm3Az48uQ&google_hm=dl8xZWZiYzIxOS0xMDM2LTRhMDAtOWI4NC1kMWNjZDYxNjVmNjk:0
[   84207ms] [ERROR] Failed to load resource: net::ERR_CONNECTION_CLOSED @ https://cm.g.doubleclick.net/pixel?google_nid=geniee&google_hm=8w1U6Yri7d4iAqr-LW5mrg&google_push=AXcoOmRCt7AZ7HitntLFHG9xDQ3bNeBotuTS2LOtJ52EwQWongPsyMLLSJluCf3nkbhKSja4qukg2C65ZHGD1GsuNkrXUnua7Z-gP5hHFHl20xgUBabZN2ABYu139oFSpSkBkHPuedzu0WBFW6JMXcUb0gUeIg:0
[   84588ms] [ERROR] Failed to load resource: net::ERR_CONNECTION_CLOSED @ https://cm.g.doubleclick.net/pixel?google_nid=adkernel&google_hm=QTMwOTE2NDU2ODQ4MjgyNzQ3MDg&google_push=AXcoOmQzbnfb82VfL1OD6QS0iymzwTlYTTcXcejKMy0vEDUdig_mMGyYveeVsHm8_PNhsz6ReJIlCXDpfdpsVDMhtl0tTjkFy265sg:0
[   84610ms] [ERROR] Failed to load resource: net::ERR_CONNECTION_CLOSED @ https://cm.g.doubleclick.net/pixel?google_nid=advolve&google_push=AXcoOmQGlkI6EE6wdWXtN0_2ZYk4M1D3iDaiEniqBnJSTahw7q60xNau8XHraGW1SznKgfeqa72lxSNGS9Xq6Z_zJxpXoY6zqckXF976&google_hm=6a01360f78f7ee5cfcd5aff7&google_ula=9190312969:0
[   84611ms] [ERROR] Failed to load resource: net::ERR_CONNECTION_CLOSED @ https://cm.g.doubleclick.net/pixel?google_nid=toutiao_usd&google_push=AXcoOmSdI2lXOKhV5jRSn3zHdQ2xa5h-8K2Haz4JE2RnuhmQ01Rdxi8CocKLZzvTj5ITDnAwangC_OAmvSdRQpUDosLyJeHToUQuElxU:0
[   84615ms] [WARNING] <meta name="apple-mobile-web-app-capable" content="yes"> is deprecated. Please include <meta name="mobile-web-app-capable" content="yes"> @ https://www.guozaoke.com/:0
[   84685ms] [ERROR] Failed to load resource: net::ERR_CONNECTION_CLOSED @ https://cm.g.doubleclick.net/pixel?google_push=AXcoOmQPqOtvuw55q0u8vFvhlHAYuJH4aOL97Harn29Cm2cWL1u-Haqwh8YlwpZR7h0fc5argZgQjlCeZ9bqEfPZbGhDGQELIMDjB0N_yHww2rzx0QwW0nMlM84cinDgoVZoJyItIMIT2OAQHjvizD7myx_jM-RY&google_nid=temu_dsp2_:0
[   84887ms] [ERROR] Failed to load resource: net::ERR_CONNECTION_CLOSED @ https://cm.g.doubleclick.net/pixel?google_nid=adelphic_mobile&google_gid=CAESEBDAyi8S2R_-DTr-Qt_lymc&google_cver=1&google_push=AXcoOmQ1Yxh52VlY-tCsEd5SksyrMkMLzuuDbjqdID4BGR1jbjYVUeM3yLww_DvxIDfohPKjhpN8wRxmu9Y-KxbG2jPGaNwp861gZKxGIhOkmw5-gqVEvh3xIf7i5WGUWFj6bNKmR5jwxreJjNStv8kwpGPPlAw&google_hm=Y1yKjjdpQJmKFy8Tq3-uCA==:0
[   85002ms] [WARNING] The key "target-densitydpi" is not supported. @ https://www.guozaoke.com/t/130642#reply7:4
[   85952ms] [WARNING] <meta name="apple-mobile-web-app-capable" content="yes"> is deprecated. Please include <meta name="mobile-web-app-capable" content="yes"> @ https://www.guozaoke.com/t/130642#reply7:0
[  100084ms] [WARNING] The key "target-densitydpi" is not supported. @ https://www.guozaoke.com/:4
[  100980ms] [ERROR] Failed to load resource: net::ERR_CONNECTION_CLOSED @ https://cm.g.doubleclick.net/pixel/attr?d=AHNF13IEjuRXFBGdOxNp2AG99I_0KB21hBKOxUbp0XsuA5EpvwkE3ZTm7hXvNjn7g1mwMzShjzHjQs6o:0
[  100987ms] [ERROR] Failed to load resource: net::ERR_CONNECTION_CLOSED @ https://cm.g.doubleclick.net/pixel/attr?d=AHNF13L1eYK1LBb2t0MR77tLHjbt9Qodwub18qoH_jpBLMutQohgnaqKG1pLi0hp93BFHCBkJObLnxE:0
[  101020ms] [ERROR] Attestation check for Shared Storage on https://www.googleadservices.com failed. @ https://www.googleadservices.com/pagead/managed/js/activeview/current/reach_worklet.html:0
[  101022ms] [ERROR] Attestation check for Shared Storage on https://www.googleadservices.com failed. @ https://www.googleadservices.com/pagead/managed/js/activeview/current/reach_worklet.html:0
[  101090ms] [WARNING] <meta name="apple-mobile-web-app-capable" content="yes"> is deprecated. Please include <meta name="mobile-web-app-capable" content="yes"> @ https://www.guozaoke.com/:0
[  101340ms] [ERROR] Failed to load resource: net::ERR_CONNECTION_CLOSED @ https://cm.g.doubleclick.net/pixel?google_nid=one_tag&google_hm=&google_push=AXcoOmSGWgPKLVmdBPfjoGoUsJMJY_JLae1CF0hzZk4kc19ascO2zeZZAxArW7ATXGefvG5Std4ZTWk0w8DiRmRj2h_OUL0qaZgMYuRgxJLULOvUuGPf4YdWK1aaYXhZhN5h8GxHfAQbvafT2-8lfa8h9qsRnps:0
[  101358ms] [ERROR] Failed to load resource: net::ERR_CONNECTION_CLOSED @ https://cm.g.doubleclick.net/pixel?google_nid=1024&google_ula=1641347&google_hm=ODE1MzI2NzMzNjUxOTE0NDI&google_push=AXcoOmT02Ap0fZojFZp6qwCDfKE8WjsOru20QlD4L5vjdJC2BCGmDkz2l0Aon9GapoVKkOo8kl6hdk431jq14h62ZtIFlIIdg5f6jllfOQraTfC1oU1hgkXPOwez-tBobqtjI2Zkez-BUOTEf881C1a9xM0st3M:0
[  101364ms] [ERROR] Failed to load resource: net::ERR_CONNECTION_CLOSED @ https://cm.g.doubleclick.net/pixel?google_nid=bdsw&google_push=AXcoOmSYWo3WGrIBI924UfoqMAOCXaJhf6_1EiF_YeqtUFVO7QLcWJNplcbWZOycfEgjsIzsTKIj2Eb2xvAt1oIGUt1WsSY-ndMZrB1X9Qs2ki_9-ORJDzDZPqdRxB0hMzW2g5zNJJY3Dr5luaTLsSW0o31UWw&google_hm=RgoqD6YsRXihUWo73itPTw==&gdpr=&gdpr_consent=:0
[  101374ms] [ERROR] Failed to load resource: net::ERR_CONNECTION_CLOSED @ https://cm.g.doubleclick.net/pixel?google_nid=cjp&google_hm=ay00YkhGdHdzUVAyWVZEa1lJWVNPYW5hZk51RXhseVEwVzdnUDR1UQ&google_push=AXcoOmSk0d-g5BKEnOWNxHiqc8JFhFuLTD2ta0rTjDq1EBt3bQVYlVBN8y50MjpJ-McmOdcI5rU3et_zJZH5UHIo8txQLThOCZBjBNijER30-vgFtMzMJ2qtYDgGdipVCKFxzOdsKB46Z9fN6jgf53WWwglLBA:0
[  101408ms] [ERROR] Failed to load resource: net::ERR_CONNECTION_CLOSED @ https://cm.g.doubleclick.net/pixel?google_nid=aplv&google_push=AXcoOmQN8KfUQEAdqaI7OXgk5FVjdsNW25Fus5vQCF7LOtLBhVnE9cCj99mINqCjeyG3kmKtF19bNcttsYixIeQymCZQvb-0U85-T1in8Xr9DmBiASQ0kLuP_B8hzuh0SPrZE7z9yqEINNVnXiYsEc1JC76O6QI:0
[  101412ms] [ERROR] Failed to load resource: net::ERR_CONNECTION_CLOSED @ https://cm.g.doubleclick.net/pixel?google_nid=geniee&google_hm=8w1U6Yri7d4iAqr-LW5mrg&google_push=AXcoOmQjIHRSszQSVNEvwVdT2aIn-buWgva5i8yS1OzbEwYp9b-_3Bdk-3xbnnov8oT7j3RtbF-Sueq6vEpUpfGxsI8fkbXVYU5Pp6RlagIT5xlkrGauCeMO3u0Kdp6BAi0AbgBL5wHKAk4kAkmArquRJ4_u15A:0
[  101422ms] [ERROR] Failed to load resource: net::ERR_CONNECTION_CLOSED @ https://cm.g.doubleclick.net/pixel?google_nid=moloco_ads&google_hm=CpQiYxWlSGy24A_CClQCbg&google_push=AXcoOmSvY-6Da0iF_Bfe2unwNliQP-9Es74la-KSou2BxoVEQUYsxnVqjEEYcPwMrAMza0yfcaAZqMWsmpla8j827VfnlU0yE3yZ0gFuhJlrdSvdtB5ZCgZwKQGci1QeCLnbCJsgcgHxpceYE0G4KL39c39OVnQ:0
[  101675ms] [ERROR] Failed to load resource: net::ERR_CONNECTION_CLOSED @ https://cm.g.doubleclick.net/pixel?google_nid=g8f47s39e399f3fe&google_hm=YWdFMnB3QUFBU3NQblFBOQ==&google_gid=CAESEPSxh4C2VNG4KPMgcpsvcbU&google_cver=1&google_push=AXcoOmQMCxgSqsJwUzE0_sPjf0Gx1-SLNMYMlTJYKlEHuRL3cF_Q3gTmm6nPYY-ENZ75jpJIAnhE_JsvwFG8AzY4A0PyA4YLr9lfAEIEG9fAN1cp28HiHGRIo3UpJaVjEY_8Do29wa8yuVRitqLKlbMZGrqmmg:0
[  101779ms] [ERROR] Failed to load resource: net::ERR_CONNECTION_CLOSED @ https://cm.g.doubleclick.net/pixel?google_nid=adkernel&google_hm=QTMwOTE2NDU2ODQ4MjgyNzQ3MDg&google_push=AXcoOmR4htZeBpyRKp_m2O7JRGkE6W6fIYMq9dH1iHqZSfxsLGbyrgBfWqCrhjGZ8yZRntdRL5llv-az4sqI7Opi8gswx9PsHp-Yt-ilYUWLHZYXWFPgnSsGdUGcISRea2dKFLTuHIuChNG3eLmcAan8MVZOT2w:0
[  101808ms] [ERROR] Failed to load resource: net::ERR_CONNECTION_CLOSED @ https://cm.g.doubleclick.net/pixel?google_nid=toutiao_usd&google_push=AXcoOmRoOEUxeLjaCRSxI7vBs3Fe1xOCpJAZkUQBSeuZ1QmEGqYTiuPbzSWkqmPAPRkjfW7p9-fg83-cvk0lTOjtprUaUdTigErg7tk8HoHA800MuaQnvwjeKBQIeNaYEJomxIyyrmvOCsNQuzQPKJHEF1DhKTg:0
[  101823ms] [ERROR] Failed to load resource: net::ERR_CONNECTION_CLOSED @ https://cm.g.doubleclick.net/pixel?google_nid=toutiao_usd&google_push=AXcoOmQ9EKd77eCGvvrCACGC5zWUs21j-WMakRAn3P4wRjGIeU2HrOI85EuaObTtMMUdJK0XVKYjxVs8Q3BvZIsNqO5O2Qpl-76GLbxbfaPr1NzOnlbEKhD5viirYSZZtLWkh54ebDKtmjULW7deHqmLsnH7Mm0r:0
[  101841ms] [ERROR] Failed to load resource: net::ERR_CONNECTION_CLOSED @ https://cm.g.doubleclick.net/pixel?google_push=AXcoOmTY1OClU7pb9VhTzp4p7PIdzqKzPP977ljaXXcGeq7FKHVXAnYjKXXwf38AI3JPrjrZY3jBwM-JI3Bm88p-BL8mC1ZKXgHVegaJb77GJ2clR4BXj9FfBPpviluYP13C2cJPReHSPY4DbTr0crD4DJrSKvPQ&google_nid=temu_dsp2_:0
[  101853ms] [ERROR] Failed to load resource: net::ERR_CONNECTION_CLOSED @ https://cm.g.doubleclick.net/pixel?google_nid=advolve&google_push=AXcoOmR_tt8RJTKuSHp6bdr4UH3h-eiMcZv6GMm7hemOxR9tezxDDI3aW8QtySllbeKGkIAmqK7ZnP8bJ_exeQkw3F3Qmcios58vtbiPGeZyBy1jGyL9PLzO2UfjzkYayz0XVu40GCr5f2QjwcbOwRjGv9Vnu6w&google_hm=6a01360f78f7ee5cfcd5aff7&google_ula=9190312969:0
[  101962ms] [ERROR] Failed to load resource: net::ERR_CONNECTION_CLOSED @ https://cm.g.doubleclick.net/pixel?google_nid=admatrix_dsp&google_push=AXcoOmTJTUy-UTZJjj2DSUX0rU8bwK7h_Ejhz4YkYFzRIw3uNLbM5auNV2dvQKZ2iC1V9x50PhOt84oAzEklQUEg2CA2-SDbyWwvU92rRJS82twrlOwzTSseplgUNQPKQE4SFmAy9TpVrTTUTVQyqlA7_OOegKtF&google_hm=M1JreVl1b2lyWDY=&suid-set=1:0
