[     107ms] [LOG] %c..........^♥♥♥♥♥♥♥♥♥♥♥♥♥♥♥♥♥♥♥♥♥♥♥♥♥♥♥♥♥♥♥♥♥♥♥♥♥♥♥♥♥♥♥♥♥♥♥♥♥♥♥♥♥♥♥♥♥^..........
........,♥♥♥♥♥♥♥♥♥♥♥♥♥♥♥♥♥♥♥♥♥♥♥♥♥♥♥♥♥♥♥♥♥♥♥♥♥♥♥♥♥♥♥♥♥♥♥♥♥♥♥♥♥♥♥♥♥♥♥♥♥^........
........=♥♥♥♥♥♥♥♥♥♥♥♥♥♥♥♥♥♥♥♥♥♥♥♥♥♥♥♥♥♥♥♥♥♥♥♥♥♥♥♥♥♥♥♥♥♥♥♥♥♥♥♥♥♥♥♥♥♥♥♥♥^........
........=♥♥♥♥♥♥♥♥♥♥♥^.........♥♥♥♥♥♥........................♥♥♥♥♥♥♥♥♥♥^........
........=♥♥♥♥♥♥♥♥♥♥♥^.........♥♥♥♥♥♥........................♥♥♥♥♥♥♥♥♥♥^........
........=♥♥♥♥♥♥♥♥♥♥♥^.........♥♥♥♥♥♥........................♥♥♥♥♥♥♥♥♥♥^........
........=♥♥♥♥♥♥♥♥♥♥♥^.........♥♥♥♥♥♥♥♥♥♥♥♥♥^.........♥♥♥♥♥♥♥♥♥♥♥♥♥♥♥♥♥^........
........=♥♥♥♥♥♥♥♥♥♥♥^.........♥♥♥♥♥♥♥♥♥♥♥♥♥^.........♥♥♥♥♥♥♥♥♥♥♥♥♥♥♥♥♥^........
........=♥♥♥♥♥♥♥♥♥♥♥^.........♥♥♥♥♥♥♥♥♥♥♥♥♥^.........♥♥♥♥♥♥♥♥♥♥♥♥♥♥♥♥♥^........
........=♥♥♥♥♥♥♥♥♥♥♥^.........♥♥♥♥♥♥♥♥♥♥♥♥♥^.........♥♥♥♥♥♥♥♥♥♥♥♥♥♥♥♥♥^........
........=♥♥♥♥♥♥♥♥♥♥♥^.........♥♥♥♥♥♥♥♥♥♥♥♥♥^.........♥♥♥♥♥♥♥♥♥♥♥♥♥♥♥♥♥^........
........=♥♥♥♥♥♥♥♥♥♥♥^.........♥♥♥♥♥♥♥♥♥♥♥♥♥^.........♥♥♥♥♥♥♥♥♥♥♥♥♥♥♥♥♥^........
........=♥♥♥♥♥♥♥♥♥♥♥^.........♥♥♥♥♥♥♥♥♥♥♥♥♥^.........♥♥♥♥♥♥♥♥♥♥♥♥♥♥♥♥♥^........
........=♥♥♥♥♥♥♥♥♥♥♥^.........♥♥♥♥♥♥♥♥♥♥♥♥♥^.........♥♥♥♥♥♥♥♥♥♥♥♥♥♥♥♥♥^........
........=♥♥♥♥♥♥♥♥♥♥♥♥♥♥♥♥♥♥♥♥♥♥♥♥♥♥♥♥♥♥♥♥♥♥^%cI.LIKE.IT%c♥♥♥♥♥♥♥♥♥♥♥♥♥♥♥♥♥^........
........=♥♥♥♥♥♥♥♥♥♥♥♥♥♥♥♥♥♥♥♥♥♥♥♥♥♥♥♥♥♥♥♥♥♥♥♥♥♥♥♥♥♥♥♥♥♥♥♥♥♥♥♥♥♥♥♥♥♥♥♥♥^........
.........♥♥♥♥♥♥♥♥♥♥♥♥♥♥♥♥♥♥♥♥♥♥♥♥♥♥♥♥♥♥♥♥♥♥♥♥♥♥♥♥♥♥♥♥♥♥♥♥♥♥♥♥♥♥♥♥♥♥♥♥^.........
...........................................,♥♥♥♥♥♥♥♥♥♥♥........................
..............................................♥♥♥♥♥♥♥♥♥........................
.................................................♥♥♥♥♥♥........................
...................................................,♥♥♥........................
......... 有兴趣加入IT之家开发团队？可发送您的简历至邮箱：lihuijie@ruanmei.com
......... 招聘岗位：.Net后端、安卓/iOS移动开发、UI设计。期待您的来信~
............................................................................... color:#000 color:#d22222;font-weight:bold; color:#000 @ https://img.ithome.com/file/js/v2.3/common.js?t=20240112:520
[     320ms] [ERROR] Access to XMLHttpRequest at 'https://napi.ithome.com/api/douyin/GetLiveInfo' from origin 'https://www.ithome.com' has been blocked by CORS policy: No 'Access-Control-Allow-Origin' header is present on the requested resource. @ https://www.ithome.com/0/948/436.htm:0
[     320ms] [ERROR] Failed to load resource: net::ERR_FAILED @ https://napi.ithome.com/api/douyin/GetLiveInfo:0
[     451ms] [WARNING] Deprecation warning: moment().zone is deprecated, use moment().utcOffset instead. http://momentjs.com/guides/#/warnings/zone/
Arguments: +08:00
Error
    at k.zone (https://img.ithome.com/app/calendar/js/moment.min.js:1:3274)
    at wn.loadEventDetail (https://img.ithome.com/app/calendar/js/event-card.js?v=202604201555:143:67)
    at https://img.ithome.com/app/calendar/js/event-card.js?v=202604201555:110:16
    at RuanmeiJsFunctions.ready (https://dat.ruanmei.com/lib/rm-js-sdk.min.js?v=202001101661:1:13660)
    at wn.created (https://img.ithome.com/app/calendar/js/event-card.js?v=202604201555:109:12)
    at He (https://s1.pstatp.com/cdn/expire-1-M/vue/2.6.10/vue.min.js?v=202001101661:6:11397)
    at Yt (https://s1.pstatp.com/cdn/expire-1-M/vue/2.6.10/vue.min.js?v=202001101661:6:25339)
    at t._init (https://s1.pstatp.com/cdn/expire-1-M/vue/2.6.10/vue.min.js?v=202001101661:6:33005)
    at new wn (https://s1.pstatp.com/cdn/expire-1-M/vue/2.6.10/vue.min.js?v=202001101661:6:30368)
    at rendEventCard (https://img.ithome.com/app/calendar/js/event-card.js?v=202604201555:100:5) @ https://img.ithome.com/app/calendar/js/moment.min.js:0
[    8993ms] [LOG] cloader v1.2 @ https://img.ithome.com/file/js/comment/comment.es5.min.js?v=1.1.202505211142:0
