[     153ms] [ERROR] Loading the font 'https://k2mkucxia43oc7fa.public.blob.vercel-storage.com/front/fonts/space-mono/space-mono-v11-latin-regular.woff2' violates the following Content Security Policy directive: "font-src 'self' vercel.com assets.vercel.com vercel.live fonts.gstatic.com *.vercel.sh". The action has been blocked. @ https://vercel.com/:368
[     154ms] [ERROR] Loading the font 'https://lishhsx6kmthaacj.public.blob.vercel-storage.com/fonts/dseg7classic-bold.counter.woff2' violates the following Content Security Policy directive: "font-src 'self' vercel.com assets.vercel.com vercel.live fonts.gstatic.com *.vercel.sh". The action has been blocked. @ https://vercel.com/:368
[     245ms] [LOG] %c
▲

__  __                                     _            __
\ \/ /___  __  __   _________ _____       (_)_  _______/ /_
 \  / __ \/ / / /  / ___/ __ `/ __ \     / / / / / ___/ __/
 / / /_/ / /_/ /  / /__/ /_/ / / / /    / / /_/ (__  ) /_
/_/\____/\__,_/   \___/\__,_/_/ /_/  __/ /\__,_/____/\__/
         __    _          __  __    /___/
   _____/ /_  (_)___     / /_/ /_  (_)___  ____ ______
  / ___/ __ \/ / __ \   / __/ __ \/ / __ \/ __ `/ ___/
 (__  ) / / / / /_/ /  / /_/ / / / / / / / /_/ (__  )
/____/_/ /_/_/ .___/   \__/_/ /_/_/_/ /_/\__, /____/
            /_/                         /____/
  

Hello!

- Open Source https://vercel.com/oss
- Careers https://vercel.com/careers
- Status https://vercel-status.com

 font-family: "Geist Mono", monospace; white-space: pre; line-height: 1; @ https://vercel.com/vc-ap-vercel-marketing/_next/static/immutable/chunks/40_wkoo486rnl.js:78
[     804ms] [ERROR] Failed to load resource: the server responded with a status of 403 () @ https://vercel.com/api/jwt:0
[    1106ms] [ERROR] Loading the image 'https://py8fhxnkzwtsqdo9.public.blob.vercel-storage.com/front/favicon/vercel/android-chrome-192x192.png' violates the following Content Security Policy directive: "img-src 'self' blob: data: *.github.io avatars.githubusercontent.com user-images.githubusercontent.com vercel.com vercel.live *.vercel.sh assets.vercel.com cdn.raster.app https://images.ctfassets.net https://www.google.com https://i.ytimg.com https://s3.amazonaws.com pbs.twimg.com https://www.gravatar.com https://lishhsx6kmthaacj.public.blob.vercel-storage.com". The action has been blocked. @ https://vercel.com/:0
[    1107ms] [WARNING] Error while trying to use the following icon from the Manifest: https://py8fhxnkzwtsqdo9.public.blob.vercel-storage.com/front/favicon/vercel/android-chrome-192x192.png (Download error or resource isn't a valid image) @ https://vercel.com/:0
[    1175ms] [WARNING] Deprecated API for given entry type. @ https://vercel.com/vc-ap-vercel-marketing/_next/static/immutable/chunks/1s-f2pdno4p9t.js:18
[    1475ms] [ERROR] Connecting to 'https://ai-sdk.dev/' violates the following Content Security Policy directive: "connect-src 'self' data: *.ingest.sentry.io *.ingest.us.sentry.io wss://ws-us3.pusher.com sockjs-use3.pusher.com react-tweet.vercel.app https://*.contentful.com www.vercel-status.com unpkg.com vercel.com *.vercel.com assets.vercel.com *.vercel.sh vercel.live wss://*.vercel.com *.codesandbox.io localhost:* chrome-extension://* https://www.youtube-nocookie.com https://risk.clearbit.com https://react-tweet.vercel.app/* cdp.vercel.com". The action has been blocked. @ https://vercel.com/:0
[    2645ms] [ERROR] Loading the font 'https://k2mkucxia43oc7fa.public.blob.vercel-storage.com/front/fonts/space-mono/space-mono-v11-latin-regular.woff2' violates the following Content Security Policy directive: "font-src 'self' *.vercel.com *.gstatic.com vercel.live". The action has been blocked. @ https://vercel.com/login:0
[    2740ms] [LOG] %c
▲

    ____                               _ __
   / __ \________  ____ _____ ___     (_) /_
  / / / / ___/ _ \/ __ `/ __ `__ \   / / __/
 / /_/ / /  /  __/ /_/ / / / / / /  / / /__
/_____/_/   \___/\__,_/_/ /_/ /_/  /_/\__( )
   _____ __    _          _ __           |/
  / ___// /_  (_)___     (_) /_
  \__ \/ __ \/ / __ \   / / __/
 ___/ / / / / / /_/ /  / / /_
/____/_/ /_/_/ .___/  /_/\__/
            /_/
  

Hello!

- Open Source https://vercel.com/oss
- Careers https://vercel.com/careers
- Status https://vercel-status.com

 font-family: "Geist Mono", monospace; white-space: pre; line-height: 1; @ https://vercel.com/_next/static/chunks/2g0axoh_w9yfh.js?dpl=dpl_AKG8ypqBgFfP1ntZvZNaBSTTYRfn:78
[    2991ms] [WARNING] Deprecated API for given entry type. @ https://vercel.com/_next/static/chunks/1a7e-ig7xwiza.js?dpl=dpl_AKG8ypqBgFfP1ntZvZNaBSTTYRfn:18
[    3045ms] [ERROR] Failed to load resource: the server responded with a status of 403 () @ https://vercel.com/api/jwt:0
[    3738ms] [WARNING] [GSI_LOGGER]: Your client application uses one of the Google One Tap prompt UI status methods that may stop functioning when FedCM becomes mandatory. Refer to the migration guide to update your code accordingly and opt-in to FedCM to test your changes. Learn more: https://developers.google.com/identity/gsi/web/guides/fedcm-migration?s=dc#display_moment and https://developers.google.com/identity/gsi/web/guides/fedcm-migration?s=dc#skipped_moment @ https://vercel.com/_next/static/chunks/1a7e-ig7xwiza.js?dpl=dpl_AKG8ypqBgFfP1ntZvZNaBSTTYRfn:16
[    4059ms] [ERROR] The request has been aborted. @ https://vercel.com/login:0
[    4060ms] [ERROR] [GSI_LOGGER]: FedCM get() rejects with AbortError: signal is aborted without reason @ https://vercel.com/_next/static/chunks/101r2c7j6i-hl.js?dpl=dpl_AKG8ypqBgFfP1ntZvZNaBSTTYRfn:1
[    4160ms] [ERROR] Failed to load resource: the server responded with a status of 429 () @ https://o205439.ingest.sentry.io/api/1323670/envelope/?sentry_key=d00780d432ac4ccf882f60dd02062e14&sentry_version=7&sentry_client=sentry.javascript.browser%2F7.111.0:0
[    4522ms] [ERROR] Failed to load resource: net::ERR_CERT_DATE_INVALID @ https://cdn1.vercel.com/vercel.svg:0
[    7006ms] [ERROR] Loading the font 'https://k2mkucxia43oc7fa.public.blob.vercel-storage.com/front/fonts/space-mono/space-mono-v11-latin-regular.woff2' violates the following Content Security Policy directive: "font-src 'self' *.vercel.com *.gstatic.com vercel.live". The action has been blocked. @ https://vercel.com/laoertongzhis-projects:619
[    7021ms] [LOG] %c
▲

    ____                               _ __
   / __ \________  ____ _____ ___     (_) /_
  / / / / ___/ _ \/ __ `/ __ `__ \   / / __/
 / /_/ / /  /  __/ /_/ / / / / / /  / / /__
/_____/_/   \___/\__,_/_/ /_/ /_/  /_/\__( )
   _____ __    _          _ __           |/
  / ___// /_  (_)___     (_) /_
  \__ \/ __ \/ / __ \   / / __/
 ___/ / / / / / /_/ /  / / /_
/____/_/ /_/_/ .___/  /_/\__/
            /_/
  

Hello!

- Open Source https://vercel.com/oss
- Careers https://vercel.com/careers
- Status https://vercel-status.com

 font-family: "Geist Mono", monospace; white-space: pre; line-height: 1; @ https://vercel.com/_next/static/chunks/2g0axoh_w9yfh.js?dpl=dpl_AKG8ypqBgFfP1ntZvZNaBSTTYRfn:78
[    7896ms] [ERROR] Failed to load resource: net::ERR_CERT_DATE_INVALID @ https://cdn1.vercel.com/vercel.svg:0
[    8367ms] [WARNING] Deprecated API for given entry type. @ https://vercel.com/_next/static/chunks/1a7e-ig7xwiza.js?dpl=dpl_AKG8ypqBgFfP1ntZvZNaBSTTYRfn:18
[   19105ms] [WARNING] The resource https://vercel.com/_next/static/chunks/1l21dsz6xlr6h.css?dpl=dpl_AKG8ypqBgFfP1ntZvZNaBSTTYRfn was preloaded using link preload but not used within a few seconds from the window's load event. Please make sure it has an appropriate `as` value and it is preloaded intentionally. @ https://vercel.com/laoertongzhis-projects:0
[   19106ms] [WARNING] The resource https://vercel.com/_next/static/chunks/3j7d6ld0gjv-a.css?dpl=dpl_AKG8ypqBgFfP1ntZvZNaBSTTYRfn was preloaded using link preload but not used within a few seconds from the window's load event. Please make sure it has an appropriate `as` value and it is preloaded intentionally. @ https://vercel.com/laoertongzhis-projects:0
[   19106ms] [WARNING] The resource https://vercel.com/_next/static/chunks/2cegy48-lpb69.css?dpl=dpl_AKG8ypqBgFfP1ntZvZNaBSTTYRfn was preloaded using link preload but not used within a few seconds from the window's load event. Please make sure it has an appropriate `as` value and it is preloaded intentionally. @ https://vercel.com/laoertongzhis-projects:0
[   19106ms] [WARNING] The resource https://vercel.com/_next/static/chunks/1tiefx_0-i8d9.css?dpl=dpl_AKG8ypqBgFfP1ntZvZNaBSTTYRfn was preloaded using link preload but not used within a few seconds from the window's load event. Please make sure it has an appropriate `as` value and it is preloaded intentionally. @ https://vercel.com/laoertongzhis-projects:0
[   19106ms] [WARNING] The resource https://vercel.com/_next/static/media/797e433ab948586e.p.0w5z4e7s8jfe5.woff2?dpl=dpl_AKG8ypqBgFfP1ntZvZNaBSTTYRfn was preloaded using link preload but not used within a few seconds from the window's load event. Please make sure it has an appropriate `as` value and it is preloaded intentionally. @ https://vercel.com/laoertongzhis-projects:0
[   19106ms] [WARNING] The resource https://vercel.com/_next/static/chunks/0abkm_6n_8bff.css?dpl=dpl_AKG8ypqBgFfP1ntZvZNaBSTTYRfn was preloaded using link preload but not used within a few seconds from the window's load event. Please make sure it has an appropriate `as` value and it is preloaded intentionally. @ https://vercel.com/laoertongzhis-projects:0
[   19106ms] [WARNING] The resource https://vercel.com/_next/static/chunks/1go2vinjiwjy8.css?dpl=dpl_AKG8ypqBgFfP1ntZvZNaBSTTYRfn was preloaded using link preload but not used within a few seconds from the window's load event. Please make sure it has an appropriate `as` value and it is preloaded intentionally. @ https://vercel.com/laoertongzhis-projects:0
[   19106ms] [WARNING] The resource https://vercel.com/_next/static/chunks/10i5upuej7223.css?dpl=dpl_AKG8ypqBgFfP1ntZvZNaBSTTYRfn was preloaded using link preload but not used within a few seconds from the window's load event. Please make sure it has an appropriate `as` value and it is preloaded intentionally. @ https://vercel.com/laoertongzhis-projects:0
[   19106ms] [WARNING] The resource https://vercel.com/_next/static/chunks/0tv257fx586gu.css?dpl=dpl_AKG8ypqBgFfP1ntZvZNaBSTTYRfn was preloaded using link preload but not used within a few seconds from the window's load event. Please make sure it has an appropriate `as` value and it is preloaded intentionally. @ https://vercel.com/laoertongzhis-projects:0
[   19106ms] [WARNING] The resource https://vercel.com/_next/static/media/caa3a2e1cccd8315.p.0wgildi0cnwt9.woff2?dpl=dpl_AKG8ypqBgFfP1ntZvZNaBSTTYRfn was preloaded using link preload but not used within a few seconds from the window's load event. Please make sure it has an appropriate `as` value and it is preloaded intentionally. @ https://vercel.com/laoertongzhis-projects:0
[   19106ms] [WARNING] The resource https://vercel.com/_next/static/chunks/0_mwmt195c5-v.css?dpl=dpl_AKG8ypqBgFfP1ntZvZNaBSTTYRfn was preloaded using link preload but not used within a few seconds from the window's load event. Please make sure it has an appropriate `as` value and it is preloaded intentionally. @ https://vercel.com/laoertongzhis-projects:0
[   22679ms] [WARNING] The resource https://vercel.com/_next/static/chunks/1l21dsz6xlr6h.css?dpl=dpl_AKG8ypqBgFfP1ntZvZNaBSTTYRfn was preloaded using link preload but not used within a few seconds from the window's load event. Please make sure it has an appropriate `as` value and it is preloaded intentionally. @ https://vercel.com/laoertongzhis-projects:0
[   22679ms] [WARNING] The resource https://vercel.com/_next/static/chunks/3j7d6ld0gjv-a.css?dpl=dpl_AKG8ypqBgFfP1ntZvZNaBSTTYRfn was preloaded using link preload but not used within a few seconds from the window's load event. Please make sure it has an appropriate `as` value and it is preloaded intentionally. @ https://vercel.com/laoertongzhis-projects:0
[   22679ms] [WARNING] The resource https://vercel.com/_next/static/chunks/2cegy48-lpb69.css?dpl=dpl_AKG8ypqBgFfP1ntZvZNaBSTTYRfn was preloaded using link preload but not used within a few seconds from the window's load event. Please make sure it has an appropriate `as` value and it is preloaded intentionally. @ https://vercel.com/laoertongzhis-projects:0
[   22679ms] [WARNING] The resource https://vercel.com/_next/static/chunks/1tiefx_0-i8d9.css?dpl=dpl_AKG8ypqBgFfP1ntZvZNaBSTTYRfn was preloaded using link preload but not used within a few seconds from the window's load event. Please make sure it has an appropriate `as` value and it is preloaded intentionally. @ https://vercel.com/laoertongzhis-projects:0
[   22679ms] [WARNING] The resource https://vercel.com/_next/static/media/797e433ab948586e.p.0w5z4e7s8jfe5.woff2?dpl=dpl_AKG8ypqBgFfP1ntZvZNaBSTTYRfn was preloaded using link preload but not used within a few seconds from the window's load event. Please make sure it has an appropriate `as` value and it is preloaded intentionally. @ https://vercel.com/laoertongzhis-projects:0
[   22679ms] [WARNING] The resource https://vercel.com/_next/static/chunks/0abkm_6n_8bff.css?dpl=dpl_AKG8ypqBgFfP1ntZvZNaBSTTYRfn was preloaded using link preload but not used within a few seconds from the window's load event. Please make sure it has an appropriate `as` value and it is preloaded intentionally. @ https://vercel.com/laoertongzhis-projects:0
[   22679ms] [WARNING] The resource https://vercel.com/_next/static/chunks/1go2vinjiwjy8.css?dpl=dpl_AKG8ypqBgFfP1ntZvZNaBSTTYRfn was preloaded using link preload but not used within a few seconds from the window's load event. Please make sure it has an appropriate `as` value and it is preloaded intentionally. @ https://vercel.com/laoertongzhis-projects:0
[   22679ms] [WARNING] The resource https://vercel.com/_next/static/chunks/10i5upuej7223.css?dpl=dpl_AKG8ypqBgFfP1ntZvZNaBSTTYRfn was preloaded using link preload but not used within a few seconds from the window's load event. Please make sure it has an appropriate `as` value and it is preloaded intentionally. @ https://vercel.com/laoertongzhis-projects:0
[   22679ms] [WARNING] The resource https://vercel.com/_next/static/chunks/0tv257fx586gu.css?dpl=dpl_AKG8ypqBgFfP1ntZvZNaBSTTYRfn was preloaded using link preload but not used within a few seconds from the window's load event. Please make sure it has an appropriate `as` value and it is preloaded intentionally. @ https://vercel.com/laoertongzhis-projects:0
[   22679ms] [WARNING] The resource https://vercel.com/_next/static/media/caa3a2e1cccd8315.p.0wgildi0cnwt9.woff2?dpl=dpl_AKG8ypqBgFfP1ntZvZNaBSTTYRfn was preloaded using link preload but not used within a few seconds from the window's load event. Please make sure it has an appropriate `as` value and it is preloaded intentionally. @ https://vercel.com/laoertongzhis-projects:0
[   22679ms] [WARNING] The resource https://vercel.com/_next/static/chunks/0_mwmt195c5-v.css?dpl=dpl_AKG8ypqBgFfP1ntZvZNaBSTTYRfn was preloaded using link preload but not used within a few seconds from the window's load event. Please make sure it has an appropriate `as` value and it is preloaded intentionally. @ https://vercel.com/laoertongzhis-projects:0
[  612737ms] [WARNING] The resource https://vercel.com/_next/static/chunks/1l21dsz6xlr6h.css?dpl=dpl_AKG8ypqBgFfP1ntZvZNaBSTTYRfn was preloaded using link preload but not used within a few seconds from the window's load event. Please make sure it has an appropriate `as` value and it is preloaded intentionally. @ https://vercel.com/laoertongzhis-projects:0
[  612738ms] [WARNING] The resource https://vercel.com/_next/static/chunks/3j7d6ld0gjv-a.css?dpl=dpl_AKG8ypqBgFfP1ntZvZNaBSTTYRfn was preloaded using link preload but not used within a few seconds from the window's load event. Please make sure it has an appropriate `as` value and it is preloaded intentionally. @ https://vercel.com/laoertongzhis-projects:0
[  612738ms] [WARNING] The resource https://vercel.com/_next/static/chunks/2cegy48-lpb69.css?dpl=dpl_AKG8ypqBgFfP1ntZvZNaBSTTYRfn was preloaded using link preload but not used within a few seconds from the window's load event. Please make sure it has an appropriate `as` value and it is preloaded intentionally. @ https://vercel.com/laoertongzhis-projects:0
[  612738ms] [WARNING] The resource https://vercel.com/_next/static/chunks/1tiefx_0-i8d9.css?dpl=dpl_AKG8ypqBgFfP1ntZvZNaBSTTYRfn was preloaded using link preload but not used within a few seconds from the window's load event. Please make sure it has an appropriate `as` value and it is preloaded intentionally. @ https://vercel.com/laoertongzhis-projects:0
[  612738ms] [WARNING] The resource https://vercel.com/_next/static/media/797e433ab948586e.p.0w5z4e7s8jfe5.woff2?dpl=dpl_AKG8ypqBgFfP1ntZvZNaBSTTYRfn was preloaded using link preload but not used within a few seconds from the window's load event. Please make sure it has an appropriate `as` value and it is preloaded intentionally. @ https://vercel.com/laoertongzhis-projects:0
[  612738ms] [WARNING] The resource https://vercel.com/_next/static/chunks/0abkm_6n_8bff.css?dpl=dpl_AKG8ypqBgFfP1ntZvZNaBSTTYRfn was preloaded using link preload but not used within a few seconds from the window's load event. Please make sure it has an appropriate `as` value and it is preloaded intentionally. @ https://vercel.com/laoertongzhis-projects:0
[  612738ms] [WARNING] The resource https://vercel.com/_next/static/chunks/1go2vinjiwjy8.css?dpl=dpl_AKG8ypqBgFfP1ntZvZNaBSTTYRfn was preloaded using link preload but not used within a few seconds from the window's load event. Please make sure it has an appropriate `as` value and it is preloaded intentionally. @ https://vercel.com/laoertongzhis-projects:0
[  612738ms] [WARNING] The resource https://vercel.com/_next/static/chunks/10i5upuej7223.css?dpl=dpl_AKG8ypqBgFfP1ntZvZNaBSTTYRfn was preloaded using link preload but not used within a few seconds from the window's load event. Please make sure it has an appropriate `as` value and it is preloaded intentionally. @ https://vercel.com/laoertongzhis-projects:0
[  612738ms] [WARNING] The resource https://vercel.com/_next/static/chunks/0tv257fx586gu.css?dpl=dpl_AKG8ypqBgFfP1ntZvZNaBSTTYRfn was preloaded using link preload but not used within a few seconds from the window's load event. Please make sure it has an appropriate `as` value and it is preloaded intentionally. @ https://vercel.com/laoertongzhis-projects:0
[  612738ms] [WARNING] The resource https://vercel.com/_next/static/media/caa3a2e1cccd8315.p.0wgildi0cnwt9.woff2?dpl=dpl_AKG8ypqBgFfP1ntZvZNaBSTTYRfn was preloaded using link preload but not used within a few seconds from the window's load event. Please make sure it has an appropriate `as` value and it is preloaded intentionally. @ https://vercel.com/laoertongzhis-projects:0
[  612738ms] [WARNING] The resource https://vercel.com/_next/static/chunks/0_mwmt195c5-v.css?dpl=dpl_AKG8ypqBgFfP1ntZvZNaBSTTYRfn was preloaded using link preload but not used within a few seconds from the window's load event. Please make sure it has an appropriate `as` value and it is preloaded intentionally. @ https://vercel.com/laoertongzhis-projects:0
[  616408ms] [WARNING] The resource https://vercel.com/_next/static/chunks/1l21dsz6xlr6h.css?dpl=dpl_AKG8ypqBgFfP1ntZvZNaBSTTYRfn was preloaded using link preload but not used within a few seconds from the window's load event. Please make sure it has an appropriate `as` value and it is preloaded intentionally. @ https://vercel.com/laoertongzhis-projects:0
[  616408ms] [WARNING] The resource https://vercel.com/_next/static/chunks/3j7d6ld0gjv-a.css?dpl=dpl_AKG8ypqBgFfP1ntZvZNaBSTTYRfn was preloaded using link preload but not used within a few seconds from the window's load event. Please make sure it has an appropriate `as` value and it is preloaded intentionally. @ https://vercel.com/laoertongzhis-projects:0
[  616408ms] [WARNING] The resource https://vercel.com/_next/static/chunks/2cegy48-lpb69.css?dpl=dpl_AKG8ypqBgFfP1ntZvZNaBSTTYRfn was preloaded using link preload but not used within a few seconds from the window's load event. Please make sure it has an appropriate `as` value and it is preloaded intentionally. @ https://vercel.com/laoertongzhis-projects:0
[  616408ms] [WARNING] The resource https://vercel.com/_next/static/chunks/1tiefx_0-i8d9.css?dpl=dpl_AKG8ypqBgFfP1ntZvZNaBSTTYRfn was preloaded using link preload but not used within a few seconds from the window's load event. Please make sure it has an appropriate `as` value and it is preloaded intentionally. @ https://vercel.com/laoertongzhis-projects:0
[  616408ms] [WARNING] The resource https://vercel.com/_next/static/media/797e433ab948586e.p.0w5z4e7s8jfe5.woff2?dpl=dpl_AKG8ypqBgFfP1ntZvZNaBSTTYRfn was preloaded using link preload but not used within a few seconds from the window's load event. Please make sure it has an appropriate `as` value and it is preloaded intentionally. @ https://vercel.com/laoertongzhis-projects:0
[  616408ms] [WARNING] The resource https://vercel.com/_next/static/chunks/0abkm_6n_8bff.css?dpl=dpl_AKG8ypqBgFfP1ntZvZNaBSTTYRfn was preloaded using link preload but not used within a few seconds from the window's load event. Please make sure it has an appropriate `as` value and it is preloaded intentionally. @ https://vercel.com/laoertongzhis-projects:0
[  616408ms] [WARNING] The resource https://vercel.com/_next/static/chunks/1go2vinjiwjy8.css?dpl=dpl_AKG8ypqBgFfP1ntZvZNaBSTTYRfn was preloaded using link preload but not used within a few seconds from the window's load event. Please make sure it has an appropriate `as` value and it is preloaded intentionally. @ https://vercel.com/laoertongzhis-projects:0
[  616408ms] [WARNING] The resource https://vercel.com/_next/static/chunks/10i5upuej7223.css?dpl=dpl_AKG8ypqBgFfP1ntZvZNaBSTTYRfn was preloaded using link preload but not used within a few seconds from the window's load event. Please make sure it has an appropriate `as` value and it is preloaded intentionally. @ https://vercel.com/laoertongzhis-projects:0
[  616408ms] [WARNING] The resource https://vercel.com/_next/static/chunks/0tv257fx586gu.css?dpl=dpl_AKG8ypqBgFfP1ntZvZNaBSTTYRfn was preloaded using link preload but not used within a few seconds from the window's load event. Please make sure it has an appropriate `as` value and it is preloaded intentionally. @ https://vercel.com/laoertongzhis-projects:0
[  616408ms] [WARNING] The resource https://vercel.com/_next/static/media/caa3a2e1cccd8315.p.0wgildi0cnwt9.woff2?dpl=dpl_AKG8ypqBgFfP1ntZvZNaBSTTYRfn was preloaded using link preload but not used within a few seconds from the window's load event. Please make sure it has an appropriate `as` value and it is preloaded intentionally. @ https://vercel.com/laoertongzhis-projects:0
[  616408ms] [WARNING] The resource https://vercel.com/_next/static/chunks/0_mwmt195c5-v.css?dpl=dpl_AKG8ypqBgFfP1ntZvZNaBSTTYRfn was preloaded using link preload but not used within a few seconds from the window's load event. Please make sure it has an appropriate `as` value and it is preloaded intentionally. @ https://vercel.com/laoertongzhis-projects:0
[ 1221047ms] [WARNING] The resource https://vercel.com/_next/static/chunks/1l21dsz6xlr6h.css?dpl=dpl_AKG8ypqBgFfP1ntZvZNaBSTTYRfn was preloaded using link preload but not used within a few seconds from the window's load event. Please make sure it has an appropriate `as` value and it is preloaded intentionally. @ https://vercel.com/laoertongzhis-projects:0
[ 1221047ms] [WARNING] The resource https://vercel.com/_next/static/chunks/3j7d6ld0gjv-a.css?dpl=dpl_AKG8ypqBgFfP1ntZvZNaBSTTYRfn was preloaded using link preload but not used within a few seconds from the window's load event. Please make sure it has an appropriate `as` value and it is preloaded intentionally. @ https://vercel.com/laoertongzhis-projects:0
[ 1221047ms] [WARNING] The resource https://vercel.com/_next/static/chunks/2cegy48-lpb69.css?dpl=dpl_AKG8ypqBgFfP1ntZvZNaBSTTYRfn was preloaded using link preload but not used within a few seconds from the window's load event. Please make sure it has an appropriate `as` value and it is preloaded intentionally. @ https://vercel.com/laoertongzhis-projects:0
[ 1221047ms] [WARNING] The resource https://vercel.com/_next/static/chunks/1tiefx_0-i8d9.css?dpl=dpl_AKG8ypqBgFfP1ntZvZNaBSTTYRfn was preloaded using link preload but not used within a few seconds from the window's load event. Please make sure it has an appropriate `as` value and it is preloaded intentionally. @ https://vercel.com/laoertongzhis-projects:0
[ 1221047ms] [WARNING] The resource https://vercel.com/_next/static/media/797e433ab948586e.p.0w5z4e7s8jfe5.woff2?dpl=dpl_AKG8ypqBgFfP1ntZvZNaBSTTYRfn was preloaded using link preload but not used within a few seconds from the window's load event. Please make sure it has an appropriate `as` value and it is preloaded intentionally. @ https://vercel.com/laoertongzhis-projects:0
[ 1221047ms] [WARNING] The resource https://vercel.com/_next/static/chunks/0abkm_6n_8bff.css?dpl=dpl_AKG8ypqBgFfP1ntZvZNaBSTTYRfn was preloaded using link preload but not used within a few seconds from the window's load event. Please make sure it has an appropriate `as` value and it is preloaded intentionally. @ https://vercel.com/laoertongzhis-projects:0
[ 1221047ms] [WARNING] The resource https://vercel.com/_next/static/chunks/1go2vinjiwjy8.css?dpl=dpl_AKG8ypqBgFfP1ntZvZNaBSTTYRfn was preloaded using link preload but not used within a few seconds from the window's load event. Please make sure it has an appropriate `as` value and it is preloaded intentionally. @ https://vercel.com/laoertongzhis-projects:0
[ 1221047ms] [WARNING] The resource https://vercel.com/_next/static/chunks/10i5upuej7223.css?dpl=dpl_AKG8ypqBgFfP1ntZvZNaBSTTYRfn was preloaded using link preload but not used within a few seconds from the window's load event. Please make sure it has an appropriate `as` value and it is preloaded intentionally. @ https://vercel.com/laoertongzhis-projects:0
[ 1221047ms] [WARNING] The resource https://vercel.com/_next/static/chunks/0tv257fx586gu.css?dpl=dpl_AKG8ypqBgFfP1ntZvZNaBSTTYRfn was preloaded using link preload but not used within a few seconds from the window's load event. Please make sure it has an appropriate `as` value and it is preloaded intentionally. @ https://vercel.com/laoertongzhis-projects:0
[ 1221047ms] [WARNING] The resource https://vercel.com/_next/static/media/caa3a2e1cccd8315.p.0wgildi0cnwt9.woff2?dpl=dpl_AKG8ypqBgFfP1ntZvZNaBSTTYRfn was preloaded using link preload but not used within a few seconds from the window's load event. Please make sure it has an appropriate `as` value and it is preloaded intentionally. @ https://vercel.com/laoertongzhis-projects:0
[ 1221048ms] [WARNING] The resource https://vercel.com/_next/static/chunks/0_mwmt195c5-v.css?dpl=dpl_AKG8ypqBgFfP1ntZvZNaBSTTYRfn was preloaded using link preload but not used within a few seconds from the window's load event. Please make sure it has an appropriate `as` value and it is preloaded intentionally. @ https://vercel.com/laoertongzhis-projects:0
[ 1827246ms] [WARNING] The resource https://vercel.com/_next/static/chunks/1l21dsz6xlr6h.css?dpl=dpl_AKG8ypqBgFfP1ntZvZNaBSTTYRfn was preloaded using link preload but not used within a few seconds from the window's load event. Please make sure it has an appropriate `as` value and it is preloaded intentionally. @ https://vercel.com/laoertongzhis-projects:0
[ 1827246ms] [WARNING] The resource https://vercel.com/_next/static/chunks/3j7d6ld0gjv-a.css?dpl=dpl_AKG8ypqBgFfP1ntZvZNaBSTTYRfn was preloaded using link preload but not used within a few seconds from the window's load event. Please make sure it has an appropriate `as` value and it is preloaded intentionally. @ https://vercel.com/laoertongzhis-projects:0
[ 1827246ms] [WARNING] The resource https://vercel.com/_next/static/chunks/2cegy48-lpb69.css?dpl=dpl_AKG8ypqBgFfP1ntZvZNaBSTTYRfn was preloaded using link preload but not used within a few seconds from the window's load event. Please make sure it has an appropriate `as` value and it is preloaded intentionally. @ https://vercel.com/laoertongzhis-projects:0
[ 1827246ms] [WARNING] The resource https://vercel.com/_next/static/chunks/1tiefx_0-i8d9.css?dpl=dpl_AKG8ypqBgFfP1ntZvZNaBSTTYRfn was preloaded using link preload but not used within a few seconds from the window's load event. Please make sure it has an appropriate `as` value and it is preloaded intentionally. @ https://vercel.com/laoertongzhis-projects:0
[ 1827246ms] [WARNING] The resource https://vercel.com/_next/static/media/797e433ab948586e.p.0w5z4e7s8jfe5.woff2?dpl=dpl_AKG8ypqBgFfP1ntZvZNaBSTTYRfn was preloaded using link preload but not used within a few seconds from the window's load event. Please make sure it has an appropriate `as` value and it is preloaded intentionally. @ https://vercel.com/laoertongzhis-projects:0
[ 1827246ms] [WARNING] The resource https://vercel.com/_next/static/chunks/0abkm_6n_8bff.css?dpl=dpl_AKG8ypqBgFfP1ntZvZNaBSTTYRfn was preloaded using link preload but not used within a few seconds from the window's load event. Please make sure it has an appropriate `as` value and it is preloaded intentionally. @ https://vercel.com/laoertongzhis-projects:0
[ 1827246ms] [WARNING] The resource https://vercel.com/_next/static/chunks/1go2vinjiwjy8.css?dpl=dpl_AKG8ypqBgFfP1ntZvZNaBSTTYRfn was preloaded using link preload but not used within a few seconds from the window's load event. Please make sure it has an appropriate `as` value and it is preloaded intentionally. @ https://vercel.com/laoertongzhis-projects:0
[ 1827246ms] [WARNING] The resource https://vercel.com/_next/static/chunks/10i5upuej7223.css?dpl=dpl_AKG8ypqBgFfP1ntZvZNaBSTTYRfn was preloaded using link preload but not used within a few seconds from the window's load event. Please make sure it has an appropriate `as` value and it is preloaded intentionally. @ https://vercel.com/laoertongzhis-projects:0
[ 1827246ms] [WARNING] The resource https://vercel.com/_next/static/chunks/0tv257fx586gu.css?dpl=dpl_AKG8ypqBgFfP1ntZvZNaBSTTYRfn was preloaded using link preload but not used within a few seconds from the window's load event. Please make sure it has an appropriate `as` value and it is preloaded intentionally. @ https://vercel.com/laoertongzhis-projects:0
[ 1827246ms] [WARNING] The resource https://vercel.com/_next/static/media/caa3a2e1cccd8315.p.0wgildi0cnwt9.woff2?dpl=dpl_AKG8ypqBgFfP1ntZvZNaBSTTYRfn was preloaded using link preload but not used within a few seconds from the window's load event. Please make sure it has an appropriate `as` value and it is preloaded intentionally. @ https://vercel.com/laoertongzhis-projects:0
[ 1827246ms] [WARNING] The resource https://vercel.com/_next/static/chunks/0_mwmt195c5-v.css?dpl=dpl_AKG8ypqBgFfP1ntZvZNaBSTTYRfn was preloaded using link preload but not used within a few seconds from the window's load event. Please make sure it has an appropriate `as` value and it is preloaded intentionally. @ https://vercel.com/laoertongzhis-projects:0
[ 2432376ms] [WARNING] The resource https://vercel.com/_next/static/chunks/1l21dsz6xlr6h.css?dpl=dpl_AKG8ypqBgFfP1ntZvZNaBSTTYRfn was preloaded using link preload but not used within a few seconds from the window's load event. Please make sure it has an appropriate `as` value and it is preloaded intentionally. @ https://vercel.com/laoertongzhis-projects:0
[ 2432377ms] [WARNING] The resource https://vercel.com/_next/static/chunks/3j7d6ld0gjv-a.css?dpl=dpl_AKG8ypqBgFfP1ntZvZNaBSTTYRfn was preloaded using link preload but not used within a few seconds from the window's load event. Please make sure it has an appropriate `as` value and it is preloaded intentionally. @ https://vercel.com/laoertongzhis-projects:0
[ 2432377ms] [WARNING] The resource https://vercel.com/_next/static/chunks/2cegy48-lpb69.css?dpl=dpl_AKG8ypqBgFfP1ntZvZNaBSTTYRfn was preloaded using link preload but not used within a few seconds from the window's load event. Please make sure it has an appropriate `as` value and it is preloaded intentionally. @ https://vercel.com/laoertongzhis-projects:0
[ 2432377ms] [WARNING] The resource https://vercel.com/_next/static/chunks/1tiefx_0-i8d9.css?dpl=dpl_AKG8ypqBgFfP1ntZvZNaBSTTYRfn was preloaded using link preload but not used within a few seconds from the window's load event. Please make sure it has an appropriate `as` value and it is preloaded intentionally. @ https://vercel.com/laoertongzhis-projects:0
[ 2432377ms] [WARNING] The resource https://vercel.com/_next/static/media/797e433ab948586e.p.0w5z4e7s8jfe5.woff2?dpl=dpl_AKG8ypqBgFfP1ntZvZNaBSTTYRfn was preloaded using link preload but not used within a few seconds from the window's load event. Please make sure it has an appropriate `as` value and it is preloaded intentionally. @ https://vercel.com/laoertongzhis-projects:0
[ 2432377ms] [WARNING] The resource https://vercel.com/_next/static/chunks/0abkm_6n_8bff.css?dpl=dpl_AKG8ypqBgFfP1ntZvZNaBSTTYRfn was preloaded using link preload but not used within a few seconds from the window's load event. Please make sure it has an appropriate `as` value and it is preloaded intentionally. @ https://vercel.com/laoertongzhis-projects:0
[ 2432377ms] [WARNING] The resource https://vercel.com/_next/static/chunks/1go2vinjiwjy8.css?dpl=dpl_AKG8ypqBgFfP1ntZvZNaBSTTYRfn was preloaded using link preload but not used within a few seconds from the window's load event. Please make sure it has an appropriate `as` value and it is preloaded intentionally. @ https://vercel.com/laoertongzhis-projects:0
[ 2432377ms] [WARNING] The resource https://vercel.com/_next/static/chunks/10i5upuej7223.css?dpl=dpl_AKG8ypqBgFfP1ntZvZNaBSTTYRfn was preloaded using link preload but not used within a few seconds from the window's load event. Please make sure it has an appropriate `as` value and it is preloaded intentionally. @ https://vercel.com/laoertongzhis-projects:0
[ 2432377ms] [WARNING] The resource https://vercel.com/_next/static/chunks/0tv257fx586gu.css?dpl=dpl_AKG8ypqBgFfP1ntZvZNaBSTTYRfn was preloaded using link preload but not used within a few seconds from the window's load event. Please make sure it has an appropriate `as` value and it is preloaded intentionally. @ https://vercel.com/laoertongzhis-projects:0
[ 2432377ms] [WARNING] The resource https://vercel.com/_next/static/media/caa3a2e1cccd8315.p.0wgildi0cnwt9.woff2?dpl=dpl_AKG8ypqBgFfP1ntZvZNaBSTTYRfn was preloaded using link preload but not used within a few seconds from the window's load event. Please make sure it has an appropriate `as` value and it is preloaded intentionally. @ https://vercel.com/laoertongzhis-projects:0
[ 2432377ms] [WARNING] The resource https://vercel.com/_next/static/chunks/0_mwmt195c5-v.css?dpl=dpl_AKG8ypqBgFfP1ntZvZNaBSTTYRfn was preloaded using link preload but not used within a few seconds from the window's load event. Please make sure it has an appropriate `as` value and it is preloaded intentionally. @ https://vercel.com/laoertongzhis-projects:0
[ 3039864ms] [WARNING] The resource https://vercel.com/_next/static/chunks/1l21dsz6xlr6h.css?dpl=dpl_AKG8ypqBgFfP1ntZvZNaBSTTYRfn was preloaded using link preload but not used within a few seconds from the window's load event. Please make sure it has an appropriate `as` value and it is preloaded intentionally. @ https://vercel.com/laoertongzhis-projects:0
[ 3039864ms] [WARNING] The resource https://vercel.com/_next/static/chunks/3j7d6ld0gjv-a.css?dpl=dpl_AKG8ypqBgFfP1ntZvZNaBSTTYRfn was preloaded using link preload but not used within a few seconds from the window's load event. Please make sure it has an appropriate `as` value and it is preloaded intentionally. @ https://vercel.com/laoertongzhis-projects:0
[ 3039864ms] [WARNING] The resource https://vercel.com/_next/static/chunks/2cegy48-lpb69.css?dpl=dpl_AKG8ypqBgFfP1ntZvZNaBSTTYRfn was preloaded using link preload but not used within a few seconds from the window's load event. Please make sure it has an appropriate `as` value and it is preloaded intentionally. @ https://vercel.com/laoertongzhis-projects:0
[ 3039864ms] [WARNING] The resource https://vercel.com/_next/static/chunks/1tiefx_0-i8d9.css?dpl=dpl_AKG8ypqBgFfP1ntZvZNaBSTTYRfn was preloaded using link preload but not used within a few seconds from the window's load event. Please make sure it has an appropriate `as` value and it is preloaded intentionally. @ https://vercel.com/laoertongzhis-projects:0
[ 3039864ms] [WARNING] The resource https://vercel.com/_next/static/media/797e433ab948586e.p.0w5z4e7s8jfe5.woff2?dpl=dpl_AKG8ypqBgFfP1ntZvZNaBSTTYRfn was preloaded using link preload but not used within a few seconds from the window's load event. Please make sure it has an appropriate `as` value and it is preloaded intentionally. @ https://vercel.com/laoertongzhis-projects:0
[ 3039864ms] [WARNING] The resource https://vercel.com/_next/static/chunks/0abkm_6n_8bff.css?dpl=dpl_AKG8ypqBgFfP1ntZvZNaBSTTYRfn was preloaded using link preload but not used within a few seconds from the window's load event. Please make sure it has an appropriate `as` value and it is preloaded intentionally. @ https://vercel.com/laoertongzhis-projects:0
[ 3039865ms] [WARNING] The resource https://vercel.com/_next/static/chunks/1go2vinjiwjy8.css?dpl=dpl_AKG8ypqBgFfP1ntZvZNaBSTTYRfn was preloaded using link preload but not used within a few seconds from the window's load event. Please make sure it has an appropriate `as` value and it is preloaded intentionally. @ https://vercel.com/laoertongzhis-projects:0
[ 3039865ms] [WARNING] The resource https://vercel.com/_next/static/chunks/10i5upuej7223.css?dpl=dpl_AKG8ypqBgFfP1ntZvZNaBSTTYRfn was preloaded using link preload but not used within a few seconds from the window's load event. Please make sure it has an appropriate `as` value and it is preloaded intentionally. @ https://vercel.com/laoertongzhis-projects:0
[ 3039865ms] [WARNING] The resource https://vercel.com/_next/static/chunks/0tv257fx586gu.css?dpl=dpl_AKG8ypqBgFfP1ntZvZNaBSTTYRfn was preloaded using link preload but not used within a few seconds from the window's load event. Please make sure it has an appropriate `as` value and it is preloaded intentionally. @ https://vercel.com/laoertongzhis-projects:0
[ 3039865ms] [WARNING] The resource https://vercel.com/_next/static/media/caa3a2e1cccd8315.p.0wgildi0cnwt9.woff2?dpl=dpl_AKG8ypqBgFfP1ntZvZNaBSTTYRfn was preloaded using link preload but not used within a few seconds from the window's load event. Please make sure it has an appropriate `as` value and it is preloaded intentionally. @ https://vercel.com/laoertongzhis-projects:0
[ 3039865ms] [WARNING] The resource https://vercel.com/_next/static/chunks/0_mwmt195c5-v.css?dpl=dpl_AKG8ypqBgFfP1ntZvZNaBSTTYRfn was preloaded using link preload but not used within a few seconds from the window's load event. Please make sure it has an appropriate `as` value and it is preloaded intentionally. @ https://vercel.com/laoertongzhis-projects:0
[ 3554536ms] [WARNING] The resource https://vercel.com/_next/static/chunks/1l21dsz6xlr6h.css?dpl=dpl_AKG8ypqBgFfP1ntZvZNaBSTTYRfn was preloaded using link preload but not used within a few seconds from the window's load event. Please make sure it has an appropriate `as` value and it is preloaded intentionally. @ https://vercel.com/laoertongzhis-projects:0
[ 3554536ms] [WARNING] The resource https://vercel.com/_next/static/chunks/3j7d6ld0gjv-a.css?dpl=dpl_AKG8ypqBgFfP1ntZvZNaBSTTYRfn was preloaded using link preload but not used within a few seconds from the window's load event. Please make sure it has an appropriate `as` value and it is preloaded intentionally. @ https://vercel.com/laoertongzhis-projects:0
[ 3554536ms] [WARNING] The resource https://vercel.com/_next/static/chunks/2cegy48-lpb69.css?dpl=dpl_AKG8ypqBgFfP1ntZvZNaBSTTYRfn was preloaded using link preload but not used within a few seconds from the window's load event. Please make sure it has an appropriate `as` value and it is preloaded intentionally. @ https://vercel.com/laoertongzhis-projects:0
[ 3554536ms] [WARNING] The resource https://vercel.com/_next/static/chunks/1tiefx_0-i8d9.css?dpl=dpl_AKG8ypqBgFfP1ntZvZNaBSTTYRfn was preloaded using link preload but not used within a few seconds from the window's load event. Please make sure it has an appropriate `as` value and it is preloaded intentionally. @ https://vercel.com/laoertongzhis-projects:0
[ 3554536ms] [WARNING] The resource https://vercel.com/_next/static/media/797e433ab948586e.p.0w5z4e7s8jfe5.woff2?dpl=dpl_AKG8ypqBgFfP1ntZvZNaBSTTYRfn was preloaded using link preload but not used within a few seconds from the window's load event. Please make sure it has an appropriate `as` value and it is preloaded intentionally. @ https://vercel.com/laoertongzhis-projects:0
[ 3554536ms] [WARNING] The resource https://vercel.com/_next/static/chunks/0abkm_6n_8bff.css?dpl=dpl_AKG8ypqBgFfP1ntZvZNaBSTTYRfn was preloaded using link preload but not used within a few seconds from the window's load event. Please make sure it has an appropriate `as` value and it is preloaded intentionally. @ https://vercel.com/laoertongzhis-projects:0
[ 3554536ms] [WARNING] The resource https://vercel.com/_next/static/chunks/1go2vinjiwjy8.css?dpl=dpl_AKG8ypqBgFfP1ntZvZNaBSTTYRfn was preloaded using link preload but not used within a few seconds from the window's load event. Please make sure it has an appropriate `as` value and it is preloaded intentionally. @ https://vercel.com/laoertongzhis-projects:0
[ 3554536ms] [WARNING] The resource https://vercel.com/_next/static/chunks/10i5upuej7223.css?dpl=dpl_AKG8ypqBgFfP1ntZvZNaBSTTYRfn was preloaded using link preload but not used within a few seconds from the window's load event. Please make sure it has an appropriate `as` value and it is preloaded intentionally. @ https://vercel.com/laoertongzhis-projects:0
[ 3554536ms] [WARNING] The resource https://vercel.com/_next/static/chunks/0tv257fx586gu.css?dpl=dpl_AKG8ypqBgFfP1ntZvZNaBSTTYRfn was preloaded using link preload but not used within a few seconds from the window's load event. Please make sure it has an appropriate `as` value and it is preloaded intentionally. @ https://vercel.com/laoertongzhis-projects:0
[ 3554536ms] [WARNING] The resource https://vercel.com/_next/static/media/caa3a2e1cccd8315.p.0wgildi0cnwt9.woff2?dpl=dpl_AKG8ypqBgFfP1ntZvZNaBSTTYRfn was preloaded using link preload but not used within a few seconds from the window's load event. Please make sure it has an appropriate `as` value and it is preloaded intentionally. @ https://vercel.com/laoertongzhis-projects:0
[ 3554536ms] [WARNING] The resource https://vercel.com/_next/static/chunks/0_mwmt195c5-v.css?dpl=dpl_AKG8ypqBgFfP1ntZvZNaBSTTYRfn was preloaded using link preload but not used within a few seconds from the window's load event. Please make sure it has an appropriate `as` value and it is preloaded intentionally. @ https://vercel.com/laoertongzhis-projects:0
[ 3611676ms] [WARNING] The resource https://vercel.com/_next/static/chunks/1l21dsz6xlr6h.css?dpl=dpl_AKG8ypqBgFfP1ntZvZNaBSTTYRfn was preloaded using link preload but not used within a few seconds from the window's load event. Please make sure it has an appropriate `as` value and it is preloaded intentionally. @ https://vercel.com/laoertongzhis-projects:0
[ 3611676ms] [WARNING] The resource https://vercel.com/_next/static/chunks/3j7d6ld0gjv-a.css?dpl=dpl_AKG8ypqBgFfP1ntZvZNaBSTTYRfn was preloaded using link preload but not used within a few seconds from the window's load event. Please make sure it has an appropriate `as` value and it is preloaded intentionally. @ https://vercel.com/laoertongzhis-projects:0
[ 3611676ms] [WARNING] The resource https://vercel.com/_next/static/chunks/2cegy48-lpb69.css?dpl=dpl_AKG8ypqBgFfP1ntZvZNaBSTTYRfn was preloaded using link preload but not used within a few seconds from the window's load event. Please make sure it has an appropriate `as` value and it is preloaded intentionally. @ https://vercel.com/laoertongzhis-projects:0
[ 3611676ms] [WARNING] The resource https://vercel.com/_next/static/chunks/1tiefx_0-i8d9.css?dpl=dpl_AKG8ypqBgFfP1ntZvZNaBSTTYRfn was preloaded using link preload but not used within a few seconds from the window's load event. Please make sure it has an appropriate `as` value and it is preloaded intentionally. @ https://vercel.com/laoertongzhis-projects:0
[ 3611676ms] [WARNING] The resource https://vercel.com/_next/static/media/797e433ab948586e.p.0w5z4e7s8jfe5.woff2?dpl=dpl_AKG8ypqBgFfP1ntZvZNaBSTTYRfn was preloaded using link preload but not used within a few seconds from the window's load event. Please make sure it has an appropriate `as` value and it is preloaded intentionally. @ https://vercel.com/laoertongzhis-projects:0
[ 3611676ms] [WARNING] The resource https://vercel.com/_next/static/chunks/0abkm_6n_8bff.css?dpl=dpl_AKG8ypqBgFfP1ntZvZNaBSTTYRfn was preloaded using link preload but not used within a few seconds from the window's load event. Please make sure it has an appropriate `as` value and it is preloaded intentionally. @ https://vercel.com/laoertongzhis-projects:0
[ 3611676ms] [WARNING] The resource https://vercel.com/_next/static/chunks/1go2vinjiwjy8.css?dpl=dpl_AKG8ypqBgFfP1ntZvZNaBSTTYRfn was preloaded using link preload but not used within a few seconds from the window's load event. Please make sure it has an appropriate `as` value and it is preloaded intentionally. @ https://vercel.com/laoertongzhis-projects:0
[ 3611676ms] [WARNING] The resource https://vercel.com/_next/static/chunks/10i5upuej7223.css?dpl=dpl_AKG8ypqBgFfP1ntZvZNaBSTTYRfn was preloaded using link preload but not used within a few seconds from the window's load event. Please make sure it has an appropriate `as` value and it is preloaded intentionally. @ https://vercel.com/laoertongzhis-projects:0
[ 3611676ms] [WARNING] The resource https://vercel.com/_next/static/chunks/0tv257fx586gu.css?dpl=dpl_AKG8ypqBgFfP1ntZvZNaBSTTYRfn was preloaded using link preload but not used within a few seconds from the window's load event. Please make sure it has an appropriate `as` value and it is preloaded intentionally. @ https://vercel.com/laoertongzhis-projects:0
[ 3611676ms] [WARNING] The resource https://vercel.com/_next/static/media/caa3a2e1cccd8315.p.0wgildi0cnwt9.woff2?dpl=dpl_AKG8ypqBgFfP1ntZvZNaBSTTYRfn was preloaded using link preload but not used within a few seconds from the window's load event. Please make sure it has an appropriate `as` value and it is preloaded intentionally. @ https://vercel.com/laoertongzhis-projects:0
[ 3611676ms] [WARNING] The resource https://vercel.com/_next/static/chunks/0_mwmt195c5-v.css?dpl=dpl_AKG8ypqBgFfP1ntZvZNaBSTTYRfn was preloaded using link preload but not used within a few seconds from the window's load event. Please make sure it has an appropriate `as` value and it is preloaded intentionally. @ https://vercel.com/laoertongzhis-projects:0
[ 3644793ms] [WARNING] The resource https://vercel.com/_next/static/chunks/1l21dsz6xlr6h.css?dpl=dpl_AKG8ypqBgFfP1ntZvZNaBSTTYRfn was preloaded using link preload but not used within a few seconds from the window's load event. Please make sure it has an appropriate `as` value and it is preloaded intentionally. @ https://vercel.com/laoertongzhis-projects:0
[ 3644793ms] [WARNING] The resource https://vercel.com/_next/static/chunks/3j7d6ld0gjv-a.css?dpl=dpl_AKG8ypqBgFfP1ntZvZNaBSTTYRfn was preloaded using link preload but not used within a few seconds from the window's load event. Please make sure it has an appropriate `as` value and it is preloaded intentionally. @ https://vercel.com/laoertongzhis-projects:0
[ 3644793ms] [WARNING] The resource https://vercel.com/_next/static/chunks/2cegy48-lpb69.css?dpl=dpl_AKG8ypqBgFfP1ntZvZNaBSTTYRfn was preloaded using link preload but not used within a few seconds from the window's load event. Please make sure it has an appropriate `as` value and it is preloaded intentionally. @ https://vercel.com/laoertongzhis-projects:0
[ 3644793ms] [WARNING] The resource https://vercel.com/_next/static/chunks/1tiefx_0-i8d9.css?dpl=dpl_AKG8ypqBgFfP1ntZvZNaBSTTYRfn was preloaded using link preload but not used within a few seconds from the window's load event. Please make sure it has an appropriate `as` value and it is preloaded intentionally. @ https://vercel.com/laoertongzhis-projects:0
[ 3644793ms] [WARNING] The resource https://vercel.com/_next/static/media/797e433ab948586e.p.0w5z4e7s8jfe5.woff2?dpl=dpl_AKG8ypqBgFfP1ntZvZNaBSTTYRfn was preloaded using link preload but not used within a few seconds from the window's load event. Please make sure it has an appropriate `as` value and it is preloaded intentionally. @ https://vercel.com/laoertongzhis-projects:0
[ 3644793ms] [WARNING] The resource https://vercel.com/_next/static/chunks/0abkm_6n_8bff.css?dpl=dpl_AKG8ypqBgFfP1ntZvZNaBSTTYRfn was preloaded using link preload but not used within a few seconds from the window's load event. Please make sure it has an appropriate `as` value and it is preloaded intentionally. @ https://vercel.com/laoertongzhis-projects:0
[ 3644793ms] [WARNING] The resource https://vercel.com/_next/static/chunks/1go2vinjiwjy8.css?dpl=dpl_AKG8ypqBgFfP1ntZvZNaBSTTYRfn was preloaded using link preload but not used within a few seconds from the window's load event. Please make sure it has an appropriate `as` value and it is preloaded intentionally. @ https://vercel.com/laoertongzhis-projects:0
[ 3644793ms] [WARNING] The resource https://vercel.com/_next/static/chunks/10i5upuej7223.css?dpl=dpl_AKG8ypqBgFfP1ntZvZNaBSTTYRfn was preloaded using link preload but not used within a few seconds from the window's load event. Please make sure it has an appropriate `as` value and it is preloaded intentionally. @ https://vercel.com/laoertongzhis-projects:0
[ 3644793ms] [WARNING] The resource https://vercel.com/_next/static/chunks/0tv257fx586gu.css?dpl=dpl_AKG8ypqBgFfP1ntZvZNaBSTTYRfn was preloaded using link preload but not used within a few seconds from the window's load event. Please make sure it has an appropriate `as` value and it is preloaded intentionally. @ https://vercel.com/laoertongzhis-projects:0
[ 3644793ms] [WARNING] The resource https://vercel.com/_next/static/media/caa3a2e1cccd8315.p.0wgildi0cnwt9.woff2?dpl=dpl_AKG8ypqBgFfP1ntZvZNaBSTTYRfn was preloaded using link preload but not used within a few seconds from the window's load event. Please make sure it has an appropriate `as` value and it is preloaded intentionally. @ https://vercel.com/laoertongzhis-projects:0
[ 3644793ms] [WARNING] The resource https://vercel.com/_next/static/chunks/0_mwmt195c5-v.css?dpl=dpl_AKG8ypqBgFfP1ntZvZNaBSTTYRfn was preloaded using link preload but not used within a few seconds from the window's load event. Please make sure it has an appropriate `as` value and it is preloaded intentionally. @ https://vercel.com/laoertongzhis-projects:0
[ 4252803ms] [WARNING] The resource https://vercel.com/_next/static/chunks/1l21dsz6xlr6h.css?dpl=dpl_AKG8ypqBgFfP1ntZvZNaBSTTYRfn was preloaded using link preload but not used within a few seconds from the window's load event. Please make sure it has an appropriate `as` value and it is preloaded intentionally. @ https://vercel.com/laoertongzhis-projects:0
[ 4252805ms] [WARNING] The resource https://vercel.com/_next/static/chunks/3j7d6ld0gjv-a.css?dpl=dpl_AKG8ypqBgFfP1ntZvZNaBSTTYRfn was preloaded using link preload but not used within a few seconds from the window's load event. Please make sure it has an appropriate `as` value and it is preloaded intentionally. @ https://vercel.com/laoertongzhis-projects:0
[ 4252805ms] [WARNING] The resource https://vercel.com/_next/static/chunks/2cegy48-lpb69.css?dpl=dpl_AKG8ypqBgFfP1ntZvZNaBSTTYRfn was preloaded using link preload but not used within a few seconds from the window's load event. Please make sure it has an appropriate `as` value and it is preloaded intentionally. @ https://vercel.com/laoertongzhis-projects:0
[ 4252805ms] [WARNING] The resource https://vercel.com/_next/static/chunks/1tiefx_0-i8d9.css?dpl=dpl_AKG8ypqBgFfP1ntZvZNaBSTTYRfn was preloaded using link preload but not used within a few seconds from the window's load event. Please make sure it has an appropriate `as` value and it is preloaded intentionally. @ https://vercel.com/laoertongzhis-projects:0
[ 4252805ms] [WARNING] The resource https://vercel.com/_next/static/media/797e433ab948586e.p.0w5z4e7s8jfe5.woff2?dpl=dpl_AKG8ypqBgFfP1ntZvZNaBSTTYRfn was preloaded using link preload but not used within a few seconds from the window's load event. Please make sure it has an appropriate `as` value and it is preloaded intentionally. @ https://vercel.com/laoertongzhis-projects:0
[ 4252805ms] [WARNING] The resource https://vercel.com/_next/static/chunks/0abkm_6n_8bff.css?dpl=dpl_AKG8ypqBgFfP1ntZvZNaBSTTYRfn was preloaded using link preload but not used within a few seconds from the window's load event. Please make sure it has an appropriate `as` value and it is preloaded intentionally. @ https://vercel.com/laoertongzhis-projects:0
[ 4252805ms] [WARNING] The resource https://vercel.com/_next/static/chunks/1go2vinjiwjy8.css?dpl=dpl_AKG8ypqBgFfP1ntZvZNaBSTTYRfn was preloaded using link preload but not used within a few seconds from the window's load event. Please make sure it has an appropriate `as` value and it is preloaded intentionally. @ https://vercel.com/laoertongzhis-projects:0
[ 4252805ms] [WARNING] The resource https://vercel.com/_next/static/chunks/10i5upuej7223.css?dpl=dpl_AKG8ypqBgFfP1ntZvZNaBSTTYRfn was preloaded using link preload but not used within a few seconds from the window's load event. Please make sure it has an appropriate `as` value and it is preloaded intentionally. @ https://vercel.com/laoertongzhis-projects:0
[ 4252805ms] [WARNING] The resource https://vercel.com/_next/static/chunks/0tv257fx586gu.css?dpl=dpl_AKG8ypqBgFfP1ntZvZNaBSTTYRfn was preloaded using link preload but not used within a few seconds from the window's load event. Please make sure it has an appropriate `as` value and it is preloaded intentionally. @ https://vercel.com/laoertongzhis-projects:0
[ 4252805ms] [WARNING] The resource https://vercel.com/_next/static/media/caa3a2e1cccd8315.p.0wgildi0cnwt9.woff2?dpl=dpl_AKG8ypqBgFfP1ntZvZNaBSTTYRfn was preloaded using link preload but not used within a few seconds from the window's load event. Please make sure it has an appropriate `as` value and it is preloaded intentionally. @ https://vercel.com/laoertongzhis-projects:0
[ 4252805ms] [WARNING] The resource https://vercel.com/_next/static/chunks/0_mwmt195c5-v.css?dpl=dpl_AKG8ypqBgFfP1ntZvZNaBSTTYRfn was preloaded using link preload but not used within a few seconds from the window's load event. Please make sure it has an appropriate `as` value and it is preloaded intentionally. @ https://vercel.com/laoertongzhis-projects:0
[ 4859000ms] [WARNING] The resource https://vercel.com/_next/static/chunks/1l21dsz6xlr6h.css?dpl=dpl_AKG8ypqBgFfP1ntZvZNaBSTTYRfn was preloaded using link preload but not used within a few seconds from the window's load event. Please make sure it has an appropriate `as` value and it is preloaded intentionally. @ https://vercel.com/laoertongzhis-projects:0
[ 4859001ms] [WARNING] The resource https://vercel.com/_next/static/chunks/3j7d6ld0gjv-a.css?dpl=dpl_AKG8ypqBgFfP1ntZvZNaBSTTYRfn was preloaded using link preload but not used within a few seconds from the window's load event. Please make sure it has an appropriate `as` value and it is preloaded intentionally. @ https://vercel.com/laoertongzhis-projects:0
[ 4859001ms] [WARNING] The resource https://vercel.com/_next/static/chunks/2cegy48-lpb69.css?dpl=dpl_AKG8ypqBgFfP1ntZvZNaBSTTYRfn was preloaded using link preload but not used within a few seconds from the window's load event. Please make sure it has an appropriate `as` value and it is preloaded intentionally. @ https://vercel.com/laoertongzhis-projects:0
[ 4859001ms] [WARNING] The resource https://vercel.com/_next/static/chunks/1tiefx_0-i8d9.css?dpl=dpl_AKG8ypqBgFfP1ntZvZNaBSTTYRfn was preloaded using link preload but not used within a few seconds from the window's load event. Please make sure it has an appropriate `as` value and it is preloaded intentionally. @ https://vercel.com/laoertongzhis-projects:0
[ 4859001ms] [WARNING] The resource https://vercel.com/_next/static/media/797e433ab948586e.p.0w5z4e7s8jfe5.woff2?dpl=dpl_AKG8ypqBgFfP1ntZvZNaBSTTYRfn was preloaded using link preload but not used within a few seconds from the window's load event. Please make sure it has an appropriate `as` value and it is preloaded intentionally. @ https://vercel.com/laoertongzhis-projects:0
[ 4859001ms] [WARNING] The resource https://vercel.com/_next/static/chunks/0abkm_6n_8bff.css?dpl=dpl_AKG8ypqBgFfP1ntZvZNaBSTTYRfn was preloaded using link preload but not used within a few seconds from the window's load event. Please make sure it has an appropriate `as` value and it is preloaded intentionally. @ https://vercel.com/laoertongzhis-projects:0
[ 4859001ms] [WARNING] The resource https://vercel.com/_next/static/chunks/1go2vinjiwjy8.css?dpl=dpl_AKG8ypqBgFfP1ntZvZNaBSTTYRfn was preloaded using link preload but not used within a few seconds from the window's load event. Please make sure it has an appropriate `as` value and it is preloaded intentionally. @ https://vercel.com/laoertongzhis-projects:0
[ 4859001ms] [WARNING] The resource https://vercel.com/_next/static/chunks/10i5upuej7223.css?dpl=dpl_AKG8ypqBgFfP1ntZvZNaBSTTYRfn was preloaded using link preload but not used within a few seconds from the window's load event. Please make sure it has an appropriate `as` value and it is preloaded intentionally. @ https://vercel.com/laoertongzhis-projects:0
[ 4859002ms] [WARNING] The resource https://vercel.com/_next/static/chunks/0tv257fx586gu.css?dpl=dpl_AKG8ypqBgFfP1ntZvZNaBSTTYRfn was preloaded using link preload but not used within a few seconds from the window's load event. Please make sure it has an appropriate `as` value and it is preloaded intentionally. @ https://vercel.com/laoertongzhis-projects:0
[ 4859002ms] [WARNING] The resource https://vercel.com/_next/static/media/caa3a2e1cccd8315.p.0wgildi0cnwt9.woff2?dpl=dpl_AKG8ypqBgFfP1ntZvZNaBSTTYRfn was preloaded using link preload but not used within a few seconds from the window's load event. Please make sure it has an appropriate `as` value and it is preloaded intentionally. @ https://vercel.com/laoertongzhis-projects:0
[ 4859002ms] [WARNING] The resource https://vercel.com/_next/static/chunks/0_mwmt195c5-v.css?dpl=dpl_AKG8ypqBgFfP1ntZvZNaBSTTYRfn was preloaded using link preload but not used within a few seconds from the window's load event. Please make sure it has an appropriate `as` value and it is preloaded intentionally. @ https://vercel.com/laoertongzhis-projects:0
[ 5463985ms] [WARNING] The resource https://vercel.com/_next/static/chunks/1l21dsz6xlr6h.css?dpl=dpl_AKG8ypqBgFfP1ntZvZNaBSTTYRfn was preloaded using link preload but not used within a few seconds from the window's load event. Please make sure it has an appropriate `as` value and it is preloaded intentionally. @ https://vercel.com/laoertongzhis-projects:0
[ 5463985ms] [WARNING] The resource https://vercel.com/_next/static/chunks/3j7d6ld0gjv-a.css?dpl=dpl_AKG8ypqBgFfP1ntZvZNaBSTTYRfn was preloaded using link preload but not used within a few seconds from the window's load event. Please make sure it has an appropriate `as` value and it is preloaded intentionally. @ https://vercel.com/laoertongzhis-projects:0
[ 5463985ms] [WARNING] The resource https://vercel.com/_next/static/chunks/2cegy48-lpb69.css?dpl=dpl_AKG8ypqBgFfP1ntZvZNaBSTTYRfn was preloaded using link preload but not used within a few seconds from the window's load event. Please make sure it has an appropriate `as` value and it is preloaded intentionally. @ https://vercel.com/laoertongzhis-projects:0
[ 5463985ms] [WARNING] The resource https://vercel.com/_next/static/chunks/1tiefx_0-i8d9.css?dpl=dpl_AKG8ypqBgFfP1ntZvZNaBSTTYRfn was preloaded using link preload but not used within a few seconds from the window's load event. Please make sure it has an appropriate `as` value and it is preloaded intentionally. @ https://vercel.com/laoertongzhis-projects:0
[ 5463985ms] [WARNING] The resource https://vercel.com/_next/static/media/797e433ab948586e.p.0w5z4e7s8jfe5.woff2?dpl=dpl_AKG8ypqBgFfP1ntZvZNaBSTTYRfn was preloaded using link preload but not used within a few seconds from the window's load event. Please make sure it has an appropriate `as` value and it is preloaded intentionally. @ https://vercel.com/laoertongzhis-projects:0
[ 5463985ms] [WARNING] The resource https://vercel.com/_next/static/chunks/0abkm_6n_8bff.css?dpl=dpl_AKG8ypqBgFfP1ntZvZNaBSTTYRfn was preloaded using link preload but not used within a few seconds from the window's load event. Please make sure it has an appropriate `as` value and it is preloaded intentionally. @ https://vercel.com/laoertongzhis-projects:0
[ 5463986ms] [WARNING] The resource https://vercel.com/_next/static/chunks/1go2vinjiwjy8.css?dpl=dpl_AKG8ypqBgFfP1ntZvZNaBSTTYRfn was preloaded using link preload but not used within a few seconds from the window's load event. Please make sure it has an appropriate `as` value and it is preloaded intentionally. @ https://vercel.com/laoertongzhis-projects:0
[ 5463986ms] [WARNING] The resource https://vercel.com/_next/static/chunks/10i5upuej7223.css?dpl=dpl_AKG8ypqBgFfP1ntZvZNaBSTTYRfn was preloaded using link preload but not used within a few seconds from the window's load event. Please make sure it has an appropriate `as` value and it is preloaded intentionally. @ https://vercel.com/laoertongzhis-projects:0
[ 5463986ms] [WARNING] The resource https://vercel.com/_next/static/chunks/0tv257fx586gu.css?dpl=dpl_AKG8ypqBgFfP1ntZvZNaBSTTYRfn was preloaded using link preload but not used within a few seconds from the window's load event. Please make sure it has an appropriate `as` value and it is preloaded intentionally. @ https://vercel.com/laoertongzhis-projects:0
[ 5463986ms] [WARNING] The resource https://vercel.com/_next/static/media/caa3a2e1cccd8315.p.0wgildi0cnwt9.woff2?dpl=dpl_AKG8ypqBgFfP1ntZvZNaBSTTYRfn was preloaded using link preload but not used within a few seconds from the window's load event. Please make sure it has an appropriate `as` value and it is preloaded intentionally. @ https://vercel.com/laoertongzhis-projects:0
[ 5463986ms] [WARNING] The resource https://vercel.com/_next/static/chunks/0_mwmt195c5-v.css?dpl=dpl_AKG8ypqBgFfP1ntZvZNaBSTTYRfn was preloaded using link preload but not used within a few seconds from the window's load event. Please make sure it has an appropriate `as` value and it is preloaded intentionally. @ https://vercel.com/laoertongzhis-projects:0
[ 6069800ms] [WARNING] The resource https://vercel.com/_next/static/chunks/1l21dsz6xlr6h.css?dpl=dpl_AKG8ypqBgFfP1ntZvZNaBSTTYRfn was preloaded using link preload but not used within a few seconds from the window's load event. Please make sure it has an appropriate `as` value and it is preloaded intentionally. @ https://vercel.com/laoertongzhis-projects:0
[ 6069800ms] [WARNING] The resource https://vercel.com/_next/static/chunks/3j7d6ld0gjv-a.css?dpl=dpl_AKG8ypqBgFfP1ntZvZNaBSTTYRfn was preloaded using link preload but not used within a few seconds from the window's load event. Please make sure it has an appropriate `as` value and it is preloaded intentionally. @ https://vercel.com/laoertongzhis-projects:0
[ 6069800ms] [WARNING] The resource https://vercel.com/_next/static/chunks/2cegy48-lpb69.css?dpl=dpl_AKG8ypqBgFfP1ntZvZNaBSTTYRfn was preloaded using link preload but not used within a few seconds from the window's load event. Please make sure it has an appropriate `as` value and it is preloaded intentionally. @ https://vercel.com/laoertongzhis-projects:0
[ 6069800ms] [WARNING] The resource https://vercel.com/_next/static/chunks/1tiefx_0-i8d9.css?dpl=dpl_AKG8ypqBgFfP1ntZvZNaBSTTYRfn was preloaded using link preload but not used within a few seconds from the window's load event. Please make sure it has an appropriate `as` value and it is preloaded intentionally. @ https://vercel.com/laoertongzhis-projects:0
[ 6069800ms] [WARNING] The resource https://vercel.com/_next/static/media/797e433ab948586e.p.0w5z4e7s8jfe5.woff2?dpl=dpl_AKG8ypqBgFfP1ntZvZNaBSTTYRfn was preloaded using link preload but not used within a few seconds from the window's load event. Please make sure it has an appropriate `as` value and it is preloaded intentionally. @ https://vercel.com/laoertongzhis-projects:0
[ 6069801ms] [WARNING] The resource https://vercel.com/_next/static/chunks/0abkm_6n_8bff.css?dpl=dpl_AKG8ypqBgFfP1ntZvZNaBSTTYRfn was preloaded using link preload but not used within a few seconds from the window's load event. Please make sure it has an appropriate `as` value and it is preloaded intentionally. @ https://vercel.com/laoertongzhis-projects:0
[ 6069801ms] [WARNING] The resource https://vercel.com/_next/static/chunks/1go2vinjiwjy8.css?dpl=dpl_AKG8ypqBgFfP1ntZvZNaBSTTYRfn was preloaded using link preload but not used within a few seconds from the window's load event. Please make sure it has an appropriate `as` value and it is preloaded intentionally. @ https://vercel.com/laoertongzhis-projects:0
[ 6069801ms] [WARNING] The resource https://vercel.com/_next/static/chunks/10i5upuej7223.css?dpl=dpl_AKG8ypqBgFfP1ntZvZNaBSTTYRfn was preloaded using link preload but not used within a few seconds from the window's load event. Please make sure it has an appropriate `as` value and it is preloaded intentionally. @ https://vercel.com/laoertongzhis-projects:0
[ 6069801ms] [WARNING] The resource https://vercel.com/_next/static/chunks/0tv257fx586gu.css?dpl=dpl_AKG8ypqBgFfP1ntZvZNaBSTTYRfn was preloaded using link preload but not used within a few seconds from the window's load event. Please make sure it has an appropriate `as` value and it is preloaded intentionally. @ https://vercel.com/laoertongzhis-projects:0
[ 6069801ms] [WARNING] The resource https://vercel.com/_next/static/media/caa3a2e1cccd8315.p.0wgildi0cnwt9.woff2?dpl=dpl_AKG8ypqBgFfP1ntZvZNaBSTTYRfn was preloaded using link preload but not used within a few seconds from the window's load event. Please make sure it has an appropriate `as` value and it is preloaded intentionally. @ https://vercel.com/laoertongzhis-projects:0
[ 6069801ms] [WARNING] The resource https://vercel.com/_next/static/chunks/0_mwmt195c5-v.css?dpl=dpl_AKG8ypqBgFfP1ntZvZNaBSTTYRfn was preloaded using link preload but not used within a few seconds from the window's load event. Please make sure it has an appropriate `as` value and it is preloaded intentionally. @ https://vercel.com/laoertongzhis-projects:0
[ 6654727ms] [WARNING] The resource https://vercel.com/_next/static/chunks/1l21dsz6xlr6h.css?dpl=dpl_AKG8ypqBgFfP1ntZvZNaBSTTYRfn was preloaded using link preload but not used within a few seconds from the window's load event. Please make sure it has an appropriate `as` value and it is preloaded intentionally. @ https://vercel.com/laoertongzhis-projects:0
[ 6654727ms] [WARNING] The resource https://vercel.com/_next/static/chunks/3j7d6ld0gjv-a.css?dpl=dpl_AKG8ypqBgFfP1ntZvZNaBSTTYRfn was preloaded using link preload but not used within a few seconds from the window's load event. Please make sure it has an appropriate `as` value and it is preloaded intentionally. @ https://vercel.com/laoertongzhis-projects:0
[ 6654727ms] [WARNING] The resource https://vercel.com/_next/static/chunks/2cegy48-lpb69.css?dpl=dpl_AKG8ypqBgFfP1ntZvZNaBSTTYRfn was preloaded using link preload but not used within a few seconds from the window's load event. Please make sure it has an appropriate `as` value and it is preloaded intentionally. @ https://vercel.com/laoertongzhis-projects:0
[ 6654727ms] [WARNING] The resource https://vercel.com/_next/static/chunks/1tiefx_0-i8d9.css?dpl=dpl_AKG8ypqBgFfP1ntZvZNaBSTTYRfn was preloaded using link preload but not used within a few seconds from the window's load event. Please make sure it has an appropriate `as` value and it is preloaded intentionally. @ https://vercel.com/laoertongzhis-projects:0
[ 6654727ms] [WARNING] The resource https://vercel.com/_next/static/media/797e433ab948586e.p.0w5z4e7s8jfe5.woff2?dpl=dpl_AKG8ypqBgFfP1ntZvZNaBSTTYRfn was preloaded using link preload but not used within a few seconds from the window's load event. Please make sure it has an appropriate `as` value and it is preloaded intentionally. @ https://vercel.com/laoertongzhis-projects:0
[ 6654727ms] [WARNING] The resource https://vercel.com/_next/static/chunks/0abkm_6n_8bff.css?dpl=dpl_AKG8ypqBgFfP1ntZvZNaBSTTYRfn was preloaded using link preload but not used within a few seconds from the window's load event. Please make sure it has an appropriate `as` value and it is preloaded intentionally. @ https://vercel.com/laoertongzhis-projects:0
[ 6654727ms] [WARNING] The resource https://vercel.com/_next/static/chunks/1go2vinjiwjy8.css?dpl=dpl_AKG8ypqBgFfP1ntZvZNaBSTTYRfn was preloaded using link preload but not used within a few seconds from the window's load event. Please make sure it has an appropriate `as` value and it is preloaded intentionally. @ https://vercel.com/laoertongzhis-projects:0
[ 6654727ms] [WARNING] The resource https://vercel.com/_next/static/chunks/10i5upuej7223.css?dpl=dpl_AKG8ypqBgFfP1ntZvZNaBSTTYRfn was preloaded using link preload but not used within a few seconds from the window's load event. Please make sure it has an appropriate `as` value and it is preloaded intentionally. @ https://vercel.com/laoertongzhis-projects:0
[ 6654727ms] [WARNING] The resource https://vercel.com/_next/static/chunks/35s8foc81_vlj.css?dpl=dpl_AKG8ypqBgFfP1ntZvZNaBSTTYRfn was preloaded using link preload but not used within a few seconds from the window's load event. Please make sure it has an appropriate `as` value and it is preloaded intentionally. @ https://vercel.com/laoertongzhis-projects:0
[ 6654727ms] [WARNING] The resource https://vercel.com/_next/static/chunks/0tv257fx586gu.css?dpl=dpl_AKG8ypqBgFfP1ntZvZNaBSTTYRfn was preloaded using link preload but not used within a few seconds from the window's load event. Please make sure it has an appropriate `as` value and it is preloaded intentionally. @ https://vercel.com/laoertongzhis-projects:0
[ 6654727ms] [WARNING] The resource https://vercel.com/_next/static/media/caa3a2e1cccd8315.p.0wgildi0cnwt9.woff2?dpl=dpl_AKG8ypqBgFfP1ntZvZNaBSTTYRfn was preloaded using link preload but not used within a few seconds from the window's load event. Please make sure it has an appropriate `as` value and it is preloaded intentionally. @ https://vercel.com/laoertongzhis-projects:0
[ 6654727ms] [WARNING] The resource https://vercel.com/_next/static/chunks/0_mwmt195c5-v.css?dpl=dpl_AKG8ypqBgFfP1ntZvZNaBSTTYRfn was preloaded using link preload but not used within a few seconds from the window's load event. Please make sure it has an appropriate `as` value and it is preloaded intentionally. @ https://vercel.com/laoertongzhis-projects:0
[ 6673925ms] [WARNING] The resource https://vercel.com/_next/static/chunks/1l21dsz6xlr6h.css?dpl=dpl_AKG8ypqBgFfP1ntZvZNaBSTTYRfn was preloaded using link preload but not used within a few seconds from the window's load event. Please make sure it has an appropriate `as` value and it is preloaded intentionally. @ https://vercel.com/laoertongzhis-projects:0
[ 6673925ms] [WARNING] The resource https://vercel.com/_next/static/chunks/3j7d6ld0gjv-a.css?dpl=dpl_AKG8ypqBgFfP1ntZvZNaBSTTYRfn was preloaded using link preload but not used within a few seconds from the window's load event. Please make sure it has an appropriate `as` value and it is preloaded intentionally. @ https://vercel.com/laoertongzhis-projects:0
[ 6673925ms] [WARNING] The resource https://vercel.com/_next/static/chunks/2cegy48-lpb69.css?dpl=dpl_AKG8ypqBgFfP1ntZvZNaBSTTYRfn was preloaded using link preload but not used within a few seconds from the window's load event. Please make sure it has an appropriate `as` value and it is preloaded intentionally. @ https://vercel.com/laoertongzhis-projects:0
[ 6673925ms] [WARNING] The resource https://vercel.com/_next/static/chunks/1tiefx_0-i8d9.css?dpl=dpl_AKG8ypqBgFfP1ntZvZNaBSTTYRfn was preloaded using link preload but not used within a few seconds from the window's load event. Please make sure it has an appropriate `as` value and it is preloaded intentionally. @ https://vercel.com/laoertongzhis-projects:0
[ 6673925ms] [WARNING] The resource https://vercel.com/_next/static/media/797e433ab948586e.p.0w5z4e7s8jfe5.woff2?dpl=dpl_AKG8ypqBgFfP1ntZvZNaBSTTYRfn was preloaded using link preload but not used within a few seconds from the window's load event. Please make sure it has an appropriate `as` value and it is preloaded intentionally. @ https://vercel.com/laoertongzhis-projects:0
[ 6673925ms] [WARNING] The resource https://vercel.com/_next/static/chunks/0abkm_6n_8bff.css?dpl=dpl_AKG8ypqBgFfP1ntZvZNaBSTTYRfn was preloaded using link preload but not used within a few seconds from the window's load event. Please make sure it has an appropriate `as` value and it is preloaded intentionally. @ https://vercel.com/laoertongzhis-projects:0
[ 6673925ms] [WARNING] The resource https://vercel.com/_next/static/chunks/1go2vinjiwjy8.css?dpl=dpl_AKG8ypqBgFfP1ntZvZNaBSTTYRfn was preloaded using link preload but not used within a few seconds from the window's load event. Please make sure it has an appropriate `as` value and it is preloaded intentionally. @ https://vercel.com/laoertongzhis-projects:0
[ 6673925ms] [WARNING] The resource https://vercel.com/_next/static/chunks/10i5upuej7223.css?dpl=dpl_AKG8ypqBgFfP1ntZvZNaBSTTYRfn was preloaded using link preload but not used within a few seconds from the window's load event. Please make sure it has an appropriate `as` value and it is preloaded intentionally. @ https://vercel.com/laoertongzhis-projects:0
[ 6673925ms] [WARNING] The resource https://vercel.com/_next/static/chunks/35s8foc81_vlj.css?dpl=dpl_AKG8ypqBgFfP1ntZvZNaBSTTYRfn was preloaded using link preload but not used within a few seconds from the window's load event. Please make sure it has an appropriate `as` value and it is preloaded intentionally. @ https://vercel.com/laoertongzhis-projects:0
[ 6673925ms] [WARNING] The resource https://vercel.com/_next/static/chunks/0tv257fx586gu.css?dpl=dpl_AKG8ypqBgFfP1ntZvZNaBSTTYRfn was preloaded using link preload but not used within a few seconds from the window's load event. Please make sure it has an appropriate `as` value and it is preloaded intentionally. @ https://vercel.com/laoertongzhis-projects:0
[ 6673925ms] [WARNING] The resource https://vercel.com/_next/static/media/caa3a2e1cccd8315.p.0wgildi0cnwt9.woff2?dpl=dpl_AKG8ypqBgFfP1ntZvZNaBSTTYRfn was preloaded using link preload but not used within a few seconds from the window's load event. Please make sure it has an appropriate `as` value and it is preloaded intentionally. @ https://vercel.com/laoertongzhis-projects:0
[ 6673925ms] [WARNING] The resource https://vercel.com/_next/static/chunks/0_mwmt195c5-v.css?dpl=dpl_AKG8ypqBgFfP1ntZvZNaBSTTYRfn was preloaded using link preload but not used within a few seconds from the window's load event. Please make sure it has an appropriate `as` value and it is preloaded intentionally. @ https://vercel.com/laoertongzhis-projects:0
[ 7212987ms] [WARNING] The resource https://vercel.com/_next/static/chunks/1l21dsz6xlr6h.css?dpl=dpl_AKG8ypqBgFfP1ntZvZNaBSTTYRfn was preloaded using link preload but not used within a few seconds from the window's load event. Please make sure it has an appropriate `as` value and it is preloaded intentionally. @ https://vercel.com/laoertongzhis-projects:0
[ 7212988ms] [WARNING] The resource https://vercel.com/_next/static/chunks/3j7d6ld0gjv-a.css?dpl=dpl_AKG8ypqBgFfP1ntZvZNaBSTTYRfn was preloaded using link preload but not used within a few seconds from the window's load event. Please make sure it has an appropriate `as` value and it is preloaded intentionally. @ https://vercel.com/laoertongzhis-projects:0
[ 7212988ms] [WARNING] The resource https://vercel.com/_next/static/chunks/2cegy48-lpb69.css?dpl=dpl_AKG8ypqBgFfP1ntZvZNaBSTTYRfn was preloaded using link preload but not used within a few seconds from the window's load event. Please make sure it has an appropriate `as` value and it is preloaded intentionally. @ https://vercel.com/laoertongzhis-projects:0
[ 7212988ms] [WARNING] The resource https://vercel.com/_next/static/chunks/1tiefx_0-i8d9.css?dpl=dpl_AKG8ypqBgFfP1ntZvZNaBSTTYRfn was preloaded using link preload but not used within a few seconds from the window's load event. Please make sure it has an appropriate `as` value and it is preloaded intentionally. @ https://vercel.com/laoertongzhis-projects:0
[ 7212988ms] [WARNING] The resource https://vercel.com/_next/static/media/797e433ab948586e.p.0w5z4e7s8jfe5.woff2?dpl=dpl_AKG8ypqBgFfP1ntZvZNaBSTTYRfn was preloaded using link preload but not used within a few seconds from the window's load event. Please make sure it has an appropriate `as` value and it is preloaded intentionally. @ https://vercel.com/laoertongzhis-projects:0
[ 7212988ms] [WARNING] The resource https://vercel.com/_next/static/chunks/0abkm_6n_8bff.css?dpl=dpl_AKG8ypqBgFfP1ntZvZNaBSTTYRfn was preloaded using link preload but not used within a few seconds from the window's load event. Please make sure it has an appropriate `as` value and it is preloaded intentionally. @ https://vercel.com/laoertongzhis-projects:0
[ 7212988ms] [WARNING] The resource https://vercel.com/_next/static/chunks/1go2vinjiwjy8.css?dpl=dpl_AKG8ypqBgFfP1ntZvZNaBSTTYRfn was preloaded using link preload but not used within a few seconds from the window's load event. Please make sure it has an appropriate `as` value and it is preloaded intentionally. @ https://vercel.com/laoertongzhis-projects:0
[ 7212988ms] [WARNING] The resource https://vercel.com/_next/static/chunks/10i5upuej7223.css?dpl=dpl_AKG8ypqBgFfP1ntZvZNaBSTTYRfn was preloaded using link preload but not used within a few seconds from the window's load event. Please make sure it has an appropriate `as` value and it is preloaded intentionally. @ https://vercel.com/laoertongzhis-projects:0
[ 7212988ms] [WARNING] The resource https://vercel.com/_next/static/chunks/35s8foc81_vlj.css?dpl=dpl_AKG8ypqBgFfP1ntZvZNaBSTTYRfn was preloaded using link preload but not used within a few seconds from the window's load event. Please make sure it has an appropriate `as` value and it is preloaded intentionally. @ https://vercel.com/laoertongzhis-projects:0
[ 7212988ms] [WARNING] The resource https://vercel.com/_next/static/chunks/0tv257fx586gu.css?dpl=dpl_AKG8ypqBgFfP1ntZvZNaBSTTYRfn was preloaded using link preload but not used within a few seconds from the window's load event. Please make sure it has an appropriate `as` value and it is preloaded intentionally. @ https://vercel.com/laoertongzhis-projects:0
[ 7212988ms] [WARNING] The resource https://vercel.com/_next/static/media/caa3a2e1cccd8315.p.0wgildi0cnwt9.woff2?dpl=dpl_AKG8ypqBgFfP1ntZvZNaBSTTYRfn was preloaded using link preload but not used within a few seconds from the window's load event. Please make sure it has an appropriate `as` value and it is preloaded intentionally. @ https://vercel.com/laoertongzhis-projects:0
[ 7212988ms] [WARNING] The resource https://vercel.com/_next/static/chunks/0_mwmt195c5-v.css?dpl=dpl_AKG8ypqBgFfP1ntZvZNaBSTTYRfn was preloaded using link preload but not used within a few seconds from the window's load event. Please make sure it has an appropriate `as` value and it is preloaded intentionally. @ https://vercel.com/laoertongzhis-projects:0
[ 7277760ms] [WARNING] The resource https://vercel.com/_next/static/chunks/1l21dsz6xlr6h.css?dpl=dpl_AKG8ypqBgFfP1ntZvZNaBSTTYRfn was preloaded using link preload but not used within a few seconds from the window's load event. Please make sure it has an appropriate `as` value and it is preloaded intentionally. @ https://vercel.com/laoertongzhis-projects:0
[ 7277760ms] [WARNING] The resource https://vercel.com/_next/static/chunks/3j7d6ld0gjv-a.css?dpl=dpl_AKG8ypqBgFfP1ntZvZNaBSTTYRfn was preloaded using link preload but not used within a few seconds from the window's load event. Please make sure it has an appropriate `as` value and it is preloaded intentionally. @ https://vercel.com/laoertongzhis-projects:0
[ 7277760ms] [WARNING] The resource https://vercel.com/_next/static/chunks/2cegy48-lpb69.css?dpl=dpl_AKG8ypqBgFfP1ntZvZNaBSTTYRfn was preloaded using link preload but not used within a few seconds from the window's load event. Please make sure it has an appropriate `as` value and it is preloaded intentionally. @ https://vercel.com/laoertongzhis-projects:0
[ 7277761ms] [WARNING] The resource https://vercel.com/_next/static/chunks/1tiefx_0-i8d9.css?dpl=dpl_AKG8ypqBgFfP1ntZvZNaBSTTYRfn was preloaded using link preload but not used within a few seconds from the window's load event. Please make sure it has an appropriate `as` value and it is preloaded intentionally. @ https://vercel.com/laoertongzhis-projects:0
[ 7277761ms] [WARNING] The resource https://vercel.com/_next/static/media/797e433ab948586e.p.0w5z4e7s8jfe5.woff2?dpl=dpl_AKG8ypqBgFfP1ntZvZNaBSTTYRfn was preloaded using link preload but not used within a few seconds from the window's load event. Please make sure it has an appropriate `as` value and it is preloaded intentionally. @ https://vercel.com/laoertongzhis-projects:0
[ 7277761ms] [WARNING] The resource https://vercel.com/_next/static/chunks/0abkm_6n_8bff.css?dpl=dpl_AKG8ypqBgFfP1ntZvZNaBSTTYRfn was preloaded using link preload but not used within a few seconds from the window's load event. Please make sure it has an appropriate `as` value and it is preloaded intentionally. @ https://vercel.com/laoertongzhis-projects:0
[ 7277761ms] [WARNING] The resource https://vercel.com/_next/static/chunks/1go2vinjiwjy8.css?dpl=dpl_AKG8ypqBgFfP1ntZvZNaBSTTYRfn was preloaded using link preload but not used within a few seconds from the window's load event. Please make sure it has an appropriate `as` value and it is preloaded intentionally. @ https://vercel.com/laoertongzhis-projects:0
[ 7277761ms] [WARNING] The resource https://vercel.com/_next/static/chunks/10i5upuej7223.css?dpl=dpl_AKG8ypqBgFfP1ntZvZNaBSTTYRfn was preloaded using link preload but not used within a few seconds from the window's load event. Please make sure it has an appropriate `as` value and it is preloaded intentionally. @ https://vercel.com/laoertongzhis-projects:0
[ 7277761ms] [WARNING] The resource https://vercel.com/_next/static/chunks/35s8foc81_vlj.css?dpl=dpl_AKG8ypqBgFfP1ntZvZNaBSTTYRfn was preloaded using link preload but not used within a few seconds from the window's load event. Please make sure it has an appropriate `as` value and it is preloaded intentionally. @ https://vercel.com/laoertongzhis-projects:0
[ 7277761ms] [WARNING] The resource https://vercel.com/_next/static/chunks/0tv257fx586gu.css?dpl=dpl_AKG8ypqBgFfP1ntZvZNaBSTTYRfn was preloaded using link preload but not used within a few seconds from the window's load event. Please make sure it has an appropriate `as` value and it is preloaded intentionally. @ https://vercel.com/laoertongzhis-projects:0
[ 7277761ms] [WARNING] The resource https://vercel.com/_next/static/media/caa3a2e1cccd8315.p.0wgildi0cnwt9.woff2?dpl=dpl_AKG8ypqBgFfP1ntZvZNaBSTTYRfn was preloaded using link preload but not used within a few seconds from the window's load event. Please make sure it has an appropriate `as` value and it is preloaded intentionally. @ https://vercel.com/laoertongzhis-projects:0
[ 7277761ms] [WARNING] The resource https://vercel.com/_next/static/chunks/0_mwmt195c5-v.css?dpl=dpl_AKG8ypqBgFfP1ntZvZNaBSTTYRfn was preloaded using link preload but not used within a few seconds from the window's load event. Please make sure it has an appropriate `as` value and it is preloaded intentionally. @ https://vercel.com/laoertongzhis-projects:0
[ 7883370ms] [WARNING] The resource https://vercel.com/_next/static/chunks/1l21dsz6xlr6h.css?dpl=dpl_AKG8ypqBgFfP1ntZvZNaBSTTYRfn was preloaded using link preload but not used within a few seconds from the window's load event. Please make sure it has an appropriate `as` value and it is preloaded intentionally. @ https://vercel.com/laoertongzhis-projects:0
[ 7883371ms] [WARNING] The resource https://vercel.com/_next/static/chunks/3j7d6ld0gjv-a.css?dpl=dpl_AKG8ypqBgFfP1ntZvZNaBSTTYRfn was preloaded using link preload but not used within a few seconds from the window's load event. Please make sure it has an appropriate `as` value and it is preloaded intentionally. @ https://vercel.com/laoertongzhis-projects:0
[ 7883371ms] [WARNING] The resource https://vercel.com/_next/static/chunks/2cegy48-lpb69.css?dpl=dpl_AKG8ypqBgFfP1ntZvZNaBSTTYRfn was preloaded using link preload but not used within a few seconds from the window's load event. Please make sure it has an appropriate `as` value and it is preloaded intentionally. @ https://vercel.com/laoertongzhis-projects:0
[ 7883371ms] [WARNING] The resource https://vercel.com/_next/static/chunks/1tiefx_0-i8d9.css?dpl=dpl_AKG8ypqBgFfP1ntZvZNaBSTTYRfn was preloaded using link preload but not used within a few seconds from the window's load event. Please make sure it has an appropriate `as` value and it is preloaded intentionally. @ https://vercel.com/laoertongzhis-projects:0
[ 7883371ms] [WARNING] The resource https://vercel.com/_next/static/media/797e433ab948586e.p.0w5z4e7s8jfe5.woff2?dpl=dpl_AKG8ypqBgFfP1ntZvZNaBSTTYRfn was preloaded using link preload but not used within a few seconds from the window's load event. Please make sure it has an appropriate `as` value and it is preloaded intentionally. @ https://vercel.com/laoertongzhis-projects:0
[ 7883371ms] [WARNING] The resource https://vercel.com/_next/static/chunks/0abkm_6n_8bff.css?dpl=dpl_AKG8ypqBgFfP1ntZvZNaBSTTYRfn was preloaded using link preload but not used within a few seconds from the window's load event. Please make sure it has an appropriate `as` value and it is preloaded intentionally. @ https://vercel.com/laoertongzhis-projects:0
[ 7883371ms] [WARNING] The resource https://vercel.com/_next/static/chunks/1go2vinjiwjy8.css?dpl=dpl_AKG8ypqBgFfP1ntZvZNaBSTTYRfn was preloaded using link preload but not used within a few seconds from the window's load event. Please make sure it has an appropriate `as` value and it is preloaded intentionally. @ https://vercel.com/laoertongzhis-projects:0
[ 7883371ms] [WARNING] The resource https://vercel.com/_next/static/chunks/10i5upuej7223.css?dpl=dpl_AKG8ypqBgFfP1ntZvZNaBSTTYRfn was preloaded using link preload but not used within a few seconds from the window's load event. Please make sure it has an appropriate `as` value and it is preloaded intentionally. @ https://vercel.com/laoertongzhis-projects:0
[ 7883371ms] [WARNING] The resource https://vercel.com/_next/static/chunks/35s8foc81_vlj.css?dpl=dpl_AKG8ypqBgFfP1ntZvZNaBSTTYRfn was preloaded using link preload but not used within a few seconds from the window's load event. Please make sure it has an appropriate `as` value and it is preloaded intentionally. @ https://vercel.com/laoertongzhis-projects:0
[ 7883371ms] [WARNING] The resource https://vercel.com/_next/static/chunks/0tv257fx586gu.css?dpl=dpl_AKG8ypqBgFfP1ntZvZNaBSTTYRfn was preloaded using link preload but not used within a few seconds from the window's load event. Please make sure it has an appropriate `as` value and it is preloaded intentionally. @ https://vercel.com/laoertongzhis-projects:0
[ 7883371ms] [WARNING] The resource https://vercel.com/_next/static/media/caa3a2e1cccd8315.p.0wgildi0cnwt9.woff2?dpl=dpl_AKG8ypqBgFfP1ntZvZNaBSTTYRfn was preloaded using link preload but not used within a few seconds from the window's load event. Please make sure it has an appropriate `as` value and it is preloaded intentionally. @ https://vercel.com/laoertongzhis-projects:0
[ 7883371ms] [WARNING] The resource https://vercel.com/_next/static/chunks/0_mwmt195c5-v.css?dpl=dpl_AKG8ypqBgFfP1ntZvZNaBSTTYRfn was preloaded using link preload but not used within a few seconds from the window's load event. Please make sure it has an appropriate `as` value and it is preloaded intentionally. @ https://vercel.com/laoertongzhis-projects:0
[ 8488848ms] [WARNING] The resource https://vercel.com/_next/static/chunks/1l21dsz6xlr6h.css?dpl=dpl_AKG8ypqBgFfP1ntZvZNaBSTTYRfn was preloaded using link preload but not used within a few seconds from the window's load event. Please make sure it has an appropriate `as` value and it is preloaded intentionally. @ https://vercel.com/laoertongzhis-projects:0
[ 8488848ms] [WARNING] The resource https://vercel.com/_next/static/chunks/3j7d6ld0gjv-a.css?dpl=dpl_AKG8ypqBgFfP1ntZvZNaBSTTYRfn was preloaded using link preload but not used within a few seconds from the window's load event. Please make sure it has an appropriate `as` value and it is preloaded intentionally. @ https://vercel.com/laoertongzhis-projects:0
[ 8488848ms] [WARNING] The resource https://vercel.com/_next/static/chunks/2cegy48-lpb69.css?dpl=dpl_AKG8ypqBgFfP1ntZvZNaBSTTYRfn was preloaded using link preload but not used within a few seconds from the window's load event. Please make sure it has an appropriate `as` value and it is preloaded intentionally. @ https://vercel.com/laoertongzhis-projects:0
[ 8488848ms] [WARNING] The resource https://vercel.com/_next/static/chunks/1tiefx_0-i8d9.css?dpl=dpl_AKG8ypqBgFfP1ntZvZNaBSTTYRfn was preloaded using link preload but not used within a few seconds from the window's load event. Please make sure it has an appropriate `as` value and it is preloaded intentionally. @ https://vercel.com/laoertongzhis-projects:0
[ 8488848ms] [WARNING] The resource https://vercel.com/_next/static/media/797e433ab948586e.p.0w5z4e7s8jfe5.woff2?dpl=dpl_AKG8ypqBgFfP1ntZvZNaBSTTYRfn was preloaded using link preload but not used within a few seconds from the window's load event. Please make sure it has an appropriate `as` value and it is preloaded intentionally. @ https://vercel.com/laoertongzhis-projects:0
[ 8488848ms] [WARNING] The resource https://vercel.com/_next/static/chunks/0abkm_6n_8bff.css?dpl=dpl_AKG8ypqBgFfP1ntZvZNaBSTTYRfn was preloaded using link preload but not used within a few seconds from the window's load event. Please make sure it has an appropriate `as` value and it is preloaded intentionally. @ https://vercel.com/laoertongzhis-projects:0
[ 8488848ms] [WARNING] The resource https://vercel.com/_next/static/chunks/1go2vinjiwjy8.css?dpl=dpl_AKG8ypqBgFfP1ntZvZNaBSTTYRfn was preloaded using link preload but not used within a few seconds from the window's load event. Please make sure it has an appropriate `as` value and it is preloaded intentionally. @ https://vercel.com/laoertongzhis-projects:0
[ 8488848ms] [WARNING] The resource https://vercel.com/_next/static/chunks/10i5upuej7223.css?dpl=dpl_AKG8ypqBgFfP1ntZvZNaBSTTYRfn was preloaded using link preload but not used within a few seconds from the window's load event. Please make sure it has an appropriate `as` value and it is preloaded intentionally. @ https://vercel.com/laoertongzhis-projects:0
[ 8488848ms] [WARNING] The resource https://vercel.com/_next/static/chunks/35s8foc81_vlj.css?dpl=dpl_AKG8ypqBgFfP1ntZvZNaBSTTYRfn was preloaded using link preload but not used within a few seconds from the window's load event. Please make sure it has an appropriate `as` value and it is preloaded intentionally. @ https://vercel.com/laoertongzhis-projects:0
[ 8488848ms] [WARNING] The resource https://vercel.com/_next/static/chunks/0tv257fx586gu.css?dpl=dpl_AKG8ypqBgFfP1ntZvZNaBSTTYRfn was preloaded using link preload but not used within a few seconds from the window's load event. Please make sure it has an appropriate `as` value and it is preloaded intentionally. @ https://vercel.com/laoertongzhis-projects:0
[ 8488848ms] [WARNING] The resource https://vercel.com/_next/static/media/caa3a2e1cccd8315.p.0wgildi0cnwt9.woff2?dpl=dpl_AKG8ypqBgFfP1ntZvZNaBSTTYRfn was preloaded using link preload but not used within a few seconds from the window's load event. Please make sure it has an appropriate `as` value and it is preloaded intentionally. @ https://vercel.com/laoertongzhis-projects:0
[ 8488848ms] [WARNING] The resource https://vercel.com/_next/static/chunks/0_mwmt195c5-v.css?dpl=dpl_AKG8ypqBgFfP1ntZvZNaBSTTYRfn was preloaded using link preload but not used within a few seconds from the window's load event. Please make sure it has an appropriate `as` value and it is preloaded intentionally. @ https://vercel.com/laoertongzhis-projects:0
[ 9094028ms] [WARNING] The resource https://vercel.com/_next/static/chunks/1l21dsz6xlr6h.css?dpl=dpl_AKG8ypqBgFfP1ntZvZNaBSTTYRfn was preloaded using link preload but not used within a few seconds from the window's load event. Please make sure it has an appropriate `as` value and it is preloaded intentionally. @ https://vercel.com/laoertongzhis-projects:0
[ 9094028ms] [WARNING] The resource https://vercel.com/_next/static/chunks/3j7d6ld0gjv-a.css?dpl=dpl_AKG8ypqBgFfP1ntZvZNaBSTTYRfn was preloaded using link preload but not used within a few seconds from the window's load event. Please make sure it has an appropriate `as` value and it is preloaded intentionally. @ https://vercel.com/laoertongzhis-projects:0
[ 9094028ms] [WARNING] The resource https://vercel.com/_next/static/chunks/2cegy48-lpb69.css?dpl=dpl_AKG8ypqBgFfP1ntZvZNaBSTTYRfn was preloaded using link preload but not used within a few seconds from the window's load event. Please make sure it has an appropriate `as` value and it is preloaded intentionally. @ https://vercel.com/laoertongzhis-projects:0
[ 9094028ms] [WARNING] The resource https://vercel.com/_next/static/chunks/1tiefx_0-i8d9.css?dpl=dpl_AKG8ypqBgFfP1ntZvZNaBSTTYRfn was preloaded using link preload but not used within a few seconds from the window's load event. Please make sure it has an appropriate `as` value and it is preloaded intentionally. @ https://vercel.com/laoertongzhis-projects:0
[ 9094028ms] [WARNING] The resource https://vercel.com/_next/static/media/797e433ab948586e.p.0w5z4e7s8jfe5.woff2?dpl=dpl_AKG8ypqBgFfP1ntZvZNaBSTTYRfn was preloaded using link preload but not used within a few seconds from the window's load event. Please make sure it has an appropriate `as` value and it is preloaded intentionally. @ https://vercel.com/laoertongzhis-projects:0
[ 9094028ms] [WARNING] The resource https://vercel.com/_next/static/chunks/0abkm_6n_8bff.css?dpl=dpl_AKG8ypqBgFfP1ntZvZNaBSTTYRfn was preloaded using link preload but not used within a few seconds from the window's load event. Please make sure it has an appropriate `as` value and it is preloaded intentionally. @ https://vercel.com/laoertongzhis-projects:0
[ 9094028ms] [WARNING] The resource https://vercel.com/_next/static/chunks/1go2vinjiwjy8.css?dpl=dpl_AKG8ypqBgFfP1ntZvZNaBSTTYRfn was preloaded using link preload but not used within a few seconds from the window's load event. Please make sure it has an appropriate `as` value and it is preloaded intentionally. @ https://vercel.com/laoertongzhis-projects:0
[ 9094028ms] [WARNING] The resource https://vercel.com/_next/static/chunks/10i5upuej7223.css?dpl=dpl_AKG8ypqBgFfP1ntZvZNaBSTTYRfn was preloaded using link preload but not used within a few seconds from the window's load event. Please make sure it has an appropriate `as` value and it is preloaded intentionally. @ https://vercel.com/laoertongzhis-projects:0
[ 9094028ms] [WARNING] The resource https://vercel.com/_next/static/chunks/35s8foc81_vlj.css?dpl=dpl_AKG8ypqBgFfP1ntZvZNaBSTTYRfn was preloaded using link preload but not used within a few seconds from the window's load event. Please make sure it has an appropriate `as` value and it is preloaded intentionally. @ https://vercel.com/laoertongzhis-projects:0
[ 9094028ms] [WARNING] The resource https://vercel.com/_next/static/chunks/0tv257fx586gu.css?dpl=dpl_AKG8ypqBgFfP1ntZvZNaBSTTYRfn was preloaded using link preload but not used within a few seconds from the window's load event. Please make sure it has an appropriate `as` value and it is preloaded intentionally. @ https://vercel.com/laoertongzhis-projects:0
[ 9094028ms] [WARNING] The resource https://vercel.com/_next/static/media/caa3a2e1cccd8315.p.0wgildi0cnwt9.woff2?dpl=dpl_AKG8ypqBgFfP1ntZvZNaBSTTYRfn was preloaded using link preload but not used within a few seconds from the window's load event. Please make sure it has an appropriate `as` value and it is preloaded intentionally. @ https://vercel.com/laoertongzhis-projects:0
[ 9094028ms] [WARNING] The resource https://vercel.com/_next/static/chunks/0_mwmt195c5-v.css?dpl=dpl_AKG8ypqBgFfP1ntZvZNaBSTTYRfn was preloaded using link preload but not used within a few seconds from the window's load event. Please make sure it has an appropriate `as` value and it is preloaded intentionally. @ https://vercel.com/laoertongzhis-projects:0
