[    1340ms] [LOG] %c..........^♥♥♥♥♥♥♥♥♥♥♥♥♥♥♥♥♥♥♥♥♥♥♥♥♥♥♥♥♥♥♥♥♥♥♥♥♥♥♥♥♥♥♥♥♥♥♥♥♥♥♥♥♥♥♥♥♥^..........
........,♥♥♥♥♥♥♥♥♥♥♥♥♥♥♥♥♥♥♥♥♥♥♥♥♥♥♥♥♥♥♥♥♥♥♥♥♥♥♥♥♥♥♥♥♥♥♥♥♥♥♥♥♥♥♥♥♥♥♥♥♥^........
........=♥♥♥♥♥♥♥♥♥♥♥♥♥♥♥♥♥♥♥♥♥♥♥♥♥♥♥♥♥♥♥♥♥♥♥♥♥♥♥♥♥♥♥♥♥♥♥♥♥♥♥♥♥♥♥♥♥♥♥♥♥^........
........=♥♥♥♥♥♥♥♥♥♥♥^.........♥♥♥♥♥♥........................♥♥♥♥♥♥♥♥♥♥^........
........=♥♥♥♥♥♥♥♥♥♥♥^.........♥♥♥♥♥♥........................♥♥♥♥♥♥♥♥♥♥^........
........=♥♥♥♥♥♥♥♥♥♥♥^.........♥♥♥♥♥♥........................♥♥♥♥♥♥♥♥♥♥^........
........=♥♥♥♥♥♥♥♥♥♥♥^.........♥♥♥♥♥♥♥♥♥♥♥♥♥^.........♥♥♥♥♥♥♥♥♥♥♥♥♥♥♥♥♥^........
........=♥♥♥♥♥♥♥♥♥♥♥^.........♥♥♥♥♥♥♥♥♥♥♥♥♥^.........♥♥♥♥♥♥♥♥♥♥♥♥♥♥♥♥♥^........
........=♥♥♥♥♥♥♥♥♥♥♥^.........♥♥♥♥♥♥♥♥♥♥♥♥♥^.........♥♥♥♥♥♥♥♥♥♥♥♥♥♥♥♥♥^........
........=♥♥♥♥♥♥♥♥♥♥♥^.........♥♥♥♥♥♥♥♥♥♥♥♥♥^.........♥♥♥♥♥♥♥♥♥♥♥♥♥♥♥♥♥^........
........=♥♥♥♥♥♥♥♥♥♥♥^.........♥♥♥♥♥♥♥♥♥♥♥♥♥^.........♥♥♥♥♥♥♥♥♥♥♥♥♥♥♥♥♥^........
........=♥♥♥♥♥♥♥♥♥♥♥^.........♥♥♥♥♥♥♥♥♥♥♥♥♥^.........♥♥♥♥♥♥♥♥♥♥♥♥♥♥♥♥♥^........
........=♥♥♥♥♥♥♥♥♥♥♥^.........♥♥♥♥♥♥♥♥♥♥♥♥♥^.........♥♥♥♥♥♥♥♥♥♥♥♥♥♥♥♥♥^........
........=♥♥♥♥♥♥♥♥♥♥♥^.........♥♥♥♥♥♥♥♥♥♥♥♥♥^.........♥♥♥♥♥♥♥♥♥♥♥♥♥♥♥♥♥^........
........=♥♥♥♥♥♥♥♥♥♥♥♥♥♥♥♥♥♥♥♥♥♥♥♥♥♥♥♥♥♥♥♥♥♥^%cI.LIKE.IT%c♥♥♥♥♥♥♥♥♥♥♥♥♥♥♥♥♥^........
........=♥♥♥♥♥♥♥♥♥♥♥♥♥♥♥♥♥♥♥♥♥♥♥♥♥♥♥♥♥♥♥♥♥♥♥♥♥♥♥♥♥♥♥♥♥♥♥♥♥♥♥♥♥♥♥♥♥♥♥♥♥^........
.........♥♥♥♥♥♥♥♥♥♥♥♥♥♥♥♥♥♥♥♥♥♥♥♥♥♥♥♥♥♥♥♥♥♥♥♥♥♥♥♥♥♥♥♥♥♥♥♥♥♥♥♥♥♥♥♥♥♥♥♥^.........
...........................................,♥♥♥♥♥♥♥♥♥♥♥........................
..............................................♥♥♥♥♥♥♥♥♥........................
.................................................♥♥♥♥♥♥........................
...................................................,♥♥♥........................
......... 有兴趣加入IT之家开发团队？可发送您的简历至邮箱：lihuijie@ruanmei.com
......... 招聘岗位：.Net后端、安卓/iOS移动开发、UI设计。期待您的来信~
............................................................................... color:#000 color:#d22222;font-weight:bold; color:#000 @ https://img.ithome.com/file/js/v2.3/common.js?t=20240112:532
[  108950ms] [LOG] %c..........^♥♥♥♥♥♥♥♥♥♥♥♥♥♥♥♥♥♥♥♥♥♥♥♥♥♥♥♥♥♥♥♥♥♥♥♥♥♥♥♥♥♥♥♥♥♥♥♥♥♥♥♥♥♥♥♥♥^..........
........,♥♥♥♥♥♥♥♥♥♥♥♥♥♥♥♥♥♥♥♥♥♥♥♥♥♥♥♥♥♥♥♥♥♥♥♥♥♥♥♥♥♥♥♥♥♥♥♥♥♥♥♥♥♥♥♥♥♥♥♥♥^........
........=♥♥♥♥♥♥♥♥♥♥♥♥♥♥♥♥♥♥♥♥♥♥♥♥♥♥♥♥♥♥♥♥♥♥♥♥♥♥♥♥♥♥♥♥♥♥♥♥♥♥♥♥♥♥♥♥♥♥♥♥♥^........
........=♥♥♥♥♥♥♥♥♥♥♥^.........♥♥♥♥♥♥........................♥♥♥♥♥♥♥♥♥♥^........
........=♥♥♥♥♥♥♥♥♥♥♥^.........♥♥♥♥♥♥........................♥♥♥♥♥♥♥♥♥♥^........
........=♥♥♥♥♥♥♥♥♥♥♥^.........♥♥♥♥♥♥........................♥♥♥♥♥♥♥♥♥♥^........
........=♥♥♥♥♥♥♥♥♥♥♥^.........♥♥♥♥♥♥♥♥♥♥♥♥♥^.........♥♥♥♥♥♥♥♥♥♥♥♥♥♥♥♥♥^........
........=♥♥♥♥♥♥♥♥♥♥♥^.........♥♥♥♥♥♥♥♥♥♥♥♥♥^.........♥♥♥♥♥♥♥♥♥♥♥♥♥♥♥♥♥^........
........=♥♥♥♥♥♥♥♥♥♥♥^.........♥♥♥♥♥♥♥♥♥♥♥♥♥^.........♥♥♥♥♥♥♥♥♥♥♥♥♥♥♥♥♥^........
........=♥♥♥♥♥♥♥♥♥♥♥^.........♥♥♥♥♥♥♥♥♥♥♥♥♥^.........♥♥♥♥♥♥♥♥♥♥♥♥♥♥♥♥♥^........
........=♥♥♥♥♥♥♥♥♥♥♥^.........♥♥♥♥♥♥♥♥♥♥♥♥♥^.........♥♥♥♥♥♥♥♥♥♥♥♥♥♥♥♥♥^........
........=♥♥♥♥♥♥♥♥♥♥♥^.........♥♥♥♥♥♥♥♥♥♥♥♥♥^.........♥♥♥♥♥♥♥♥♥♥♥♥♥♥♥♥♥^........
........=♥♥♥♥♥♥♥♥♥♥♥^.........♥♥♥♥♥♥♥♥♥♥♥♥♥^.........♥♥♥♥♥♥♥♥♥♥♥♥♥♥♥♥♥^........
........=♥♥♥♥♥♥♥♥♥♥♥^.........♥♥♥♥♥♥♥♥♥♥♥♥♥^.........♥♥♥♥♥♥♥♥♥♥♥♥♥♥♥♥♥^........
........=♥♥♥♥♥♥♥♥♥♥♥♥♥♥♥♥♥♥♥♥♥♥♥♥♥♥♥♥♥♥♥♥♥♥^%cI.LIKE.IT%c♥♥♥♥♥♥♥♥♥♥♥♥♥♥♥♥♥^........
........=♥♥♥♥♥♥♥♥♥♥♥♥♥♥♥♥♥♥♥♥♥♥♥♥♥♥♥♥♥♥♥♥♥♥♥♥♥♥♥♥♥♥♥♥♥♥♥♥♥♥♥♥♥♥♥♥♥♥♥♥♥^........
.........♥♥♥♥♥♥♥♥♥♥♥♥♥♥♥♥♥♥♥♥♥♥♥♥♥♥♥♥♥♥♥♥♥♥♥♥♥♥♥♥♥♥♥♥♥♥♥♥♥♥♥♥♥♥♥♥♥♥♥♥^.........
...........................................,♥♥♥♥♥♥♥♥♥♥♥........................
..............................................♥♥♥♥♥♥♥♥♥........................
.................................................♥♥♥♥♥♥........................
...................................................,♥♥♥........................
......... 有兴趣加入IT之家开发团队？可发送您的简历至邮箱：lihuijie@ruanmei.com
......... 招聘岗位：.Net后端、安卓/iOS移动开发、UI设计。期待您的来信~
............................................................................... color:#000 color:#d22222;font-weight:bold; color:#000 @ https://img.ithome.com/file/js/v2.3/common.js?t=20240112:532
[  311702ms] [LOG] false @ http://static4style.duoduocdn.com/static/pcmain/js/index_main4.v10.js?v=0.06:0
[  311777ms] [ERROR] Access to XMLHttpRequest at 'https://webstat.qiumibao.com/api/stat?_env=pc&_platform=pc&_t=1778900516286' from origin 'http://zhibo8.com' has been blocked by CORS policy: No 'Access-Control-Allow-Origin' header is present on the requested resource. @ http://zhibo8.com/:0
[  311778ms] [ERROR] Failed to load resource: net::ERR_FAILED @ https://webstat.qiumibao.com/api/stat?_env=pc&_platform=pc&_t=1778900516286:0
[  312472ms] [LOG] li - upup @ http://static4style.duoduocdn.com/static/pcmain/js/index_main4.v10.js?v=0.06:0
[  316349ms] [LOG] 0 @ http://static4style.duoduocdn.com/static/pcmain/js/index_main4.v10.js?v=0.06:0
[  316405ms] [ERROR] Access to XMLHttpRequest at 'https://webstat.qiumibao.com/api/stat?_env=pc&_platform=pc&_t=1778900521023' from origin 'http://zhibo8.com' has been blocked by CORS policy: No 'Access-Control-Allow-Origin' header is present on the requested resource. @ http://zhibo8.com/:0
[  316405ms] [ERROR] Failed to load resource: net::ERR_FAILED @ https://webstat.qiumibao.com/api/stat?_env=pc&_platform=pc&_t=1778900521023:0
[  340345ms] [LOG] 0 @ http://static4style.duoduocdn.com/static/pcmain/js/index_main4.v10.js?v=0.06:0
[  340381ms] [ERROR] Access to XMLHttpRequest at 'https://webstat.qiumibao.com/api/stat?_env=pc&_platform=pc&_t=1778900545020' from origin 'http://zhibo8.com' has been blocked by CORS policy: No 'Access-Control-Allow-Origin' header is present on the requested resource. @ http://zhibo8.com/:0
[  340381ms] [ERROR] Failed to load resource: net::ERR_FAILED @ https://webstat.qiumibao.com/api/stat?_env=pc&_platform=pc&_t=1778900545020:0
[  342026ms] [LOG] false @ http://static4style.duoduocdn.com/static/pcmain/js/index_main4.v10.js?v=0.06:0
[  367802ms] [LOG] 0 @ http://static4style.duoduocdn.com/static/pcmain/js/index_main4.v10.js?v=0.06:0
[  367857ms] [ERROR] Access to XMLHttpRequest at 'https://webstat.qiumibao.com/api/stat?_env=pc&_platform=pc&_t=1778900572475' from origin 'http://zhibo8.com' has been blocked by CORS policy: No 'Access-Control-Allow-Origin' header is present on the requested resource. @ http://zhibo8.com/:0
[  367857ms] [ERROR] Failed to load resource: net::ERR_FAILED @ https://webstat.qiumibao.com/api/stat?_env=pc&_platform=pc&_t=1778900572475:0
[  372156ms] [LOG] false @ http://static4style.duoduocdn.com/static/pcmain/js/index_main4.v10.js?v=0.06:0
[  402258ms] [LOG] false @ http://static4style.duoduocdn.com/static/pcmain/js/index_main4.v10.js?v=0.06:0
[  411514ms] [LOG] 0 @ http://static4style.duoduocdn.com/static/pcmain/js/index_main4.v10.js?v=0.06:0
[  411600ms] [ERROR] Access to XMLHttpRequest at 'https://webstat.qiumibao.com/api/stat?_env=pc&_platform=pc&_t=1778900616188' from origin 'http://zhibo8.com' has been blocked by CORS policy: No 'Access-Control-Allow-Origin' header is present on the requested resource. @ http://zhibo8.com/:0
[  411600ms] [ERROR] Failed to load resource: net::ERR_FAILED @ https://webstat.qiumibao.com/api/stat?_env=pc&_platform=pc&_t=1778900616188:0
[  432867ms] [LOG] false @ http://static4style.duoduocdn.com/static/pcmain/js/index_main4.v10.js?v=0.06:0
[  463104ms] [LOG] false @ http://static4style.duoduocdn.com/static/pcmain/js/index_main4.v10.js?v=0.06:0
[  493232ms] [LOG] false @ http://static4style.duoduocdn.com/static/pcmain/js/index_main4.v10.js?v=0.06:0
[  504162ms] [LOG] 0 @ http://static4style.duoduocdn.com/static/pcmain/js/index_main4.v10.js?v=0.06:0
[  504192ms] [ERROR] Access to XMLHttpRequest at 'https://webstat.qiumibao.com/api/stat?_env=pc&_platform=pc&_t=1778900708836' from origin 'http://zhibo8.com' has been blocked by CORS policy: No 'Access-Control-Allow-Origin' header is present on the requested resource. @ http://zhibo8.com/:0
[  504193ms] [ERROR] Failed to load resource: net::ERR_FAILED @ https://webstat.qiumibao.com/api/stat?_env=pc&_platform=pc&_t=1778900708836:0
[  522281ms] [ERROR] Access to XMLHttpRequest at 'https://webstat.qiumibao.com/api/stat?_env=pc&_platform=pc&_t=1778900726931' from origin 'http://zhibo8.com' has been blocked by CORS policy: No 'Access-Control-Allow-Origin' header is present on the requested resource. @ http://zhibo8.com/:0
[  522282ms] [ERROR] Failed to load resource: net::ERR_FAILED @ https://webstat.qiumibao.com/api/stat?_env=pc&_platform=pc&_t=1778900726931:0
[  522360ms] [LOG] false @ http://static4style.duoduocdn.com/static/pcmain/js/index_main4.v10.js?v=0.06:0
[  523248ms] [LOG] li - upup @ http://static4style.duoduocdn.com/static/pcmain/js/index_main4.v10.js?v=0.06:0
[  540465ms] [LOG] 0 @ http://static4style.duoduocdn.com/static/pcmain/js/index_main4.v10.js?v=0.06:0
[  540540ms] [ERROR] Access to XMLHttpRequest at 'https://webstat.qiumibao.com/api/stat?_env=pc&_platform=pc&_t=1778900745139' from origin 'http://zhibo8.com' has been blocked by CORS policy: No 'Access-Control-Allow-Origin' header is present on the requested resource. @ http://zhibo8.com/:0
[  540540ms] [ERROR] Failed to load resource: net::ERR_FAILED @ https://webstat.qiumibao.com/api/stat?_env=pc&_platform=pc&_t=1778900745139:0
[  547829ms] [LOG] 0 @ http://static4style.duoduocdn.com/static/pcmain/js/index_main4.v10.js?v=0.06:0
[  547868ms] [ERROR] Access to XMLHttpRequest at 'https://webstat.qiumibao.com/api/stat?_env=pc&_platform=pc&_t=1778900752503' from origin 'http://zhibo8.com' has been blocked by CORS policy: No 'Access-Control-Allow-Origin' header is present on the requested resource. @ http://zhibo8.com/:0
[  547868ms] [ERROR] Failed to load resource: net::ERR_FAILED @ https://webstat.qiumibao.com/api/stat?_env=pc&_platform=pc&_t=1778900752503:0
[  552594ms] [LOG] false @ http://static4style.duoduocdn.com/static/pcmain/js/index_main4.v10.js?v=0.06:0
[  582708ms] [LOG] false @ http://static4style.duoduocdn.com/static/pcmain/js/index_main4.v10.js?v=0.06:0
[  612850ms] [LOG] false @ http://static4style.duoduocdn.com/static/pcmain/js/index_main4.v10.js?v=0.06:0
[  642968ms] [LOG] false @ http://static4style.duoduocdn.com/static/pcmain/js/index_main4.v10.js?v=0.06:0
[  673104ms] [LOG] false @ http://static4style.duoduocdn.com/static/pcmain/js/index_main4.v10.js?v=0.06:0
[  703816ms] [LOG] false @ http://static4style.duoduocdn.com/static/pcmain/js/index_main4.v10.js?v=0.06:0
[  734039ms] [LOG] false @ http://static4style.duoduocdn.com/static/pcmain/js/index_main4.v10.js?v=0.06:0
[  765649ms] [LOG] false @ http://static4style.duoduocdn.com/static/pcmain/js/index_main4.v10.js?v=0.06:0
[  795743ms] [LOG] false @ http://static4style.duoduocdn.com/static/pcmain/js/index_main4.v10.js?v=0.06:0
[  825877ms] [LOG] false @ http://static4style.duoduocdn.com/static/pcmain/js/index_main4.v10.js?v=0.06:0
[  856200ms] [LOG] false @ http://static4style.duoduocdn.com/static/pcmain/js/index_main4.v10.js?v=0.06:0
[  886348ms] [LOG] false @ http://static4style.duoduocdn.com/static/pcmain/js/index_main4.v10.js?v=0.06:0
[  916567ms] [LOG] false @ http://static4style.duoduocdn.com/static/pcmain/js/index_main4.v10.js?v=0.06:0
[  946865ms] [LOG] false @ http://static4style.duoduocdn.com/static/pcmain/js/index_main4.v10.js?v=0.06:0
[  976979ms] [LOG] false @ http://static4style.duoduocdn.com/static/pcmain/js/index_main4.v10.js?v=0.06:0
[ 1007708ms] [LOG] false @ http://static4style.duoduocdn.com/static/pcmain/js/index_main4.v10.js?v=0.06:0
[ 1037830ms] [LOG] false @ http://static4style.duoduocdn.com/static/pcmain/js/index_main4.v10.js?v=0.06:0
[ 1067938ms] [LOG] false @ http://static4style.duoduocdn.com/static/pcmain/js/index_main4.v10.js?v=0.06:0
[ 1096899ms] [LOG] li - upup @ http://static4style.duoduocdn.com/static/pcmain/js/index_main4.v10.js?v=0.06:0
[ 1098029ms] [LOG] false @ http://static4style.duoduocdn.com/static/pcmain/js/index_main4.v10.js?v=0.06:0
[ 1128147ms] [LOG] false @ http://static4style.duoduocdn.com/static/pcmain/js/index_main4.v10.js?v=0.06:0
[ 1158328ms] [LOG] false @ http://static4style.duoduocdn.com/static/pcmain/js/index_main4.v10.js?v=0.06:0
[ 1188495ms] [LOG] false @ http://static4style.duoduocdn.com/static/pcmain/js/index_main4.v10.js?v=0.06:0
[ 1219887ms] [LOG] false @ http://static4style.duoduocdn.com/static/pcmain/js/index_main4.v10.js?v=0.06:0
[ 1250120ms] [LOG] false @ http://static4style.duoduocdn.com/static/pcmain/js/index_main4.v10.js?v=0.06:0
[ 1280278ms] [LOG] false @ http://static4style.duoduocdn.com/static/pcmain/js/index_main4.v10.js?v=0.06:0
[ 1310381ms] [LOG] false @ http://static4style.duoduocdn.com/static/pcmain/js/index_main4.v10.js?v=0.06:0
[ 1340604ms] [LOG] false @ http://static4style.duoduocdn.com/static/pcmain/js/index_main4.v10.js?v=0.06:0
[ 1370782ms] [LOG] false @ http://static4style.duoduocdn.com/static/pcmain/js/index_main4.v10.js?v=0.06:0
[ 1401256ms] [LOG] false @ http://static4style.duoduocdn.com/static/pcmain/js/index_main4.v10.js?v=0.06:0
[ 1431368ms] [LOG] false @ http://static4style.duoduocdn.com/static/pcmain/js/index_main4.v10.js?v=0.06:0
[ 1463431ms] [LOG] false @ http://static4style.duoduocdn.com/static/pcmain/js/index_main4.v10.js?v=0.06:0
[ 1493672ms] [LOG] false @ http://static4style.duoduocdn.com/static/pcmain/js/index_main4.v10.js?v=0.06:0
[ 1523822ms] [LOG] false @ http://static4style.duoduocdn.com/static/pcmain/js/index_main4.v10.js?v=0.06:0
[ 1554051ms] [LOG] false @ http://static4style.duoduocdn.com/static/pcmain/js/index_main4.v10.js?v=0.06:0
[ 1585175ms] [LOG] false @ http://static4style.duoduocdn.com/static/pcmain/js/index_main4.v10.js?v=0.06:0
[ 1617037ms] [LOG] false @ http://static4style.duoduocdn.com/static/pcmain/js/index_main4.v10.js?v=0.06:0
[ 1647282ms] [LOG] false @ http://static4style.duoduocdn.com/static/pcmain/js/index_main4.v10.js?v=0.06:0
[ 1677392ms] [LOG] false @ http://static4style.duoduocdn.com/static/pcmain/js/index_main4.v10.js?v=0.06:0
[ 1708067ms] [LOG] false @ http://static4style.duoduocdn.com/static/pcmain/js/index_main4.v10.js?v=0.06:0
