[     142ms] [ERROR] Failed to load resource: the server responded with a status of 502 (Bad Gateway) @ http://pimg1.126.net/caipiao_info/img/library/t24no.png:0
[     153ms] [LOG] -480 @ http://static4style.duoduocdn.com/www/js/2016/bk2016_v2.v5.js?v=0.03:665
[     391ms] [LOG] render @ http://static4style.duoduocdn.com/www/js/2016/comment/pinglun.js?v=20231019:640
[     486ms] [VERBOSE] [DOM] Password field is not contained in a form: (More info: https://goo.gl/9p2vKq) %o @ http://zhibo8.com/zhibo/nba/2026/match1985077v.htm:0
[     656ms] [ERROR] Failed to load resource: the server responded with a status of 404 () @ https://www.zhibo8.com/test/ws.html?room_id=/zhibo/nba/2026/match1985077v.htm:0
[     658ms] [ERROR] Access to XMLHttpRequest at 'https://webstat.qiumibao.com/api/stat' from origin 'http://zhibo8.com' has been blocked by CORS policy: No 'Access-Control-Allow-Origin' header is present on the requested resource. @ http://zhibo8.com/zhibo/nba/2026/match1985077v.htm:0
[     658ms] [ERROR] Failed to load resource: net::ERR_FAILED @ https://webstat.qiumibao.com/api/stat:0
[   47955ms] [LOG] undefined @ http://static4style.duoduocdn.com/www/js/2016/comment/pinglun.js?v=20231019:1130
[   48107ms] [ERROR] Access to XMLHttpRequest at 'http://cache.zhibo8.cc/json/2026/nba/match1985077v_hot.htm?key=0.15421356216619175' from origin 'http://zhibo8.com' has been blocked by CORS policy: No 'Access-Control-Allow-Origin' header is present on the requested resource. @ http://zhibo8.com/zhibo/nba/2026/match1985077v.htm:0
[   48108ms] [ERROR] Failed to load resource: net::ERR_FAILED @ http://cache.zhibo8.cc/json/2026/nba/match1985077v_hot.htm?key=0.15421356216619175:0
[ 1224125ms] [ERROR] Access to XMLHttpRequest at 'http://cache.zhibo8.cc/json/2026/nba/match1985077v_hot.htm?key=0.439567772703072' from origin 'http://zhibo8.com' has been blocked by CORS policy: No 'Access-Control-Allow-Origin' header is present on the requested resource. @ http://zhibo8.com/zhibo/nba/2026/match1985077v.htm:0
[ 1224125ms] [ERROR] Failed to load resource: net::ERR_FAILED @ http://cache.zhibo8.cc/json/2026/nba/match1985077v_hot.htm?key=0.439567772703072:0
[ 1278546ms] [ERROR] Access to XMLHttpRequest at 'http://cache.zhibo8.cc/json/2026/nba/match1985077v_hot.htm?key=0.8160488509694808' from origin 'http://zhibo8.com' has been blocked by CORS policy: No 'Access-Control-Allow-Origin' header is present on the requested resource. @ http://zhibo8.com/zhibo/nba/2026/match1985077v.htm:0
[ 1278547ms] [ERROR] Failed to load resource: net::ERR_FAILED @ http://cache.zhibo8.cc/json/2026/nba/match1985077v_hot.htm?key=0.8160488509694808:0
[ 1650975ms] [ERROR] Access to XMLHttpRequest at 'http://cache.zhibo8.cc/json/2026/nba/match1985077v_hot.htm?key=0.23974615823649437' from origin 'http://zhibo8.com' has been blocked by CORS policy: No 'Access-Control-Allow-Origin' header is present on the requested resource. @ http://zhibo8.com/zhibo/nba/2026/match1985077v.htm:0
[ 1650975ms] [ERROR] Failed to load resource: net::ERR_FAILED @ http://cache.zhibo8.cc/json/2026/nba/match1985077v_hot.htm?key=0.23974615823649437:0
[ 1653973ms] [ERROR] Access to XMLHttpRequest at 'http://cache.zhibo8.cc/json/2026/nba/match1985077v_hot.htm?key=0.7818427004721036' from origin 'http://zhibo8.com' has been blocked by CORS policy: No 'Access-Control-Allow-Origin' header is present on the requested resource. @ http://zhibo8.com/zhibo/nba/2026/match1985077v.htm:0
[ 1653973ms] [ERROR] Failed to load resource: net::ERR_FAILED @ http://cache.zhibo8.cc/json/2026/nba/match1985077v_hot.htm?key=0.7818427004721036:0
[ 1871563ms] [ERROR] Access to XMLHttpRequest at 'http://cache.zhibo8.cc/json/2026/nba/match1985077v_hot.htm?key=0.9841109179262463' from origin 'http://zhibo8.com' has been blocked by CORS policy: No 'Access-Control-Allow-Origin' header is present on the requested resource. @ http://zhibo8.com/zhibo/nba/2026/match1985077v.htm:0
[ 1871564ms] [ERROR] Failed to load resource: net::ERR_FAILED @ http://cache.zhibo8.cc/json/2026/nba/match1985077v_hot.htm?key=0.9841109179262463:0
[ 2034290ms] [ERROR] Access to XMLHttpRequest at 'http://cache.zhibo8.cc/json/2026/nba/match1985077v_hot.htm?key=0.880414784178075' from origin 'http://zhibo8.com' has been blocked by CORS policy: No 'Access-Control-Allow-Origin' header is present on the requested resource. @ http://zhibo8.com/zhibo/nba/2026/match1985077v.htm:0
[ 2034290ms] [ERROR] Failed to load resource: net::ERR_FAILED @ http://cache.zhibo8.cc/json/2026/nba/match1985077v_hot.htm?key=0.880414784178075:0
[ 2660283ms] [ERROR] Access to XMLHttpRequest at 'http://cache.zhibo8.cc/json/2026/nba/match1985077v_hot.htm?key=0.8965664531215571' from origin 'http://zhibo8.com' has been blocked by CORS policy: No 'Access-Control-Allow-Origin' header is present on the requested resource. @ http://zhibo8.com/zhibo/nba/2026/match1985077v.htm:0
[ 2660283ms] [ERROR] Failed to load resource: net::ERR_FAILED @ http://cache.zhibo8.cc/json/2026/nba/match1985077v_hot.htm?key=0.8965664531215571:0
[ 2691679ms] [ERROR] Access to XMLHttpRequest at 'https://webstat.qiumibao.com/api/stat?_env=pc&_platform=pc&_t=1779245881298' from origin 'http://www.zhibo8.com' has been blocked by CORS policy: No 'Access-Control-Allow-Origin' header is present on the requested resource. @ http://www.zhibo8.com/:0
[ 2691679ms] [ERROR] Failed to load resource: net::ERR_FAILED @ https://webstat.qiumibao.com/api/stat?_env=pc&_platform=pc&_t=1779245881298:0
[ 2692449ms] [LOG] li - upup @ http://static4style.duoduocdn.com/static/pcmain/js/index_main4.v10.js?v=0.06:0
[ 2693858ms] [LOG] false @ http://static4style.duoduocdn.com/static/pcmain/js/index_main4.v10.js?v=0.06:0
[ 2695373ms] [LOG] 0 @ http://static4style.duoduocdn.com/static/pcmain/js/index_main4.v10.js?v=0.06:0
[ 2695438ms] [ERROR] Access to XMLHttpRequest at 'https://webstat.qiumibao.com/api/stat?_env=pc&_platform=pc&_t=1779245885211' from origin 'http://www.zhibo8.com' has been blocked by CORS policy: No 'Access-Control-Allow-Origin' header is present on the requested resource. @ http://www.zhibo8.com/:0
[ 2695439ms] [ERROR] Failed to load resource: net::ERR_FAILED @ https://webstat.qiumibao.com/api/stat?_env=pc&_platform=pc&_t=1779245885211:0
[ 2725123ms] [LOG] false @ http://static4style.duoduocdn.com/static/pcmain/js/index_main4.v10.js?v=0.06:0
[ 2743756ms] [LOG] 0 @ http://static4style.duoduocdn.com/static/pcmain/js/index_main4.v10.js?v=0.06:0
[ 2743790ms] [ERROR] Access to XMLHttpRequest at 'https://webstat.qiumibao.com/api/stat?_env=pc&_platform=pc&_t=1779245933593' from origin 'http://www.zhibo8.com' has been blocked by CORS policy: No 'Access-Control-Allow-Origin' header is present on the requested resource. @ http://www.zhibo8.com/:0
[ 2743790ms] [ERROR] Failed to load resource: net::ERR_FAILED @ https://webstat.qiumibao.com/api/stat?_env=pc&_platform=pc&_t=1779245933593:0
[ 2744322ms] [LOG] 0 @ http://static4style.duoduocdn.com/static/pcmain/js/index_main4.v10.js?v=0.06:0
[ 2744380ms] [ERROR] Access to XMLHttpRequest at 'https://webstat.qiumibao.com/api/stat?_env=pc&_platform=pc&_t=1779245934159' from origin 'http://www.zhibo8.com' has been blocked by CORS policy: No 'Access-Control-Allow-Origin' header is present on the requested resource. @ http://www.zhibo8.com/:0
[ 2744380ms] [ERROR] Failed to load resource: net::ERR_FAILED @ https://webstat.qiumibao.com/api/stat?_env=pc&_platform=pc&_t=1779245934159:0
