[      69ms] [INFO] %cDownload the React DevTools for a better development experience: https://react.dev/link/react-devtools font-weight:bold @ http://localhost:5173/node_modules/.vite/deps/react-dom_client.js?v=0b2f40ba:20356
[  200398ms] [INFO] %cDownload the React DevTools for a better development experience: https://react.dev/link/react-devtools font-weight:bold @ http://localhost:5173/node_modules/.vite/deps/react-dom_client.js?v=0b2f40ba:20356
[  248183ms] [INFO] %cDownload the React DevTools for a better development experience: https://react.dev/link/react-devtools font-weight:bold @ http://localhost:5173/node_modules/.vite/deps/react-dom_client.js?v=0b2f40ba:20356
[  354963ms] [INFO] %cDownload the React DevTools for a better development experience: https://react.dev/link/react-devtools font-weight:bold @ http://localhost:5173/node_modules/.vite/deps/react-dom_client.js?v=0b2f40ba:20356
[ 1014526ms] [LOG] [vite] server connection lost. Polling for restart... @ http://localhost:5173/@vite/client:963
[ 1015350ms] [INFO] %cDownload the React DevTools for a better development experience: https://react.dev/link/react-devtools font-weight:bold @ http://localhost:5173/node_modules/.vite/deps/react-dom_client.js?v=0b2f40ba:20356
[ 2709332ms] [LOG] [vite] server connection lost. Polling for restart... @ http://localhost:5173/@vite/client:963
[ 2710108ms] [INFO] %cDownload the React DevTools for a better development experience: https://react.dev/link/react-devtools font-weight:bold @ http://localhost:5173/node_modules/.vite/deps/react-dom_client.js?v=0b2f40ba:20356
[11113264ms] [LOG] [vite] server connection lost. Polling for restart... @ http://localhost:5173/@vite/client:963
[11114078ms] [INFO] %cDownload the React DevTools for a better development experience: https://react.dev/link/react-devtools font-weight:bold @ http://localhost:5173/node_modules/.vite/deps/react-dom_client.js?v=0b2f40ba:20356
[18050071ms] [INFO] %cDownload the React DevTools for a better development experience: https://react.dev/link/react-devtools font-weight:bold @ http://localhost:5173/node_modules/.vite/deps/react-dom_client.js?v=0b2f40ba:20356
[18214890ms] [INFO] %cDownload the React DevTools for a better development experience: https://react.dev/link/react-devtools font-weight:bold @ http://localhost:5173/node_modules/.vite/deps/react-dom_client.js?v=0b2f40ba:20356
[18505577ms] [INFO] %cDownload the React DevTools for a better development experience: https://react.dev/link/react-devtools font-weight:bold @ http://localhost:5173/node_modules/.vite/deps/react-dom_client.js?v=0b2f40ba:20356
[18549403ms] [INFO] %cDownload the React DevTools for a better development experience: https://react.dev/link/react-devtools font-weight:bold @ http://localhost:5173/node_modules/.vite/deps/react-dom_client.js?v=0b2f40ba:20356
[18550850ms] ReferenceError: rerender is not defined
    at Module.handleCraftCuttingMarkerSpreadingEvent (http://localhost:5173/src/pages/process-factory/cutting/marker-spreading.ts?t=1778712813002:5310:5)
    at dispatchPageEvent (http://localhost:5173/src/main.ts?t=1778712813002:167:32)
    at async HTMLDivElement.<anonymous> (http://localhost:5173/src/main.ts?t=1778712813002:632:7)
[18586975ms] [INFO] %cDownload the React DevTools for a better development experience: https://react.dev/link/react-devtools font-weight:bold @ http://localhost:5173/node_modules/.vite/deps/react-dom_client.js?v=0b2f40ba:20356
[18588312ms] ReferenceError: rerender is not defined
    at Module.handleCraftCuttingMarkerSpreadingEvent (http://localhost:5173/src/pages/process-factory/cutting/marker-spreading.ts?t=1778712813002:5310:5)
    at dispatchPageEvent (http://localhost:5173/src/main.ts?t=1778712813002:167:32)
    at async HTMLDivElement.<anonymous> (http://localhost:5173/src/main.ts?t=1778712813002:632:7)
[18627379ms] [INFO] %cDownload the React DevTools for a better development experience: https://react.dev/link/react-devtools font-weight:bold @ http://localhost:5173/node_modules/.vite/deps/react-dom_client.js?v=0b2f40ba:20356
[18712136ms] [INFO] %cDownload the React DevTools for a better development experience: https://react.dev/link/react-devtools font-weight:bold @ http://localhost:5173/node_modules/.vite/deps/react-dom_client.js?v=0b2f40ba:20356
[18713551ms] ReferenceError: rerender is not defined
    at Module.handleCraftCuttingMarkerSpreadingEvent (http://localhost:5173/src/pages/process-factory/cutting/marker-spreading.ts?t=1778713225293:5315:5)
    at dispatchPageEvent (http://localhost:5173/src/main.ts?t=1778713225293:167:32)
    at async HTMLDivElement.<anonymous> (http://localhost:5173/src/main.ts?t=1778713225293:632:7)
[18748194ms] [INFO] %cDownload the React DevTools for a better development experience: https://react.dev/link/react-devtools font-weight:bold @ http://localhost:5173/node_modules/.vite/deps/react-dom_client.js?v=0b2f40ba:20356
[18749582ms] ReferenceError: rerender is not defined
    at Module.handleCraftCuttingMarkerSpreadingEvent (http://localhost:5173/src/pages/process-factory/cutting/marker-spreading.ts?t=1778713225293:5315:5)
    at dispatchPageEvent (http://localhost:5173/src/main.ts?t=1778713225293:167:32)
    at async HTMLDivElement.<anonymous> (http://localhost:5173/src/main.ts?t=1778713225293:632:7)
[18834558ms] [INFO] %cDownload the React DevTools for a better development experience: https://react.dev/link/react-devtools font-weight:bold @ http://localhost:5173/node_modules/.vite/deps/react-dom_client.js?v=0b2f40ba:20356
[19008060ms] [INFO] %cDownload the React DevTools for a better development experience: https://react.dev/link/react-devtools font-weight:bold @ http://localhost:5173/node_modules/.vite/deps/react-dom_client.js?v=0b2f40ba:20356
[19062742ms] [INFO] %cDownload the React DevTools for a better development experience: https://react.dev/link/react-devtools font-weight:bold @ http://localhost:5173/node_modules/.vite/deps/react-dom_client.js?v=0b2f40ba:20356
[19224028ms] [INFO] %cDownload the React DevTools for a better development experience: https://react.dev/link/react-devtools font-weight:bold @ http://localhost:5173/node_modules/.vite/deps/react-dom_client.js?v=0b2f40ba:20356
[19224215ms] [INFO] %cDownload the React DevTools for a better development experience: https://react.dev/link/react-devtools font-weight:bold @ http://localhost:5173/node_modules/.vite/deps/react-dom_client.js?v=0b2f40ba:20356
[19254572ms] [INFO] %cDownload the React DevTools for a better development experience: https://react.dev/link/react-devtools font-weight:bold @ http://localhost:5173/node_modules/.vite/deps/react-dom_client.js?v=0b2f40ba:20356
[19314383ms] [INFO] %cDownload the React DevTools for a better development experience: https://react.dev/link/react-devtools font-weight:bold @ http://localhost:5173/node_modules/.vite/deps/react-dom_client.js?v=0b2f40ba:20356
[19763547ms] [INFO] %cDownload the React DevTools for a better development experience: https://react.dev/link/react-devtools font-weight:bold @ http://localhost:5173/node_modules/.vite/deps/react-dom_client.js?v=0b2f40ba:20356
[19897208ms] [INFO] %cDownload the React DevTools for a better development experience: https://react.dev/link/react-devtools font-weight:bold @ http://localhost:5173/node_modules/.vite/deps/react-dom_client.js?v=0b2f40ba:20356
[19901510ms] [INFO] %cDownload the React DevTools for a better development experience: https://react.dev/link/react-devtools font-weight:bold @ http://localhost:5173/node_modules/.vite/deps/react-dom_client.js?v=0b2f40ba:20356
[19978792ms] [INFO] %cDownload the React DevTools for a better development experience: https://react.dev/link/react-devtools font-weight:bold @ http://localhost:5173/node_modules/.vite/deps/react-dom_client.js?v=0b2f40ba:20356
[20053519ms] [INFO] %cDownload the React DevTools for a better development experience: https://react.dev/link/react-devtools font-weight:bold @ http://localhost:5173/node_modules/.vite/deps/react-dom_client.js?v=0b2f40ba:20356
[20178908ms] [INFO] %cDownload the React DevTools for a better development experience: https://react.dev/link/react-devtools font-weight:bold @ http://localhost:5173/node_modules/.vite/deps/react-dom_client.js?v=0b2f40ba:20356
[20643317ms] [INFO] %cDownload the React DevTools for a better development experience: https://react.dev/link/react-devtools font-weight:bold @ http://localhost:5173/node_modules/.vite/deps/react-dom_client.js?v=0b2f40ba:20356
[20690021ms] [INFO] %cDownload the React DevTools for a better development experience: https://react.dev/link/react-devtools font-weight:bold @ http://localhost:5173/node_modules/.vite/deps/react-dom_client.js?v=0b2f40ba:20356
[20715739ms] [INFO] %cDownload the React DevTools for a better development experience: https://react.dev/link/react-devtools font-weight:bold @ http://localhost:5173/node_modules/.vite/deps/react-dom_client.js?v=0b2f40ba:20356
[20745575ms] [INFO] %cDownload the React DevTools for a better development experience: https://react.dev/link/react-devtools font-weight:bold @ http://localhost:5173/node_modules/.vite/deps/react-dom_client.js?v=0b2f40ba:20356
[20830885ms] [INFO] %cDownload the React DevTools for a better development experience: https://react.dev/link/react-devtools font-weight:bold @ http://localhost:5173/node_modules/.vite/deps/react-dom_client.js?v=0b2f40ba:20356
[20835358ms] RangeError: Maximum call stack size exceeded
    at buildPdaExecTasksByStatus (http://localhost:5173/src/pages/pda-exec.ts?t=1778715313907:386:25)
    at buildPdaExecTasksByStatus (http://localhost:5173/src/pages/pda-exec.ts?t=1778715313907:386:25)
    at buildPdaExecTasksByStatus (http://localhost:5173/src/pages/pda-exec.ts?t=1778715313907:386:25)
    at buildPdaExecTasksByStatus (http://localhost:5173/src/pages/pda-exec.ts?t=1778715313907:386:25)
    at buildPdaExecTasksByStatus (http://localhost:5173/src/pages/pda-exec.ts?t=1778715313907:386:25)
    at buildPdaExecTasksByStatus (http://localhost:5173/src/pages/pda-exec.ts?t=1778715313907:386:25)
    at buildPdaExecTasksByStatus (http://localhost:5173/src/pages/pda-exec.ts?t=1778715313907:386:25)
    at buildPdaExecTasksByStatus (http://localhost:5173/src/pages/pda-exec.ts?t=1778715313907:386:25)
    at buildPdaExecTasksByStatus (http://localhost:5173/src/pages/pda-exec.ts?t=1778715313907:386:25)
    at buildPdaExecTasksByStatus (http://localhost:5173/src/pages/pda-exec.ts?t=1778715313907:386:25)
[20835498ms] RangeError: Maximum call stack size exceeded
    at buildPdaExecTasksByStatus (http://localhost:5173/src/pages/pda-exec.ts?t=1778715313907:386:25)
    at buildPdaExecTasksByStatus (http://localhost:5173/src/pages/pda-exec.ts?t=1778715313907:386:25)
    at buildPdaExecTasksByStatus (http://localhost:5173/src/pages/pda-exec.ts?t=1778715313907:386:25)
    at buildPdaExecTasksByStatus (http://localhost:5173/src/pages/pda-exec.ts?t=1778715313907:386:25)
    at buildPdaExecTasksByStatus (http://localhost:5173/src/pages/pda-exec.ts?t=1778715313907:386:25)
    at buildPdaExecTasksByStatus (http://localhost:5173/src/pages/pda-exec.ts?t=1778715313907:386:25)
    at buildPdaExecTasksByStatus (http://localhost:5173/src/pages/pda-exec.ts?t=1778715313907:386:25)
    at buildPdaExecTasksByStatus (http://localhost:5173/src/pages/pda-exec.ts?t=1778715313907:386:25)
    at buildPdaExecTasksByStatus (http://localhost:5173/src/pages/pda-exec.ts?t=1778715313907:386:25)
    at buildPdaExecTasksByStatus (http://localhost:5173/src/pages/pda-exec.ts?t=1778715313907:386:25)
[20928733ms] [INFO] %cDownload the React DevTools for a better development experience: https://react.dev/link/react-devtools font-weight:bold @ http://localhost:5173/node_modules/.vite/deps/react-dom_client.js?v=0b2f40ba:20356
[21016437ms] [INFO] %cDownload the React DevTools for a better development experience: https://react.dev/link/react-devtools font-weight:bold @ http://localhost:5173/node_modules/.vite/deps/react-dom_client.js?v=0b2f40ba:20356
[21021045ms] RangeError: Maximum call stack size exceeded
    at buildPdaExecTasksByStatus (http://localhost:5173/src/pages/pda-exec.ts?t=1778715313907:386:25)
    at buildPdaExecTasksByStatus (http://localhost:5173/src/pages/pda-exec.ts?t=1778715313907:386:25)
    at buildPdaExecTasksByStatus (http://localhost:5173/src/pages/pda-exec.ts?t=1778715313907:386:25)
    at buildPdaExecTasksByStatus (http://localhost:5173/src/pages/pda-exec.ts?t=1778715313907:386:25)
    at buildPdaExecTasksByStatus (http://localhost:5173/src/pages/pda-exec.ts?t=1778715313907:386:25)
    at buildPdaExecTasksByStatus (http://localhost:5173/src/pages/pda-exec.ts?t=1778715313907:386:25)
    at buildPdaExecTasksByStatus (http://localhost:5173/src/pages/pda-exec.ts?t=1778715313907:386:25)
    at buildPdaExecTasksByStatus (http://localhost:5173/src/pages/pda-exec.ts?t=1778715313907:386:25)
    at buildPdaExecTasksByStatus (http://localhost:5173/src/pages/pda-exec.ts?t=1778715313907:386:25)
    at buildPdaExecTasksByStatus (http://localhost:5173/src/pages/pda-exec.ts?t=1778715313907:386:25)
[21021183ms] RangeError: Maximum call stack size exceeded
    at buildPdaExecTasksByStatus (http://localhost:5173/src/pages/pda-exec.ts?t=1778715313907:386:25)
    at buildPdaExecTasksByStatus (http://localhost:5173/src/pages/pda-exec.ts?t=1778715313907:386:25)
    at buildPdaExecTasksByStatus (http://localhost:5173/src/pages/pda-exec.ts?t=1778715313907:386:25)
    at buildPdaExecTasksByStatus (http://localhost:5173/src/pages/pda-exec.ts?t=1778715313907:386:25)
    at buildPdaExecTasksByStatus (http://localhost:5173/src/pages/pda-exec.ts?t=1778715313907:386:25)
    at buildPdaExecTasksByStatus (http://localhost:5173/src/pages/pda-exec.ts?t=1778715313907:386:25)
    at buildPdaExecTasksByStatus (http://localhost:5173/src/pages/pda-exec.ts?t=1778715313907:386:25)
    at buildPdaExecTasksByStatus (http://localhost:5173/src/pages/pda-exec.ts?t=1778715313907:386:25)
    at buildPdaExecTasksByStatus (http://localhost:5173/src/pages/pda-exec.ts?t=1778715313907:386:25)
    at buildPdaExecTasksByStatus (http://localhost:5173/src/pages/pda-exec.ts?t=1778715313907:386:25)
[21128296ms] [INFO] %cDownload the React DevTools for a better development experience: https://react.dev/link/react-devtools font-weight:bold @ http://localhost:5173/node_modules/.vite/deps/react-dom_client.js?v=0b2f40ba:20356
[21218054ms] [INFO] %cDownload the React DevTools for a better development experience: https://react.dev/link/react-devtools font-weight:bold @ http://localhost:5173/node_modules/.vite/deps/react-dom_client.js?v=0b2f40ba:20356
[21222505ms] RangeError: Maximum call stack size exceeded
    at buildPdaExecTasksByStatus (http://localhost:5173/src/pages/pda-exec.ts?t=1778715313907:386:25)
    at buildPdaExecTasksByStatus (http://localhost:5173/src/pages/pda-exec.ts?t=1778715313907:386:25)
    at buildPdaExecTasksByStatus (http://localhost:5173/src/pages/pda-exec.ts?t=1778715313907:386:25)
    at buildPdaExecTasksByStatus (http://localhost:5173/src/pages/pda-exec.ts?t=1778715313907:386:25)
    at buildPdaExecTasksByStatus (http://localhost:5173/src/pages/pda-exec.ts?t=1778715313907:386:25)
    at buildPdaExecTasksByStatus (http://localhost:5173/src/pages/pda-exec.ts?t=1778715313907:386:25)
    at buildPdaExecTasksByStatus (http://localhost:5173/src/pages/pda-exec.ts?t=1778715313907:386:25)
    at buildPdaExecTasksByStatus (http://localhost:5173/src/pages/pda-exec.ts?t=1778715313907:386:25)
    at buildPdaExecTasksByStatus (http://localhost:5173/src/pages/pda-exec.ts?t=1778715313907:386:25)
    at buildPdaExecTasksByStatus (http://localhost:5173/src/pages/pda-exec.ts?t=1778715313907:386:25)
[21222629ms] RangeError: Maximum call stack size exceeded
    at buildPdaExecTasksByStatus (http://localhost:5173/src/pages/pda-exec.ts?t=1778715313907:386:25)
    at buildPdaExecTasksByStatus (http://localhost:5173/src/pages/pda-exec.ts?t=1778715313907:386:25)
    at buildPdaExecTasksByStatus (http://localhost:5173/src/pages/pda-exec.ts?t=1778715313907:386:25)
    at buildPdaExecTasksByStatus (http://localhost:5173/src/pages/pda-exec.ts?t=1778715313907:386:25)
    at buildPdaExecTasksByStatus (http://localhost:5173/src/pages/pda-exec.ts?t=1778715313907:386:25)
    at buildPdaExecTasksByStatus (http://localhost:5173/src/pages/pda-exec.ts?t=1778715313907:386:25)
    at buildPdaExecTasksByStatus (http://localhost:5173/src/pages/pda-exec.ts?t=1778715313907:386:25)
    at buildPdaExecTasksByStatus (http://localhost:5173/src/pages/pda-exec.ts?t=1778715313907:386:25)
    at buildPdaExecTasksByStatus (http://localhost:5173/src/pages/pda-exec.ts?t=1778715313907:386:25)
    at buildPdaExecTasksByStatus (http://localhost:5173/src/pages/pda-exec.ts?t=1778715313907:386:25)
[21844080ms] [LOG] [vite] server connection lost. Polling for restart... @ http://localhost:5173/@vite/client:963
[21845048ms] [INFO] %cDownload the React DevTools for a better development experience: https://react.dev/link/react-devtools font-weight:bold @ http://localhost:5173/node_modules/.vite/deps/react-dom_client.js?v=0b2f40ba:20356
[21847665ms] [LOG] [vite] server connection lost. Polling for restart... @ http://localhost:5173/@vite/client:963
[21848196ms] [INFO] %cDownload the React DevTools for a better development experience: https://react.dev/link/react-devtools font-weight:bold @ http://localhost:5173/node_modules/.vite/deps/react-dom_client.js?v=0b2f40ba:20356
[25883091ms] [LOG] [vite] server connection lost. Polling for restart... @ http://localhost:5173/@vite/client:963
[25883655ms] [INFO] %cDownload the React DevTools for a better development experience: https://react.dev/link/react-devtools font-weight:bold @ http://localhost:5173/node_modules/.vite/deps/react-dom_client.js?v=0b2f40ba:20356
[29232408ms] [INFO] %cDownload the React DevTools for a better development experience: https://react.dev/link/react-devtools font-weight:bold @ http://localhost:5173/node_modules/.vite/deps/react-dom_client.js?v=0b2f40ba:20356
[29259477ms] [INFO] %cDownload the React DevTools for a better development experience: https://react.dev/link/react-devtools font-weight:bold @ http://localhost:5173/node_modules/.vite/deps/react-dom_client.js?v=0b2f40ba:20356
[29284488ms] [INFO] %cDownload the React DevTools for a better development experience: https://react.dev/link/react-devtools font-weight:bold @ http://localhost:5173/node_modules/.vite/deps/react-dom_client.js?v=0b2f40ba:20356
[29315539ms] [INFO] %cDownload the React DevTools for a better development experience: https://react.dev/link/react-devtools font-weight:bold @ http://localhost:5173/node_modules/.vite/deps/react-dom_client.js?v=0b2f40ba:20356
[30173361ms] [INFO] %cDownload the React DevTools for a better development experience: https://react.dev/link/react-devtools font-weight:bold @ http://localhost:5173/node_modules/.vite/deps/react-dom_client.js?v=0b2f40ba:20356
[30209887ms] [INFO] %cDownload the React DevTools for a better development experience: https://react.dev/link/react-devtools font-weight:bold @ http://localhost:5173/node_modules/.vite/deps/react-dom_client.js?v=0b2f40ba:20356
[30240209ms] [INFO] %cDownload the React DevTools for a better development experience: https://react.dev/link/react-devtools font-weight:bold @ http://localhost:5173/node_modules/.vite/deps/react-dom_client.js?v=0b2f40ba:20356
[30270276ms] [INFO] %cDownload the React DevTools for a better development experience: https://react.dev/link/react-devtools font-weight:bold @ http://localhost:5173/node_modules/.vite/deps/react-dom_client.js?v=0b2f40ba:20356
[34283821ms] [INFO] %cDownload the React DevTools for a better development experience: https://react.dev/link/react-devtools font-weight:bold @ http://localhost:5173/node_modules/.vite/deps/react-dom_client.js?v=0b2f40ba:20356
[34789706ms] [INFO] %cDownload the React DevTools for a better development experience: https://react.dev/link/react-devtools font-weight:bold @ http://localhost:5173/node_modules/.vite/deps/react-dom_client.js?v=0b2f40ba:20356
[34900450ms] [INFO] %cDownload the React DevTools for a better development experience: https://react.dev/link/react-devtools font-weight:bold @ http://localhost:5173/node_modules/.vite/deps/react-dom_client.js?v=0b2f40ba:20356
[35047026ms] [INFO] %cDownload the React DevTools for a better development experience: https://react.dev/link/react-devtools font-weight:bold @ http://localhost:5173/node_modules/.vite/deps/react-dom_client.js?v=0b2f40ba:20356
[35605905ms] [INFO] %cDownload the React DevTools for a better development experience: https://react.dev/link/react-devtools font-weight:bold @ http://localhost:5173/node_modules/.vite/deps/react-dom_client.js?v=0b2f40ba:20356
[35623500ms] [INFO] %cDownload the React DevTools for a better development experience: https://react.dev/link/react-devtools font-weight:bold @ http://localhost:5173/node_modules/.vite/deps/react-dom_client.js?v=0b2f40ba:20356
[35635015ms] [INFO] %cDownload the React DevTools for a better development experience: https://react.dev/link/react-devtools font-weight:bold @ http://localhost:5173/node_modules/.vite/deps/react-dom_client.js?v=0b2f40ba:20356
[35889825ms] [INFO] %cDownload the React DevTools for a better development experience: https://react.dev/link/react-devtools font-weight:bold @ http://localhost:5173/node_modules/.vite/deps/react-dom_client.js?v=0b2f40ba:20356
[35983127ms] [INFO] %cDownload the React DevTools for a better development experience: https://react.dev/link/react-devtools font-weight:bold @ http://localhost:5173/node_modules/.vite/deps/react-dom_client.js?v=0b2f40ba:20356
[36363536ms] [INFO] %cDownload the React DevTools for a better development experience: https://react.dev/link/react-devtools font-weight:bold @ http://localhost:5173/node_modules/.vite/deps/react-dom_client.js?v=0b2f40ba:20356
