[      76ms] [LOG] %c..........^♥♥♥♥♥♥♥♥♥♥♥♥♥♥♥♥♥♥♥♥♥♥♥♥♥♥♥♥♥♥♥♥♥♥♥♥♥♥♥♥♥♥♥♥♥♥♥♥♥♥♥♥♥♥♥♥♥^..........
........,♥♥♥♥♥♥♥♥♥♥♥♥♥♥♥♥♥♥♥♥♥♥♥♥♥♥♥♥♥♥♥♥♥♥♥♥♥♥♥♥♥♥♥♥♥♥♥♥♥♥♥♥♥♥♥♥♥♥♥♥♥^........
........=♥♥♥♥♥♥♥♥♥♥♥♥♥♥♥♥♥♥♥♥♥♥♥♥♥♥♥♥♥♥♥♥♥♥♥♥♥♥♥♥♥♥♥♥♥♥♥♥♥♥♥♥♥♥♥♥♥♥♥♥♥^........
........=♥♥♥♥♥♥♥♥♥♥♥^.........♥♥♥♥♥♥........................♥♥♥♥♥♥♥♥♥♥^........
........=♥♥♥♥♥♥♥♥♥♥♥^.........♥♥♥♥♥♥........................♥♥♥♥♥♥♥♥♥♥^........
........=♥♥♥♥♥♥♥♥♥♥♥^.........♥♥♥♥♥♥........................♥♥♥♥♥♥♥♥♥♥^........
........=♥♥♥♥♥♥♥♥♥♥♥^.........♥♥♥♥♥♥♥♥♥♥♥♥♥^.........♥♥♥♥♥♥♥♥♥♥♥♥♥♥♥♥♥^........
........=♥♥♥♥♥♥♥♥♥♥♥^.........♥♥♥♥♥♥♥♥♥♥♥♥♥^.........♥♥♥♥♥♥♥♥♥♥♥♥♥♥♥♥♥^........
........=♥♥♥♥♥♥♥♥♥♥♥^.........♥♥♥♥♥♥♥♥♥♥♥♥♥^.........♥♥♥♥♥♥♥♥♥♥♥♥♥♥♥♥♥^........
........=♥♥♥♥♥♥♥♥♥♥♥^.........♥♥♥♥♥♥♥♥♥♥♥♥♥^.........♥♥♥♥♥♥♥♥♥♥♥♥♥♥♥♥♥^........
........=♥♥♥♥♥♥♥♥♥♥♥^.........♥♥♥♥♥♥♥♥♥♥♥♥♥^.........♥♥♥♥♥♥♥♥♥♥♥♥♥♥♥♥♥^........
........=♥♥♥♥♥♥♥♥♥♥♥^.........♥♥♥♥♥♥♥♥♥♥♥♥♥^.........♥♥♥♥♥♥♥♥♥♥♥♥♥♥♥♥♥^........
........=♥♥♥♥♥♥♥♥♥♥♥^.........♥♥♥♥♥♥♥♥♥♥♥♥♥^.........♥♥♥♥♥♥♥♥♥♥♥♥♥♥♥♥♥^........
........=♥♥♥♥♥♥♥♥♥♥♥^.........♥♥♥♥♥♥♥♥♥♥♥♥♥^.........♥♥♥♥♥♥♥♥♥♥♥♥♥♥♥♥♥^........
........=♥♥♥♥♥♥♥♥♥♥♥♥♥♥♥♥♥♥♥♥♥♥♥♥♥♥♥♥♥♥♥♥♥♥^%cI.LIKE.IT%c♥♥♥♥♥♥♥♥♥♥♥♥♥♥♥♥♥^........
........=♥♥♥♥♥♥♥♥♥♥♥♥♥♥♥♥♥♥♥♥♥♥♥♥♥♥♥♥♥♥♥♥♥♥♥♥♥♥♥♥♥♥♥♥♥♥♥♥♥♥♥♥♥♥♥♥♥♥♥♥♥^........
.........♥♥♥♥♥♥♥♥♥♥♥♥♥♥♥♥♥♥♥♥♥♥♥♥♥♥♥♥♥♥♥♥♥♥♥♥♥♥♥♥♥♥♥♥♥♥♥♥♥♥♥♥♥♥♥♥♥♥♥♥^.........
...........................................,♥♥♥♥♥♥♥♥♥♥♥........................
..............................................♥♥♥♥♥♥♥♥♥........................
.................................................♥♥♥♥♥♥........................
...................................................,♥♥♥........................
......... 有兴趣加入IT之家开发团队？可发送您的简历至邮箱：lihuijie@ruanmei.com
......... 招聘岗位：.Net后端、安卓/iOS移动开发、UI设计。期待您的来信~
............................................................................... color:#000 color:#d22222;font-weight:bold; color:#000 @ https://img.ithome.com/file/js/v2.3/common.js?t=20240112:520
[      77ms] [WARNING] document.domain mutation is ignored because the surrounding agent cluster is origin-keyed. @ https://img.ithome.com/file/js/site.min.js?v=2.25.231124:0
[     242ms] [ERROR] Access to fetch at 'https://napi.ithome.com/api/douyin/GetLiveInfo' from origin 'https://lapin.ithome.com' has been blocked by CORS policy: No 'Access-Control-Allow-Origin' header is present on the requested resource. @ https://lapin.ithome.com/html/digi/948494.htm:0
[     243ms] [ERROR] Failed to load resource: net::ERR_FAILED @ https://napi.ithome.com/api/douyin/GetLiveInfo:0
[   22319ms] [LOG] cloader v1.2 @ https://img.ithome.com/file/js/comment/comment.es5.min.js?v=1.1.202505211142:0
