[      83ms] [INFO] %cDownload the React DevTools for a better development experience: https://react.dev/link/react-devtools font-weight:bold @ http://localhost:5173/node_modules/.vite/deps/react-dom_client.js?v=0b2f40ba:20356
[     953ms] TypeError: Cannot read properties of undefined (reading 'length')
    at http://localhost:5173/src/pages/process-factory/post-finishing/warehouse.ts?t=1778552597844:122:86
    at Array.reduce (<anonymous>)
    at renderPostWarehouseSummary (http://localhost:5173/src/pages/process-factory/post-finishing/warehouse.ts?t=1778552597844:122:33)
    at renderPostWarehousePage (http://localhost:5173/src/pages/process-factory/post-finishing/warehouse.ts?t=1778552597844:335:9)
    at renderPostFinishingWaitProcessWarehousePage (http://localhost:5173/src/pages/process-factory/post-finishing/warehouse.ts?t=1778552597844:346:10)
    at http://localhost:5173/src/router/route-renderers-fcs.ts?t=1778552597844:15:12
    at async resolvePage (http://localhost:5173/src/router/routes.ts?t=1778552597844:119:28)
    at async render (http://localhost:5173/src/main.ts?t=1778552597844:274:23)
[   81877ms] [INFO] %cDownload the React DevTools for a better development experience: https://react.dev/link/react-devtools font-weight:bold @ http://localhost:5173/node_modules/.vite/deps/react-dom_client.js?v=0b2f40ba:20356
[   83029ms] TypeError: Cannot read properties of undefined (reading 'pageSize')
    at paginatePostRows (http://localhost:5173/src/pages/process-factory/post-finishing/shared.ts?t=1778551508792:83:28)
    at renderInventoryTable (http://localhost:5173/src/pages/process-factory/post-finishing/warehouse.ts?t=1778553049799:144:22)
    at renderActiveTab (http://localhost:5173/src/pages/process-factory/post-finishing/warehouse.ts?t=1778553049799:321:41)
    at renderPostWarehousePage (http://localhost:5173/src/pages/process-factory/post-finishing/warehouse.ts?t=1778553049799:339:13)
    at renderPostFinishingWaitProcessWarehousePage (http://localhost:5173/src/pages/process-factory/post-finishing/warehouse.ts?t=1778553049799:346:10)
    at http://localhost:5173/src/router/route-renderers-fcs.ts?t=1778553049799:15:12
    at async resolvePage (http://localhost:5173/src/router/routes.ts?t=1778553049799:119:28)
    at async render (http://localhost:5173/src/main.ts?t=1778553049799:274:23)
