[      90ms] [INFO] %cDownload the React DevTools for a better development experience: https://react.dev/link/react-devtools font-weight:bold @ http://localhost:5173/node_modules/.vite/deps/react-dom_client.js?v=0b2f40ba:20356
[     935ms] TypeError: Cannot read properties of undefined (reading 'pageSize')
    at paginatePostRows (http://localhost:5173/src/pages/process-factory/post-finishing/shared.ts?t=1778551508792:83:28)
    at renderInventoryTable (http://localhost:5173/src/pages/process-factory/post-finishing/warehouse.ts?t=1778553049799:144:22)
    at renderActiveTab (http://localhost:5173/src/pages/process-factory/post-finishing/warehouse.ts?t=1778553049799:321:41)
    at renderPostWarehousePage (http://localhost:5173/src/pages/process-factory/post-finishing/warehouse.ts?t=1778553049799:339:13)
    at renderPostFinishingWaitProcessWarehousePage (http://localhost:5173/src/pages/process-factory/post-finishing/warehouse.ts?t=1778553049799:346:10)
    at http://localhost:5173/src/router/route-renderers-fcs.ts?t=1778553049799:15:12
    at async resolvePage (http://localhost:5173/src/router/routes.ts?t=1778553049799:119:28)
    at async render (http://localhost:5173/src/main.ts?t=1778553049799:274:23)
[  135345ms] [INFO] %cDownload the React DevTools for a better development experience: https://react.dev/link/react-devtools font-weight:bold @ http://localhost:5173/node_modules/.vite/deps/react-dom_client.js?v=0b2f40ba:20356
[  136477ms] TypeError: Cannot read properties of undefined (reading 'filter')
    at uniqueOptions (http://localhost:5173/src/pages/process-factory/post-finishing/shared.ts?t=1778551508792:113:36)
    at renderPostFilterPanel (http://localhost:5173/src/pages/process-factory/post-finishing/shared.ts?t=1778551508792:121:35)
    at renderFilterArea (http://localhost:5173/src/pages/process-factory/post-finishing/warehouse.ts?t=1778553233500:134:10)
    at renderInventoryTable (http://localhost:5173/src/pages/process-factory/post-finishing/warehouse.ts?t=1778553233500:164:8)
    at renderActiveTab (http://localhost:5173/src/pages/process-factory/post-finishing/warehouse.ts?t=1778553233500:321:41)
    at renderPostWarehousePage (http://localhost:5173/src/pages/process-factory/post-finishing/warehouse.ts?t=1778553233500:339:13)
    at renderPostFinishingWaitProcessWarehousePage (http://localhost:5173/src/pages/process-factory/post-finishing/warehouse.ts?t=1778553233500:346:10)
    at http://localhost:5173/src/router/route-renderers-fcs.ts?t=1778553233500:15:12
    at async resolvePage (http://localhost:5173/src/router/routes.ts?t=1778553233500:119:28)
    at async render (http://localhost:5173/src/main.ts?t=1778553233500:274:23)
